[2024-11-20 03:39:11] Error: [2] Undefined variable $prod_id - C:\Users\jesma\Desktop\inventory_system\yros-main\inventory_system\views\pages\checkout.php:827
[2024-11-20 03:39:11] Error: [2] Undefined variable $prod_id - C:\Users\jesma\Desktop\inventory_system\yros-main\inventory_system\views\pages\checkout.php:827
[2024-11-20 03:39:11] Error: [2] Undefined variable $prod_id - C:\Users\jesma\Desktop\inventory_system\yros-main\inventory_system\views\pages\checkout.php:827
[2024-11-20 03:39:11] Error: [2] Undefined variable $prod_id - C:\Users\jesma\Desktop\inventory_system\yros-main\inventory_system\views\pages\checkout.php:827
[2024-11-20 03:39:12] Error: [2] Undefined variable $prod_id - C:\Users\jesma\Desktop\inventory_system\yros-main\inventory_system\views\pages\checkout.php:827
[2024-11-20 03:56:04] Error: [2] Undefined variable $id - C:\Users\jesma\Desktop\inventory_system\yros-main\inventory_system\views\pages\categorylist.php:161
[2024-11-20 03:56:04] Error: [2] Undefined variable $id - C:\Users\jesma\Desktop\inventory_system\yros-main\inventory_system\views\pages\categorylist.php:161
[2024-11-20 04:02:53] Error: [2] Undefined variable $id - C:\Users\jesma\Desktop\inventory_system\yros-main\inventory_system\views\pages\categorylist.php:161
[2024-11-20 04:02:53] Error: [2] Undefined variable $id - C:\Users\jesma\Desktop\inventory_system\yros-main\inventory_system\views\pages\categorylist.php:161
[2024-11-20 04:05:31] Error: [2] Undefined variable $id - C:\Users\jesma\Desktop\inventory_system\yros-main\inventory_system\views\pages\categorylist.php:161
[2024-11-20 04:05:31] Error: [2] Undefined variable $id - C:\Users\jesma\Desktop\inventory_system\yros-main\inventory_system\views\pages\categorylist.php:161
[2024-11-20 04:06:07] Error: [2] Undefined variable $id - C:\Users\jesma\Desktop\inventory_system\yros-main\inventory_system\views\pages\categorylist.php:161
[2024-11-20 04:06:07] Error: [2] Undefined variable $id - C:\Users\jesma\Desktop\inventory_system\yros-main\inventory_system\views\pages\categorylist.php:161
[2024-11-20 10:00:45] Error: [2] Undefined variable $id - C:\Users\jesma\Desktop\inventory_system\yros-main\inventory_system\views\pages\categorylist.php:161
[2024-11-20 10:00:45] Error: [2] Undefined variable $id - C:\Users\jesma\Desktop\inventory_system\yros-main\inventory_system\views\pages\categorylist.php:161
[2024-11-20 10:32:42] Error: [2] Undefined array key "Product_id" - C:\Users\jesma\Desktop\inventory_system\yros-main\inventory_system\views\pages\checkout.php:643
[2024-11-20 10:32:42] Error: [2] Undefined array key "satatus" - C:\Users\jesma\Desktop\inventory_system\yros-main\inventory_system\views\pages\checkout.php:645
[2024-11-20 10:32:42] Error: [2] Undefined array key "Product_id" - C:\Users\jesma\Desktop\inventory_system\yros-main\inventory_system\views\pages\checkout.php:643
[2024-11-20 10:32:42] Error: [2] Undefined array key "satatus" - C:\Users\jesma\Desktop\inventory_system\yros-main\inventory_system\views\pages\checkout.php:645
[2024-11-20 10:32:42] Error: [2] Undefined array key "Product_id" - C:\Users\jesma\Desktop\inventory_system\yros-main\inventory_system\views\pages\checkout.php:643
[2024-11-20 10:32:42] Error: [2] Undefined array key "satatus" - C:\Users\jesma\Desktop\inventory_system\yros-main\inventory_system\views\pages\checkout.php:645
[2024-11-20 10:33:03] Error: [2] Undefined array key "Product_id" - C:\Users\jesma\Desktop\inventory_system\yros-main\inventory_system\views\pages\checkout.php:643
[2024-11-20 10:33:03] Error: [2] Undefined array key "satatus" - C:\Users\jesma\Desktop\inventory_system\yros-main\inventory_system\views\pages\checkout.php:645
[2024-11-20 10:33:03] Error: [2] Undefined array key "Product_id" - C:\Users\jesma\Desktop\inventory_system\yros-main\inventory_system\views\pages\checkout.php:643
[2024-11-20 10:33:03] Error: [2] Undefined array key "satatus" - C:\Users\jesma\Desktop\inventory_system\yros-main\inventory_system\views\pages\checkout.php:645
[2024-11-20 10:33:03] Error: [2] Undefined array key "Product_id" - C:\Users\jesma\Desktop\inventory_system\yros-main\inventory_system\views\pages\checkout.php:643
[2024-11-20 10:33:03] Error: [2] Undefined array key "satatus" - C:\Users\jesma\Desktop\inventory_system\yros-main\inventory_system\views\pages\checkout.php:645
[2024-11-20 10:33:03] Error: [2] Undefined array key "Product_id" - C:\Users\jesma\Desktop\inventory_system\yros-main\inventory_system\views\pages\checkout.php:643
[2024-11-20 10:33:03] Error: [2] Undefined array key "satatus" - C:\Users\jesma\Desktop\inventory_system\yros-main\inventory_system\views\pages\checkout.php:645
[2024-11-20 10:35:48] Error: [2] Undefined array key "Product_id" - C:\Users\jesma\Desktop\inventory_system\yros-main\inventory_system\views\pages\checkout.php:643
[2024-11-20 10:35:48] Error: [2] Undefined array key "satatus" - C:\Users\jesma\Desktop\inventory_system\yros-main\inventory_system\views\pages\checkout.php:645
[2024-11-20 10:35:48] Error: [2] Undefined array key "Product_id" - C:\Users\jesma\Desktop\inventory_system\yros-main\inventory_system\views\pages\checkout.php:643
[2024-11-20 10:35:48] Error: [2] Undefined array key "satatus" - C:\Users\jesma\Desktop\inventory_system\yros-main\inventory_system\views\pages\checkout.php:645
[2024-11-20 10:35:48] Error: [2] Undefined array key "Product_id" - C:\Users\jesma\Desktop\inventory_system\yros-main\inventory_system\views\pages\checkout.php:643
[2024-11-20 10:35:48] Error: [2] Undefined array key "satatus" - C:\Users\jesma\Desktop\inventory_system\yros-main\inventory_system\views\pages\checkout.php:645
[2024-11-20 10:35:48] Error: [2] Undefined array key "Product_id" - C:\Users\jesma\Desktop\inventory_system\yros-main\inventory_system\views\pages\checkout.php:643
[2024-11-20 10:35:48] Error: [2] Undefined array key "satatus" - C:\Users\jesma\Desktop\inventory_system\yros-main\inventory_system\views\pages\checkout.php:645
[2024-11-20 10:36:46] Error: [2] Undefined array key "Product_id" - C:\Users\jesma\Desktop\inventory_system\yros-main\inventory_system\views\pages\checkout.php:643
[2024-11-20 10:36:46] Error: [2] Undefined array key "satatus" - C:\Users\jesma\Desktop\inventory_system\yros-main\inventory_system\views\pages\checkout.php:645
[2024-11-20 10:36:46] Error: [2] Undefined array key "Product_id" - C:\Users\jesma\Desktop\inventory_system\yros-main\inventory_system\views\pages\checkout.php:643
[2024-11-20 10:36:46] Error: [2] Undefined array key "satatus" - C:\Users\jesma\Desktop\inventory_system\yros-main\inventory_system\views\pages\checkout.php:645
[2024-11-20 10:36:46] Error: [2] Undefined array key "Product_id" - C:\Users\jesma\Desktop\inventory_system\yros-main\inventory_system\views\pages\checkout.php:643
[2024-11-20 10:36:46] Error: [2] Undefined array key "satatus" - C:\Users\jesma\Desktop\inventory_system\yros-main\inventory_system\views\pages\checkout.php:645
[2024-11-20 10:36:46] Error: [2] Undefined array key "Product_id" - C:\Users\jesma\Desktop\inventory_system\yros-main\inventory_system\views\pages\checkout.php:643
[2024-11-20 10:36:46] Error: [2] Undefined array key "satatus" - C:\Users\jesma\Desktop\inventory_system\yros-main\inventory_system\views\pages\checkout.php:645
[2024-11-20 10:37:35] Error: [2] Undefined array key "Product_id" - C:\Users\jesma\Desktop\inventory_system\yros-main\inventory_system\views\pages\checkout.php:643
[2024-11-20 10:37:35] Error: [2] Undefined array key "satatus" - C:\Users\jesma\Desktop\inventory_system\yros-main\inventory_system\views\pages\checkout.php:645
[2024-11-20 10:37:35] Error: [2] Undefined array key "Product_id" - C:\Users\jesma\Desktop\inventory_system\yros-main\inventory_system\views\pages\checkout.php:643
[2024-11-20 10:37:35] Error: [2] Undefined array key "satatus" - C:\Users\jesma\Desktop\inventory_system\yros-main\inventory_system\views\pages\checkout.php:645
[2024-11-20 10:37:35] Error: [2] Undefined array key "Product_id" - C:\Users\jesma\Desktop\inventory_system\yros-main\inventory_system\views\pages\checkout.php:643
[2024-11-20 10:37:35] Error: [2] Undefined array key "satatus" - C:\Users\jesma\Desktop\inventory_system\yros-main\inventory_system\views\pages\checkout.php:645
[2024-11-20 10:37:35] Error: [2] Undefined array key "Product_id" - C:\Users\jesma\Desktop\inventory_system\yros-main\inventory_system\views\pages\checkout.php:643
[2024-11-20 10:37:35] Error: [2] Undefined array key "satatus" - C:\Users\jesma\Desktop\inventory_system\yros-main\inventory_system\views\pages\checkout.php:645
[2024-11-20 10:37:54] Error: [2] Undefined array key "Product_id" - C:\Users\jesma\Desktop\inventory_system\yros-main\inventory_system\views\pages\checkout.php:643
[2024-11-20 10:37:54] Error: [2] Undefined array key "satatus" - C:\Users\jesma\Desktop\inventory_system\yros-main\inventory_system\views\pages\checkout.php:645
[2024-11-20 10:37:54] Error: [2] Undefined array key "Product_id" - C:\Users\jesma\Desktop\inventory_system\yros-main\inventory_system\views\pages\checkout.php:643
[2024-11-20 10:37:54] Error: [2] Undefined array key "satatus" - C:\Users\jesma\Desktop\inventory_system\yros-main\inventory_system\views\pages\checkout.php:645
[2024-11-20 10:37:54] Error: [2] Undefined array key "Product_id" - C:\Users\jesma\Desktop\inventory_system\yros-main\inventory_system\views\pages\checkout.php:643
[2024-11-20 10:37:54] Error: [2] Undefined array key "satatus" - C:\Users\jesma\Desktop\inventory_system\yros-main\inventory_system\views\pages\checkout.php:645
[2024-11-20 10:37:54] Error: [2] Undefined array key "Product_id" - C:\Users\jesma\Desktop\inventory_system\yros-main\inventory_system\views\pages\checkout.php:643
[2024-11-20 10:37:54] Error: [2] Undefined array key "satatus" - C:\Users\jesma\Desktop\inventory_system\yros-main\inventory_system\views\pages\checkout.php:645
[2024-11-20 10:37:54] Error: [2] Undefined array key "Product_id" - C:\Users\jesma\Desktop\inventory_system\yros-main\inventory_system\views\pages\checkout.php:643
[2024-11-20 10:37:54] Error: [2] Undefined array key "satatus" - C:\Users\jesma\Desktop\inventory_system\yros-main\inventory_system\views\pages\checkout.php:645
[2024-11-20 14:45:39] Error: [2] Undefined array key "Product_id" - C:\Users\jesma\Desktop\inventory_system\yros-main\inventory_system\views\pages\checkout.php:643
[2024-11-20 14:45:39] Error: [2] Undefined array key "satatus" - C:\Users\jesma\Desktop\inventory_system\yros-main\inventory_system\views\pages\checkout.php:645
[2024-11-20 14:45:39] Error: [2] Undefined array key "Product_id" - C:\Users\jesma\Desktop\inventory_system\yros-main\inventory_system\views\pages\checkout.php:643
[2024-11-20 14:45:39] Error: [2] Undefined array key "satatus" - C:\Users\jesma\Desktop\inventory_system\yros-main\inventory_system\views\pages\checkout.php:645
[2024-11-20 14:45:39] Error: [2] Undefined array key "Product_id" - C:\Users\jesma\Desktop\inventory_system\yros-main\inventory_system\views\pages\checkout.php:643
[2024-11-20 14:45:39] Error: [2] Undefined array key "satatus" - C:\Users\jesma\Desktop\inventory_system\yros-main\inventory_system\views\pages\checkout.php:645
[2024-11-20 14:45:39] Error: [2] Undefined array key "Product_id" - C:\Users\jesma\Desktop\inventory_system\yros-main\inventory_system\views\pages\checkout.php:643
[2024-11-20 14:45:39] Error: [2] Undefined array key "satatus" - C:\Users\jesma\Desktop\inventory_system\yros-main\inventory_system\views\pages\checkout.php:645
[2024-11-20 14:45:39] Error: [2] Undefined array key "Product_id" - C:\Users\jesma\Desktop\inventory_system\yros-main\inventory_system\views\pages\checkout.php:643
[2024-11-20 14:45:39] Error: [2] Undefined array key "satatus" - C:\Users\jesma\Desktop\inventory_system\yros-main\inventory_system\views\pages\checkout.php:645
[2024-11-20 14:52:48] Error: [2] Undefined array key "Product_id" - C:\Users\jesma\Desktop\inventory_system\yros-main\inventory_system\views\pages\checkout.php:643
[2024-11-20 14:52:48] Error: [2] Undefined array key "satatus" - C:\Users\jesma\Desktop\inventory_system\yros-main\inventory_system\views\pages\checkout.php:645
[2024-11-20 14:52:48] Error: [2] Undefined array key "Product_id" - C:\Users\jesma\Desktop\inventory_system\yros-main\inventory_system\views\pages\checkout.php:643
[2024-11-20 14:52:48] Error: [2] Undefined array key "satatus" - C:\Users\jesma\Desktop\inventory_system\yros-main\inventory_system\views\pages\checkout.php:645
[2024-11-20 14:52:48] Error: [2] Undefined array key "Product_id" - C:\Users\jesma\Desktop\inventory_system\yros-main\inventory_system\views\pages\checkout.php:643
[2024-11-20 14:52:48] Error: [2] Undefined array key "satatus" - C:\Users\jesma\Desktop\inventory_system\yros-main\inventory_system\views\pages\checkout.php:645
[2024-11-20 14:52:48] Error: [2] Undefined array key "Product_id" - C:\Users\jesma\Desktop\inventory_system\yros-main\inventory_system\views\pages\checkout.php:643
[2024-11-20 14:52:48] Error: [2] Undefined array key "satatus" - C:\Users\jesma\Desktop\inventory_system\yros-main\inventory_system\views\pages\checkout.php:645
[2024-11-20 14:52:48] Error: [2] Undefined array key "Product_id" - C:\Users\jesma\Desktop\inventory_system\yros-main\inventory_system\views\pages\checkout.php:643
[2024-11-20 14:52:48] Error: [2] Undefined array key "satatus" - C:\Users\jesma\Desktop\inventory_system\yros-main\inventory_system\views\pages\checkout.php:645
[2024-11-20 14:53:48] Error: [2] Undefined array key "Product_id" - C:\Users\jesma\Desktop\inventory_system\yros-main\inventory_system\views\pages\checkout.php:643
[2024-11-20 14:53:48] Error: [2] Undefined array key "satatus" - C:\Users\jesma\Desktop\inventory_system\yros-main\inventory_system\views\pages\checkout.php:645
[2024-11-20 14:53:48] Error: [2] Undefined array key "Product_id" - C:\Users\jesma\Desktop\inventory_system\yros-main\inventory_system\views\pages\checkout.php:643
[2024-11-20 14:53:48] Error: [2] Undefined array key "satatus" - C:\Users\jesma\Desktop\inventory_system\yros-main\inventory_system\views\pages\checkout.php:645
[2024-11-20 14:53:48] Error: [2] Undefined array key "Product_id" - C:\Users\jesma\Desktop\inventory_system\yros-main\inventory_system\views\pages\checkout.php:643
[2024-11-20 14:53:48] Error: [2] Undefined array key "satatus" - C:\Users\jesma\Desktop\inventory_system\yros-main\inventory_system\views\pages\checkout.php:645
[2024-11-20 14:53:48] Error: [2] Undefined array key "Product_id" - C:\Users\jesma\Desktop\inventory_system\yros-main\inventory_system\views\pages\checkout.php:643
[2024-11-20 14:53:48] Error: [2] Undefined array key "satatus" - C:\Users\jesma\Desktop\inventory_system\yros-main\inventory_system\views\pages\checkout.php:645
[2024-11-20 14:53:48] Error: [2] Undefined array key "Product_id" - C:\Users\jesma\Desktop\inventory_system\yros-main\inventory_system\views\pages\checkout.php:643
[2024-11-20 14:53:48] Error: [2] Undefined array key "satatus" - C:\Users\jesma\Desktop\inventory_system\yros-main\inventory_system\views\pages\checkout.php:645
[2024-11-20 14:59:14] Error: [2] Undefined array key "Product_id" - C:\Users\jesma\Desktop\inventory_system\yros-main\inventory_system\views\pages\checkout.php:643
[2024-11-20 14:59:14] Error: [2] Undefined array key "satatus" - C:\Users\jesma\Desktop\inventory_system\yros-main\inventory_system\views\pages\checkout.php:645
[2024-11-20 14:59:14] Error: [2] Undefined array key "Product_id" - C:\Users\jesma\Desktop\inventory_system\yros-main\inventory_system\views\pages\checkout.php:643
[2024-11-20 14:59:14] Error: [2] Undefined array key "satatus" - C:\Users\jesma\Desktop\inventory_system\yros-main\inventory_system\views\pages\checkout.php:645
[2024-11-20 14:59:14] Error: [2] Undefined array key "Product_id" - C:\Users\jesma\Desktop\inventory_system\yros-main\inventory_system\views\pages\checkout.php:643
[2024-11-20 14:59:14] Error: [2] Undefined array key "satatus" - C:\Users\jesma\Desktop\inventory_system\yros-main\inventory_system\views\pages\checkout.php:645
[2024-11-20 14:59:14] Error: [2] Undefined array key "Product_id" - C:\Users\jesma\Desktop\inventory_system\yros-main\inventory_system\views\pages\checkout.php:643
[2024-11-20 14:59:14] Error: [2] Undefined array key "satatus" - C:\Users\jesma\Desktop\inventory_system\yros-main\inventory_system\views\pages\checkout.php:645
[2024-11-20 14:59:14] Error: [2] Undefined array key "Product_id" - C:\Users\jesma\Desktop\inventory_system\yros-main\inventory_system\views\pages\checkout.php:643
[2024-11-20 14:59:14] Error: [2] Undefined array key "satatus" - C:\Users\jesma\Desktop\inventory_system\yros-main\inventory_system\views\pages\checkout.php:645
[2024-11-20 14:59:57] Error: [2] Undefined array key "Product_id" - C:\Users\jesma\Desktop\inventory_system\yros-main\inventory_system\views\pages\checkout.php:643
[2024-11-20 14:59:57] Error: [2] Undefined array key "satatus" - C:\Users\jesma\Desktop\inventory_system\yros-main\inventory_system\views\pages\checkout.php:645
[2024-11-20 14:59:57] Error: [2] Undefined array key "Product_id" - C:\Users\jesma\Desktop\inventory_system\yros-main\inventory_system\views\pages\checkout.php:643
[2024-11-20 14:59:57] Error: [2] Undefined array key "satatus" - C:\Users\jesma\Desktop\inventory_system\yros-main\inventory_system\views\pages\checkout.php:645
[2024-11-20 14:59:57] Error: [2] Undefined array key "Product_id" - C:\Users\jesma\Desktop\inventory_system\yros-main\inventory_system\views\pages\checkout.php:643
[2024-11-20 14:59:57] Error: [2] Undefined array key "satatus" - C:\Users\jesma\Desktop\inventory_system\yros-main\inventory_system\views\pages\checkout.php:645
[2024-11-20 14:59:57] Error: [2] Undefined array key "Product_id" - C:\Users\jesma\Desktop\inventory_system\yros-main\inventory_system\views\pages\checkout.php:643
[2024-11-20 14:59:57] Error: [2] Undefined array key "satatus" - C:\Users\jesma\Desktop\inventory_system\yros-main\inventory_system\views\pages\checkout.php:645
[2024-11-20 14:59:57] Error: [2] Undefined array key "Product_id" - C:\Users\jesma\Desktop\inventory_system\yros-main\inventory_system\views\pages\checkout.php:643
[2024-11-20 14:59:57] Error: [2] Undefined array key "satatus" - C:\Users\jesma\Desktop\inventory_system\yros-main\inventory_system\views\pages\checkout.php:645
[2024-11-20 15:00:26] Error: [2] Undefined array key "Product_id" - C:\Users\jesma\Desktop\inventory_system\yros-main\inventory_system\views\pages\checkout.php:643
[2024-11-20 15:00:26] Error: [2] Undefined array key "satatus" - C:\Users\jesma\Desktop\inventory_system\yros-main\inventory_system\views\pages\checkout.php:645
[2024-11-20 15:00:26] Error: [2] Undefined array key "Product_id" - C:\Users\jesma\Desktop\inventory_system\yros-main\inventory_system\views\pages\checkout.php:643
[2024-11-20 15:00:26] Error: [2] Undefined array key "satatus" - C:\Users\jesma\Desktop\inventory_system\yros-main\inventory_system\views\pages\checkout.php:645
[2024-11-20 15:00:27] Error: [2] Undefined array key "Product_id" - C:\Users\jesma\Desktop\inventory_system\yros-main\inventory_system\views\pages\checkout.php:643
[2024-11-20 15:00:27] Error: [2] Undefined array key "satatus" - C:\Users\jesma\Desktop\inventory_system\yros-main\inventory_system\views\pages\checkout.php:645
[2024-11-20 15:00:27] Error: [2] Undefined array key "Product_id" - C:\Users\jesma\Desktop\inventory_system\yros-main\inventory_system\views\pages\checkout.php:643
[2024-11-20 15:00:27] Error: [2] Undefined array key "satatus" - C:\Users\jesma\Desktop\inventory_system\yros-main\inventory_system\views\pages\checkout.php:645
[2024-11-20 15:00:27] Error: [2] Undefined array key "Product_id" - C:\Users\jesma\Desktop\inventory_system\yros-main\inventory_system\views\pages\checkout.php:643
[2024-11-20 15:00:27] Error: [2] Undefined array key "satatus" - C:\Users\jesma\Desktop\inventory_system\yros-main\inventory_system\views\pages\checkout.php:645
[2024-11-20 15:00:27] Error: [2] Undefined array key "Product_id" - C:\Users\jesma\Desktop\inventory_system\yros-main\inventory_system\views\pages\checkout.php:643
[2024-11-20 15:00:27] Error: [2] Undefined array key "satatus" - C:\Users\jesma\Desktop\inventory_system\yros-main\inventory_system\views\pages\checkout.php:645
[2024-11-20 15:08:43] Error: [2] Undefined array key "Product_id" - C:\Users\jesma\Desktop\inventory_system\yros-main\inventory_system\views\pages\checkout.php:643
[2024-11-20 15:08:43] Error: [2] Undefined array key "satatus" - C:\Users\jesma\Desktop\inventory_system\yros-main\inventory_system\views\pages\checkout.php:645
[2024-11-20 15:08:43] Error: [2] Undefined variable $pos_id - C:\Users\jesma\Desktop\inventory_system\yros-main\inventory_system\views\pages\checkout.php:682
[2024-11-20 15:08:43] Error: [2] Undefined array key "Product_id" - C:\Users\jesma\Desktop\inventory_system\yros-main\inventory_system\views\pages\checkout.php:643
[2024-11-20 15:08:43] Error: [2] Undefined array key "satatus" - C:\Users\jesma\Desktop\inventory_system\yros-main\inventory_system\views\pages\checkout.php:645
[2024-11-20 15:08:43] Error: [2] Undefined variable $pos_id - C:\Users\jesma\Desktop\inventory_system\yros-main\inventory_system\views\pages\checkout.php:682
[2024-11-20 15:08:43] Error: [2] Undefined array key "Product_id" - C:\Users\jesma\Desktop\inventory_system\yros-main\inventory_system\views\pages\checkout.php:643
[2024-11-20 15:08:43] Error: [2] Undefined array key "satatus" - C:\Users\jesma\Desktop\inventory_system\yros-main\inventory_system\views\pages\checkout.php:645
[2024-11-20 15:08:43] Error: [2] Undefined variable $pos_id - C:\Users\jesma\Desktop\inventory_system\yros-main\inventory_system\views\pages\checkout.php:682
[2024-11-20 15:08:43] Error: [2] Undefined array key "Product_id" - C:\Users\jesma\Desktop\inventory_system\yros-main\inventory_system\views\pages\checkout.php:643
[2024-11-20 15:08:43] Error: [2] Undefined array key "satatus" - C:\Users\jesma\Desktop\inventory_system\yros-main\inventory_system\views\pages\checkout.php:645
[2024-11-20 15:08:43] Error: [2] Undefined variable $pos_id - C:\Users\jesma\Desktop\inventory_system\yros-main\inventory_system\views\pages\checkout.php:682
[2024-11-20 15:08:43] Error: [2] Undefined array key "Product_id" - C:\Users\jesma\Desktop\inventory_system\yros-main\inventory_system\views\pages\checkout.php:643
[2024-11-20 15:08:43] Error: [2] Undefined array key "satatus" - C:\Users\jesma\Desktop\inventory_system\yros-main\inventory_system\views\pages\checkout.php:645
[2024-11-20 15:08:43] Error: [2] Undefined variable $pos_id - C:\Users\jesma\Desktop\inventory_system\yros-main\inventory_system\views\pages\checkout.php:682
[2024-11-20 15:08:43] Error: [2] Undefined array key "Product_id" - C:\Users\jesma\Desktop\inventory_system\yros-main\inventory_system\views\pages\checkout.php:643
[2024-11-20 15:08:43] Error: [2] Undefined array key "satatus" - C:\Users\jesma\Desktop\inventory_system\yros-main\inventory_system\views\pages\checkout.php:645
[2024-11-20 15:08:43] Error: [2] Undefined variable $pos_id - C:\Users\jesma\Desktop\inventory_system\yros-main\inventory_system\views\pages\checkout.php:682
[2024-11-20 15:08:52] Error: [2] Undefined array key "Product_id" - C:\Users\jesma\Desktop\inventory_system\yros-main\inventory_system\views\pages\checkout.php:643
[2024-11-20 15:08:52] Error: [2] Undefined array key "satatus" - C:\Users\jesma\Desktop\inventory_system\yros-main\inventory_system\views\pages\checkout.php:645
[2024-11-20 15:08:52] Error: [2] Undefined variable $pos_id - C:\Users\jesma\Desktop\inventory_system\yros-main\inventory_system\views\pages\checkout.php:682
[2024-11-20 15:08:52] Error: [2] Undefined array key "Product_id" - C:\Users\jesma\Desktop\inventory_system\yros-main\inventory_system\views\pages\checkout.php:643
[2024-11-20 15:08:52] Error: [2] Undefined array key "satatus" - C:\Users\jesma\Desktop\inventory_system\yros-main\inventory_system\views\pages\checkout.php:645
[2024-11-20 15:08:52] Error: [2] Undefined variable $pos_id - C:\Users\jesma\Desktop\inventory_system\yros-main\inventory_system\views\pages\checkout.php:682
[2024-11-20 15:08:52] Error: [2] Undefined array key "Product_id" - C:\Users\jesma\Desktop\inventory_system\yros-main\inventory_system\views\pages\checkout.php:643
[2024-11-20 15:08:52] Error: [2] Undefined array key "satatus" - C:\Users\jesma\Desktop\inventory_system\yros-main\inventory_system\views\pages\checkout.php:645
[2024-11-20 15:08:52] Error: [2] Undefined variable $pos_id - C:\Users\jesma\Desktop\inventory_system\yros-main\inventory_system\views\pages\checkout.php:682
[2024-11-20 15:08:52] Error: [2] Undefined array key "Product_id" - C:\Users\jesma\Desktop\inventory_system\yros-main\inventory_system\views\pages\checkout.php:643
[2024-11-20 15:08:52] Error: [2] Undefined array key "satatus" - C:\Users\jesma\Desktop\inventory_system\yros-main\inventory_system\views\pages\checkout.php:645
[2024-11-20 15:08:52] Error: [2] Undefined variable $pos_id - C:\Users\jesma\Desktop\inventory_system\yros-main\inventory_system\views\pages\checkout.php:682
[2024-11-20 15:08:52] Error: [2] Undefined array key "Product_id" - C:\Users\jesma\Desktop\inventory_system\yros-main\inventory_system\views\pages\checkout.php:643
[2024-11-20 15:08:52] Error: [2] Undefined array key "satatus" - C:\Users\jesma\Desktop\inventory_system\yros-main\inventory_system\views\pages\checkout.php:645
[2024-11-20 15:08:52] Error: [2] Undefined variable $pos_id - C:\Users\jesma\Desktop\inventory_system\yros-main\inventory_system\views\pages\checkout.php:682
[2024-11-20 15:08:52] Error: [2] Undefined array key "Product_id" - C:\Users\jesma\Desktop\inventory_system\yros-main\inventory_system\views\pages\checkout.php:643
[2024-11-20 15:08:52] Error: [2] Undefined array key "satatus" - C:\Users\jesma\Desktop\inventory_system\yros-main\inventory_system\views\pages\checkout.php:645
[2024-11-20 15:08:52] Error: [2] Undefined variable $pos_id - C:\Users\jesma\Desktop\inventory_system\yros-main\inventory_system\views\pages\checkout.php:682
[2024-11-20 15:09:04] Error: [2] Undefined array key "Product_id" - C:\Users\jesma\Desktop\inventory_system\yros-main\inventory_system\views\pages\checkout.php:643
[2024-11-20 15:09:04] Error: [2] Undefined array key "satatus" - C:\Users\jesma\Desktop\inventory_system\yros-main\inventory_system\views\pages\checkout.php:645
[2024-11-20 15:09:04] Error: [2] Undefined variable $pos_id - C:\Users\jesma\Desktop\inventory_system\yros-main\inventory_system\views\pages\checkout.php:682
[2024-11-20 15:09:04] Error: [2] Undefined array key "Product_id" - C:\Users\jesma\Desktop\inventory_system\yros-main\inventory_system\views\pages\checkout.php:643
[2024-11-20 15:09:04] Error: [2] Undefined array key "satatus" - C:\Users\jesma\Desktop\inventory_system\yros-main\inventory_system\views\pages\checkout.php:645
[2024-11-20 15:09:04] Error: [2] Undefined variable $pos_id - C:\Users\jesma\Desktop\inventory_system\yros-main\inventory_system\views\pages\checkout.php:682
[2024-11-20 15:09:04] Error: [2] Undefined array key "Product_id" - C:\Users\jesma\Desktop\inventory_system\yros-main\inventory_system\views\pages\checkout.php:643
[2024-11-20 15:09:04] Error: [2] Undefined array key "satatus" - C:\Users\jesma\Desktop\inventory_system\yros-main\inventory_system\views\pages\checkout.php:645
[2024-11-20 15:09:04] Error: [2] Undefined variable $pos_id - C:\Users\jesma\Desktop\inventory_system\yros-main\inventory_system\views\pages\checkout.php:682
[2024-11-20 15:09:04] Error: [2] Undefined array key "Product_id" - C:\Users\jesma\Desktop\inventory_system\yros-main\inventory_system\views\pages\checkout.php:643
[2024-11-20 15:09:04] Error: [2] Undefined array key "satatus" - C:\Users\jesma\Desktop\inventory_system\yros-main\inventory_system\views\pages\checkout.php:645
[2024-11-20 15:09:04] Error: [2] Undefined variable $pos_id - C:\Users\jesma\Desktop\inventory_system\yros-main\inventory_system\views\pages\checkout.php:682
[2024-11-20 15:09:04] Error: [2] Undefined array key "Product_id" - C:\Users\jesma\Desktop\inventory_system\yros-main\inventory_system\views\pages\checkout.php:643
[2024-11-20 15:09:04] Error: [2] Undefined array key "satatus" - C:\Users\jesma\Desktop\inventory_system\yros-main\inventory_system\views\pages\checkout.php:645
[2024-11-20 15:09:04] Error: [2] Undefined variable $pos_id - C:\Users\jesma\Desktop\inventory_system\yros-main\inventory_system\views\pages\checkout.php:682
[2024-11-20 15:09:04] Error: [2] Undefined array key "Product_id" - C:\Users\jesma\Desktop\inventory_system\yros-main\inventory_system\views\pages\checkout.php:643
[2024-11-20 15:09:04] Error: [2] Undefined array key "satatus" - C:\Users\jesma\Desktop\inventory_system\yros-main\inventory_system\views\pages\checkout.php:645
[2024-11-20 15:09:04] Error: [2] Undefined variable $pos_id - C:\Users\jesma\Desktop\inventory_system\yros-main\inventory_system\views\pages\checkout.php:682
[2024-11-20 15:09:33] Error: [2] Undefined array key "Product_id" - C:\Users\jesma\Desktop\inventory_system\yros-main\inventory_system\views\pages\checkout.php:643
[2024-11-20 15:09:33] Error: [2] Undefined array key "satatus" - C:\Users\jesma\Desktop\inventory_system\yros-main\inventory_system\views\pages\checkout.php:645
[2024-11-20 15:09:33] Error: [2] Undefined variable $pos_id - C:\Users\jesma\Desktop\inventory_system\yros-main\inventory_system\views\pages\checkout.php:682
[2024-11-20 15:09:33] Error: [2] Undefined array key "Product_id" - C:\Users\jesma\Desktop\inventory_system\yros-main\inventory_system\views\pages\checkout.php:643
[2024-11-20 15:09:33] Error: [2] Undefined array key "satatus" - C:\Users\jesma\Desktop\inventory_system\yros-main\inventory_system\views\pages\checkout.php:645
[2024-11-20 15:09:33] Error: [2] Undefined variable $pos_id - C:\Users\jesma\Desktop\inventory_system\yros-main\inventory_system\views\pages\checkout.php:682
[2024-11-20 15:09:33] Error: [2] Undefined array key "Product_id" - C:\Users\jesma\Desktop\inventory_system\yros-main\inventory_system\views\pages\checkout.php:643
[2024-11-20 15:09:33] Error: [2] Undefined array key "satatus" - C:\Users\jesma\Desktop\inventory_system\yros-main\inventory_system\views\pages\checkout.php:645
[2024-11-20 15:09:33] Error: [2] Undefined variable $pos_id - C:\Users\jesma\Desktop\inventory_system\yros-main\inventory_system\views\pages\checkout.php:682
[2024-11-20 15:09:33] Error: [2] Undefined array key "Product_id" - C:\Users\jesma\Desktop\inventory_system\yros-main\inventory_system\views\pages\checkout.php:643
[2024-11-20 15:09:33] Error: [2] Undefined array key "satatus" - C:\Users\jesma\Desktop\inventory_system\yros-main\inventory_system\views\pages\checkout.php:645
[2024-11-20 15:09:33] Error: [2] Undefined variable $pos_id - C:\Users\jesma\Desktop\inventory_system\yros-main\inventory_system\views\pages\checkout.php:682
[2024-11-20 15:09:33] Error: [2] Undefined array key "Product_id" - C:\Users\jesma\Desktop\inventory_system\yros-main\inventory_system\views\pages\checkout.php:643
[2024-11-20 15:09:33] Error: [2] Undefined array key "satatus" - C:\Users\jesma\Desktop\inventory_system\yros-main\inventory_system\views\pages\checkout.php:645
[2024-11-20 15:09:33] Error: [2] Undefined variable $pos_id - C:\Users\jesma\Desktop\inventory_system\yros-main\inventory_system\views\pages\checkout.php:682
[2024-11-20 15:09:33] Error: [2] Undefined array key "Product_id" - C:\Users\jesma\Desktop\inventory_system\yros-main\inventory_system\views\pages\checkout.php:643
[2024-11-20 15:09:33] Error: [2] Undefined array key "satatus" - C:\Users\jesma\Desktop\inventory_system\yros-main\inventory_system\views\pages\checkout.php:645
[2024-11-20 15:09:33] Error: [2] Undefined variable $pos_id - C:\Users\jesma\Desktop\inventory_system\yros-main\inventory_system\views\pages\checkout.php:682
[2024-11-20 15:09:41] Error: [2] Undefined array key "Product_id" - C:\Users\jesma\Desktop\inventory_system\yros-main\inventory_system\views\pages\checkout.php:643
[2024-11-20 15:09:41] Error: [2] Undefined array key "satatus" - C:\Users\jesma\Desktop\inventory_system\yros-main\inventory_system\views\pages\checkout.php:645
[2024-11-20 15:09:41] Error: [2] Undefined variable $pos_id - C:\Users\jesma\Desktop\inventory_system\yros-main\inventory_system\views\pages\checkout.php:682
[2024-11-20 15:09:41] Error: [2] Undefined array key "Product_id" - C:\Users\jesma\Desktop\inventory_system\yros-main\inventory_system\views\pages\checkout.php:643
[2024-11-20 15:09:41] Error: [2] Undefined array key "satatus" - C:\Users\jesma\Desktop\inventory_system\yros-main\inventory_system\views\pages\checkout.php:645
[2024-11-20 15:09:41] Error: [2] Undefined variable $pos_id - C:\Users\jesma\Desktop\inventory_system\yros-main\inventory_system\views\pages\checkout.php:682
[2024-11-20 15:09:41] Error: [2] Undefined array key "Product_id" - C:\Users\jesma\Desktop\inventory_system\yros-main\inventory_system\views\pages\checkout.php:643
[2024-11-20 15:09:41] Error: [2] Undefined array key "satatus" - C:\Users\jesma\Desktop\inventory_system\yros-main\inventory_system\views\pages\checkout.php:645
[2024-11-20 15:09:41] Error: [2] Undefined variable $pos_id - C:\Users\jesma\Desktop\inventory_system\yros-main\inventory_system\views\pages\checkout.php:682
[2024-11-20 15:09:41] Error: [2] Undefined array key "Product_id" - C:\Users\jesma\Desktop\inventory_system\yros-main\inventory_system\views\pages\checkout.php:643
[2024-11-20 15:09:41] Error: [2] Undefined array key "satatus" - C:\Users\jesma\Desktop\inventory_system\yros-main\inventory_system\views\pages\checkout.php:645
[2024-11-20 15:09:41] Error: [2] Undefined variable $pos_id - C:\Users\jesma\Desktop\inventory_system\yros-main\inventory_system\views\pages\checkout.php:682
[2024-11-20 15:09:41] Error: [2] Undefined array key "Product_id" - C:\Users\jesma\Desktop\inventory_system\yros-main\inventory_system\views\pages\checkout.php:643
[2024-11-20 15:09:41] Error: [2] Undefined array key "satatus" - C:\Users\jesma\Desktop\inventory_system\yros-main\inventory_system\views\pages\checkout.php:645
[2024-11-20 15:09:41] Error: [2] Undefined variable $pos_id - C:\Users\jesma\Desktop\inventory_system\yros-main\inventory_system\views\pages\checkout.php:682
[2024-11-20 15:09:41] Error: [2] Undefined array key "Product_id" - C:\Users\jesma\Desktop\inventory_system\yros-main\inventory_system\views\pages\checkout.php:643
[2024-11-20 15:09:41] Error: [2] Undefined array key "satatus" - C:\Users\jesma\Desktop\inventory_system\yros-main\inventory_system\views\pages\checkout.php:645
[2024-11-20 15:09:41] Error: [2] Undefined variable $pos_id - C:\Users\jesma\Desktop\inventory_system\yros-main\inventory_system\views\pages\checkout.php:682
[2024-11-20 15:09:54] Error: [2] Undefined array key "Product_id" - C:\Users\jesma\Desktop\inventory_system\yros-main\inventory_system\views\pages\checkout.php:643
[2024-11-20 15:09:54] Error: [2] Undefined array key "satatus" - C:\Users\jesma\Desktop\inventory_system\yros-main\inventory_system\views\pages\checkout.php:645
[2024-11-20 15:09:54] Error: [2] Undefined variable $pos_id - C:\Users\jesma\Desktop\inventory_system\yros-main\inventory_system\views\pages\checkout.php:682
[2024-11-20 15:09:54] Error: [2] Undefined array key "Product_id" - C:\Users\jesma\Desktop\inventory_system\yros-main\inventory_system\views\pages\checkout.php:643
[2024-11-20 15:09:54] Error: [2] Undefined array key "satatus" - C:\Users\jesma\Desktop\inventory_system\yros-main\inventory_system\views\pages\checkout.php:645
[2024-11-20 15:09:54] Error: [2] Undefined variable $pos_id - C:\Users\jesma\Desktop\inventory_system\yros-main\inventory_system\views\pages\checkout.php:682
[2024-11-20 15:09:54] Error: [2] Undefined array key "Product_id" - C:\Users\jesma\Desktop\inventory_system\yros-main\inventory_system\views\pages\checkout.php:643
[2024-11-20 15:09:54] Error: [2] Undefined array key "satatus" - C:\Users\jesma\Desktop\inventory_system\yros-main\inventory_system\views\pages\checkout.php:645
[2024-11-20 15:09:54] Error: [2] Undefined variable $pos_id - C:\Users\jesma\Desktop\inventory_system\yros-main\inventory_system\views\pages\checkout.php:682
[2024-11-20 15:09:54] Error: [2] Undefined array key "Product_id" - C:\Users\jesma\Desktop\inventory_system\yros-main\inventory_system\views\pages\checkout.php:643
[2024-11-20 15:09:54] Error: [2] Undefined array key "satatus" - C:\Users\jesma\Desktop\inventory_system\yros-main\inventory_system\views\pages\checkout.php:645
[2024-11-20 15:09:54] Error: [2] Undefined variable $pos_id - C:\Users\jesma\Desktop\inventory_system\yros-main\inventory_system\views\pages\checkout.php:682
[2024-11-20 15:09:54] Error: [2] Undefined array key "Product_id" - C:\Users\jesma\Desktop\inventory_system\yros-main\inventory_system\views\pages\checkout.php:643
[2024-11-20 15:09:54] Error: [2] Undefined array key "satatus" - C:\Users\jesma\Desktop\inventory_system\yros-main\inventory_system\views\pages\checkout.php:645
[2024-11-20 15:09:54] Error: [2] Undefined variable $pos_id - C:\Users\jesma\Desktop\inventory_system\yros-main\inventory_system\views\pages\checkout.php:682
[2024-11-20 15:09:54] Error: [2] Undefined array key "Product_id" - C:\Users\jesma\Desktop\inventory_system\yros-main\inventory_system\views\pages\checkout.php:643
[2024-11-20 15:09:54] Error: [2] Undefined array key "satatus" - C:\Users\jesma\Desktop\inventory_system\yros-main\inventory_system\views\pages\checkout.php:645
[2024-11-20 15:09:54] Error: [2] Undefined variable $pos_id - C:\Users\jesma\Desktop\inventory_system\yros-main\inventory_system\views\pages\checkout.php:682
[2024-11-20 15:10:44] Error: [2] Undefined array key "Product_id" - C:\Users\jesma\Desktop\inventory_system\yros-main\inventory_system\views\pages\checkout.php:643
[2024-11-20 15:10:44] Error: [2] Undefined array key "satatus" - C:\Users\jesma\Desktop\inventory_system\yros-main\inventory_system\views\pages\checkout.php:645
[2024-11-20 15:10:44] Error: [2] Undefined variable $pos_id - C:\Users\jesma\Desktop\inventory_system\yros-main\inventory_system\views\pages\checkout.php:682
[2024-11-20 15:10:44] Error: [2] Undefined array key "Product_id" - C:\Users\jesma\Desktop\inventory_system\yros-main\inventory_system\views\pages\checkout.php:643
[2024-11-20 15:10:44] Error: [2] Undefined array key "satatus" - C:\Users\jesma\Desktop\inventory_system\yros-main\inventory_system\views\pages\checkout.php:645
[2024-11-20 15:10:44] Error: [2] Undefined variable $pos_id - C:\Users\jesma\Desktop\inventory_system\yros-main\inventory_system\views\pages\checkout.php:682
[2024-11-20 15:10:44] Error: [2] Undefined array key "Product_id" - C:\Users\jesma\Desktop\inventory_system\yros-main\inventory_system\views\pages\checkout.php:643
[2024-11-20 15:10:44] Error: [2] Undefined array key "satatus" - C:\Users\jesma\Desktop\inventory_system\yros-main\inventory_system\views\pages\checkout.php:645
[2024-11-20 15:10:44] Error: [2] Undefined variable $pos_id - C:\Users\jesma\Desktop\inventory_system\yros-main\inventory_system\views\pages\checkout.php:682
[2024-11-20 15:10:44] Error: [2] Undefined array key "Product_id" - C:\Users\jesma\Desktop\inventory_system\yros-main\inventory_system\views\pages\checkout.php:643
[2024-11-20 15:10:44] Error: [2] Undefined array key "satatus" - C:\Users\jesma\Desktop\inventory_system\yros-main\inventory_system\views\pages\checkout.php:645
[2024-11-20 15:10:44] Error: [2] Undefined variable $pos_id - C:\Users\jesma\Desktop\inventory_system\yros-main\inventory_system\views\pages\checkout.php:682
[2024-11-20 15:10:44] Error: [2] Undefined array key "Product_id" - C:\Users\jesma\Desktop\inventory_system\yros-main\inventory_system\views\pages\checkout.php:643
[2024-11-20 15:10:44] Error: [2] Undefined array key "satatus" - C:\Users\jesma\Desktop\inventory_system\yros-main\inventory_system\views\pages\checkout.php:645
[2024-11-20 15:10:44] Error: [2] Undefined variable $pos_id - C:\Users\jesma\Desktop\inventory_system\yros-main\inventory_system\views\pages\checkout.php:682
[2024-11-20 15:10:44] Error: [2] Undefined array key "Product_id" - C:\Users\jesma\Desktop\inventory_system\yros-main\inventory_system\views\pages\checkout.php:643
[2024-11-20 15:10:44] Error: [2] Undefined array key "satatus" - C:\Users\jesma\Desktop\inventory_system\yros-main\inventory_system\views\pages\checkout.php:645
[2024-11-20 15:10:44] Error: [2] Undefined variable $pos_id - C:\Users\jesma\Desktop\inventory_system\yros-main\inventory_system\views\pages\checkout.php:682
[2024-11-20 15:10:49] Error: [8192] PDO::quote(): Passing null to parameter #1 ($string) of type string is deprecated - C:\Users\jesma\Desktop\inventory_system\yros-main\inventory_system\app\system\extras\database.php:220
[2024-11-20 15:10:50] Error: [2] Undefined array key "Product_id" - C:\Users\jesma\Desktop\inventory_system\yros-main\inventory_system\views\pages\checkout.php:643
[2024-11-20 15:10:50] Error: [2] Undefined array key "satatus" - C:\Users\jesma\Desktop\inventory_system\yros-main\inventory_system\views\pages\checkout.php:645
[2024-11-20 15:10:50] Error: [2] Undefined variable $pos_id - C:\Users\jesma\Desktop\inventory_system\yros-main\inventory_system\views\pages\checkout.php:682
[2024-11-20 15:10:50] Error: [2] Undefined array key "Product_id" - C:\Users\jesma\Desktop\inventory_system\yros-main\inventory_system\views\pages\checkout.php:643
[2024-11-20 15:10:50] Error: [2] Undefined array key "satatus" - C:\Users\jesma\Desktop\inventory_system\yros-main\inventory_system\views\pages\checkout.php:645
[2024-11-20 15:10:50] Error: [2] Undefined variable $pos_id - C:\Users\jesma\Desktop\inventory_system\yros-main\inventory_system\views\pages\checkout.php:682
[2024-11-20 15:10:50] Error: [2] Undefined array key "Product_id" - C:\Users\jesma\Desktop\inventory_system\yros-main\inventory_system\views\pages\checkout.php:643
[2024-11-20 15:10:50] Error: [2] Undefined array key "satatus" - C:\Users\jesma\Desktop\inventory_system\yros-main\inventory_system\views\pages\checkout.php:645
[2024-11-20 15:10:50] Error: [2] Undefined variable $pos_id - C:\Users\jesma\Desktop\inventory_system\yros-main\inventory_system\views\pages\checkout.php:682
[2024-11-20 15:10:50] Error: [2] Undefined array key "Product_id" - C:\Users\jesma\Desktop\inventory_system\yros-main\inventory_system\views\pages\checkout.php:643
[2024-11-20 15:10:50] Error: [2] Undefined array key "satatus" - C:\Users\jesma\Desktop\inventory_system\yros-main\inventory_system\views\pages\checkout.php:645
[2024-11-20 15:10:50] Error: [2] Undefined variable $pos_id - C:\Users\jesma\Desktop\inventory_system\yros-main\inventory_system\views\pages\checkout.php:682
[2024-11-20 15:10:50] Error: [2] Undefined array key "Product_id" - C:\Users\jesma\Desktop\inventory_system\yros-main\inventory_system\views\pages\checkout.php:643
[2024-11-20 15:10:50] Error: [2] Undefined array key "satatus" - C:\Users\jesma\Desktop\inventory_system\yros-main\inventory_system\views\pages\checkout.php:645
[2024-11-20 15:10:50] Error: [2] Undefined variable $pos_id - C:\Users\jesma\Desktop\inventory_system\yros-main\inventory_system\views\pages\checkout.php:682
[2024-11-20 15:10:50] Error: [2] Undefined array key "Product_id" - C:\Users\jesma\Desktop\inventory_system\yros-main\inventory_system\views\pages\checkout.php:643
[2024-11-20 15:10:50] Error: [2] Undefined array key "satatus" - C:\Users\jesma\Desktop\inventory_system\yros-main\inventory_system\views\pages\checkout.php:645
[2024-11-20 15:10:50] Error: [2] Undefined variable $pos_id - C:\Users\jesma\Desktop\inventory_system\yros-main\inventory_system\views\pages\checkout.php:682
[2024-11-20 15:11:40] Error: [2] Undefined array key "Product_id" - C:\Users\jesma\Desktop\inventory_system\yros-main\inventory_system\views\pages\checkout.php:643
[2024-11-20 15:11:40] Error: [2] Undefined array key "satatus" - C:\Users\jesma\Desktop\inventory_system\yros-main\inventory_system\views\pages\checkout.php:645
[2024-11-20 15:11:40] Error: [2] Undefined variable $pos_id - C:\Users\jesma\Desktop\inventory_system\yros-main\inventory_system\views\pages\checkout.php:682
[2024-11-20 15:11:40] Error: [2] Undefined array key "Product_id" - C:\Users\jesma\Desktop\inventory_system\yros-main\inventory_system\views\pages\checkout.php:643
[2024-11-20 15:11:40] Error: [2] Undefined array key "satatus" - C:\Users\jesma\Desktop\inventory_system\yros-main\inventory_system\views\pages\checkout.php:645
[2024-11-20 15:11:40] Error: [2] Undefined variable $pos_id - C:\Users\jesma\Desktop\inventory_system\yros-main\inventory_system\views\pages\checkout.php:682
[2024-11-20 15:11:40] Error: [2] Undefined array key "Product_id" - C:\Users\jesma\Desktop\inventory_system\yros-main\inventory_system\views\pages\checkout.php:643
[2024-11-20 15:11:40] Error: [2] Undefined array key "satatus" - C:\Users\jesma\Desktop\inventory_system\yros-main\inventory_system\views\pages\checkout.php:645
[2024-11-20 15:11:40] Error: [2] Undefined variable $pos_id - C:\Users\jesma\Desktop\inventory_system\yros-main\inventory_system\views\pages\checkout.php:682
[2024-11-20 15:11:40] Error: [2] Undefined array key "Product_id" - C:\Users\jesma\Desktop\inventory_system\yros-main\inventory_system\views\pages\checkout.php:643
[2024-11-20 15:11:40] Error: [2] Undefined array key "satatus" - C:\Users\jesma\Desktop\inventory_system\yros-main\inventory_system\views\pages\checkout.php:645
[2024-11-20 15:11:40] Error: [2] Undefined variable $pos_id - C:\Users\jesma\Desktop\inventory_system\yros-main\inventory_system\views\pages\checkout.php:682
[2024-11-20 15:11:40] Error: [2] Undefined array key "Product_id" - C:\Users\jesma\Desktop\inventory_system\yros-main\inventory_system\views\pages\checkout.php:643
[2024-11-20 15:11:40] Error: [2] Undefined array key "satatus" - C:\Users\jesma\Desktop\inventory_system\yros-main\inventory_system\views\pages\checkout.php:645
[2024-11-20 15:11:40] Error: [2] Undefined variable $pos_id - C:\Users\jesma\Desktop\inventory_system\yros-main\inventory_system\views\pages\checkout.php:682
[2024-11-20 15:11:40] Error: [2] Undefined array key "Product_id" - C:\Users\jesma\Desktop\inventory_system\yros-main\inventory_system\views\pages\checkout.php:643
[2024-11-20 15:11:40] Error: [2] Undefined array key "satatus" - C:\Users\jesma\Desktop\inventory_system\yros-main\inventory_system\views\pages\checkout.php:645
[2024-11-20 15:11:40] Error: [2] Undefined variable $pos_id - C:\Users\jesma\Desktop\inventory_system\yros-main\inventory_system\views\pages\checkout.php:682
[2024-11-20 15:11:45] Error: [2] Undefined array key "Product_id" - C:\Users\jesma\Desktop\inventory_system\yros-main\inventory_system\views\pages\checkout.php:643
[2024-11-20 15:11:45] Error: [2] Undefined array key "satatus" - C:\Users\jesma\Desktop\inventory_system\yros-main\inventory_system\views\pages\checkout.php:645
[2024-11-20 15:11:45] Error: [2] Undefined variable $pos_id - C:\Users\jesma\Desktop\inventory_system\yros-main\inventory_system\views\pages\checkout.php:682
[2024-11-20 15:11:45] Error: [2] Undefined array key "Product_id" - C:\Users\jesma\Desktop\inventory_system\yros-main\inventory_system\views\pages\checkout.php:643
[2024-11-20 15:11:45] Error: [2] Undefined array key "satatus" - C:\Users\jesma\Desktop\inventory_system\yros-main\inventory_system\views\pages\checkout.php:645
[2024-11-20 15:11:45] Error: [2] Undefined variable $pos_id - C:\Users\jesma\Desktop\inventory_system\yros-main\inventory_system\views\pages\checkout.php:682
[2024-11-20 15:11:45] Error: [2] Undefined array key "Product_id" - C:\Users\jesma\Desktop\inventory_system\yros-main\inventory_system\views\pages\checkout.php:643
[2024-11-20 15:11:45] Error: [2] Undefined array key "satatus" - C:\Users\jesma\Desktop\inventory_system\yros-main\inventory_system\views\pages\checkout.php:645
[2024-11-20 15:11:45] Error: [2] Undefined variable $pos_id - C:\Users\jesma\Desktop\inventory_system\yros-main\inventory_system\views\pages\checkout.php:682
[2024-11-20 15:11:45] Error: [2] Undefined array key "Product_id" - C:\Users\jesma\Desktop\inventory_system\yros-main\inventory_system\views\pages\checkout.php:643
[2024-11-20 15:11:45] Error: [2] Undefined array key "satatus" - C:\Users\jesma\Desktop\inventory_system\yros-main\inventory_system\views\pages\checkout.php:645
[2024-11-20 15:11:45] Error: [2] Undefined variable $pos_id - C:\Users\jesma\Desktop\inventory_system\yros-main\inventory_system\views\pages\checkout.php:682
[2024-11-20 15:11:45] Error: [2] Undefined array key "Product_id" - C:\Users\jesma\Desktop\inventory_system\yros-main\inventory_system\views\pages\checkout.php:643
[2024-11-20 15:11:45] Error: [2] Undefined array key "satatus" - C:\Users\jesma\Desktop\inventory_system\yros-main\inventory_system\views\pages\checkout.php:645
[2024-11-20 15:11:45] Error: [2] Undefined variable $pos_id - C:\Users\jesma\Desktop\inventory_system\yros-main\inventory_system\views\pages\checkout.php:682
[2024-11-20 15:11:45] Error: [2] Undefined array key "Product_id" - C:\Users\jesma\Desktop\inventory_system\yros-main\inventory_system\views\pages\checkout.php:643
[2024-11-20 15:11:45] Error: [2] Undefined array key "satatus" - C:\Users\jesma\Desktop\inventory_system\yros-main\inventory_system\views\pages\checkout.php:645
[2024-11-20 15:11:45] Error: [2] Undefined variable $pos_id - C:\Users\jesma\Desktop\inventory_system\yros-main\inventory_system\views\pages\checkout.php:682
[2024-11-20 15:11:54] Error: [2] Undefined array key "Product_id" - C:\Users\jesma\Desktop\inventory_system\yros-main\inventory_system\views\pages\checkout.php:643
[2024-11-20 15:11:54] Error: [2] Undefined array key "satatus" - C:\Users\jesma\Desktop\inventory_system\yros-main\inventory_system\views\pages\checkout.php:645
[2024-11-20 15:11:54] Error: [2] Undefined variable $pos_id - C:\Users\jesma\Desktop\inventory_system\yros-main\inventory_system\views\pages\checkout.php:682
[2024-11-20 15:11:54] Error: [2] Undefined array key "Product_id" - C:\Users\jesma\Desktop\inventory_system\yros-main\inventory_system\views\pages\checkout.php:643
[2024-11-20 15:11:54] Error: [2] Undefined array key "satatus" - C:\Users\jesma\Desktop\inventory_system\yros-main\inventory_system\views\pages\checkout.php:645
[2024-11-20 15:11:54] Error: [2] Undefined variable $pos_id - C:\Users\jesma\Desktop\inventory_system\yros-main\inventory_system\views\pages\checkout.php:682
[2024-11-20 15:11:54] Error: [2] Undefined array key "Product_id" - C:\Users\jesma\Desktop\inventory_system\yros-main\inventory_system\views\pages\checkout.php:643
[2024-11-20 15:11:54] Error: [2] Undefined array key "satatus" - C:\Users\jesma\Desktop\inventory_system\yros-main\inventory_system\views\pages\checkout.php:645
[2024-11-20 15:11:54] Error: [2] Undefined variable $pos_id - C:\Users\jesma\Desktop\inventory_system\yros-main\inventory_system\views\pages\checkout.php:682
[2024-11-20 15:11:54] Error: [2] Undefined array key "Product_id" - C:\Users\jesma\Desktop\inventory_system\yros-main\inventory_system\views\pages\checkout.php:643
[2024-11-20 15:11:54] Error: [2] Undefined array key "satatus" - C:\Users\jesma\Desktop\inventory_system\yros-main\inventory_system\views\pages\checkout.php:645
[2024-11-20 15:11:54] Error: [2] Undefined variable $pos_id - C:\Users\jesma\Desktop\inventory_system\yros-main\inventory_system\views\pages\checkout.php:682
[2024-11-20 15:11:54] Error: [2] Undefined array key "Product_id" - C:\Users\jesma\Desktop\inventory_system\yros-main\inventory_system\views\pages\checkout.php:643
[2024-11-20 15:11:54] Error: [2] Undefined array key "satatus" - C:\Users\jesma\Desktop\inventory_system\yros-main\inventory_system\views\pages\checkout.php:645
[2024-11-20 15:11:54] Error: [2] Undefined variable $pos_id - C:\Users\jesma\Desktop\inventory_system\yros-main\inventory_system\views\pages\checkout.php:682
[2024-11-20 15:11:54] Error: [2] Undefined array key "Product_id" - C:\Users\jesma\Desktop\inventory_system\yros-main\inventory_system\views\pages\checkout.php:643
[2024-11-20 15:11:54] Error: [2] Undefined array key "satatus" - C:\Users\jesma\Desktop\inventory_system\yros-main\inventory_system\views\pages\checkout.php:645
[2024-11-20 15:11:54] Error: [2] Undefined variable $pos_id - C:\Users\jesma\Desktop\inventory_system\yros-main\inventory_system\views\pages\checkout.php:682
[2024-11-20 15:14:58] Error: [2] Undefined array key "Product_id" - C:\Users\jesma\Desktop\inventory_system\yros-main\inventory_system\views\pages\checkout.php:643
[2024-11-20 15:14:58] Error: [2] Undefined array key "satatus" - C:\Users\jesma\Desktop\inventory_system\yros-main\inventory_system\views\pages\checkout.php:645
[2024-11-20 15:14:58] Error: [2] Undefined variable $pos_id - C:\Users\jesma\Desktop\inventory_system\yros-main\inventory_system\views\pages\checkout.php:682
[2024-11-20 15:14:58] Error: [2] Undefined array key "Product_id" - C:\Users\jesma\Desktop\inventory_system\yros-main\inventory_system\views\pages\checkout.php:643
[2024-11-20 15:14:58] Error: [2] Undefined array key "satatus" - C:\Users\jesma\Desktop\inventory_system\yros-main\inventory_system\views\pages\checkout.php:645
[2024-11-20 15:14:58] Error: [2] Undefined variable $pos_id - C:\Users\jesma\Desktop\inventory_system\yros-main\inventory_system\views\pages\checkout.php:682
[2024-11-20 15:14:58] Error: [2] Undefined array key "Product_id" - C:\Users\jesma\Desktop\inventory_system\yros-main\inventory_system\views\pages\checkout.php:643
[2024-11-20 15:14:58] Error: [2] Undefined array key "satatus" - C:\Users\jesma\Desktop\inventory_system\yros-main\inventory_system\views\pages\checkout.php:645
[2024-11-20 15:14:58] Error: [2] Undefined variable $pos_id - C:\Users\jesma\Desktop\inventory_system\yros-main\inventory_system\views\pages\checkout.php:682
[2024-11-20 15:14:58] Error: [2] Undefined array key "Product_id" - C:\Users\jesma\Desktop\inventory_system\yros-main\inventory_system\views\pages\checkout.php:643
[2024-11-20 15:14:58] Error: [2] Undefined array key "satatus" - C:\Users\jesma\Desktop\inventory_system\yros-main\inventory_system\views\pages\checkout.php:645
[2024-11-20 15:14:58] Error: [2] Undefined variable $pos_id - C:\Users\jesma\Desktop\inventory_system\yros-main\inventory_system\views\pages\checkout.php:682
[2024-11-20 15:14:58] Error: [2] Undefined array key "Product_id" - C:\Users\jesma\Desktop\inventory_system\yros-main\inventory_system\views\pages\checkout.php:643
[2024-11-20 15:14:58] Error: [2] Undefined array key "satatus" - C:\Users\jesma\Desktop\inventory_system\yros-main\inventory_system\views\pages\checkout.php:645
[2024-11-20 15:14:58] Error: [2] Undefined variable $pos_id - C:\Users\jesma\Desktop\inventory_system\yros-main\inventory_system\views\pages\checkout.php:682
[2024-11-20 15:14:58] Error: [2] Undefined array key "Product_id" - C:\Users\jesma\Desktop\inventory_system\yros-main\inventory_system\views\pages\checkout.php:643
[2024-11-20 15:14:58] Error: [2] Undefined array key "satatus" - C:\Users\jesma\Desktop\inventory_system\yros-main\inventory_system\views\pages\checkout.php:645
[2024-11-20 15:14:58] Error: [2] Undefined variable $pos_id - C:\Users\jesma\Desktop\inventory_system\yros-main\inventory_system\views\pages\checkout.php:682
[2024-11-20 15:15:53] Error: [2] Undefined array key "Product_id" - C:\Users\jesma\Desktop\inventory_system\yros-main\inventory_system\views\pages\checkout.php:643
[2024-11-20 15:15:53] Error: [2] Undefined array key "satatus" - C:\Users\jesma\Desktop\inventory_system\yros-main\inventory_system\views\pages\checkout.php:645
[2024-11-20 15:15:53] Error: [2] Undefined variable $pos_id - C:\Users\jesma\Desktop\inventory_system\yros-main\inventory_system\views\pages\checkout.php:682
[2024-11-20 15:15:53] Error: [2] Undefined array key "Product_id" - C:\Users\jesma\Desktop\inventory_system\yros-main\inventory_system\views\pages\checkout.php:643
[2024-11-20 15:15:53] Error: [2] Undefined array key "satatus" - C:\Users\jesma\Desktop\inventory_system\yros-main\inventory_system\views\pages\checkout.php:645
[2024-11-20 15:15:53] Error: [2] Undefined variable $pos_id - C:\Users\jesma\Desktop\inventory_system\yros-main\inventory_system\views\pages\checkout.php:682
[2024-11-20 15:15:53] Error: [2] Undefined array key "Product_id" - C:\Users\jesma\Desktop\inventory_system\yros-main\inventory_system\views\pages\checkout.php:643
[2024-11-20 15:15:53] Error: [2] Undefined array key "satatus" - C:\Users\jesma\Desktop\inventory_system\yros-main\inventory_system\views\pages\checkout.php:645
[2024-11-20 15:15:53] Error: [2] Undefined variable $pos_id - C:\Users\jesma\Desktop\inventory_system\yros-main\inventory_system\views\pages\checkout.php:682
[2024-11-20 15:15:53] Error: [2] Undefined array key "Product_id" - C:\Users\jesma\Desktop\inventory_system\yros-main\inventory_system\views\pages\checkout.php:643
[2024-11-20 15:15:53] Error: [2] Undefined array key "satatus" - C:\Users\jesma\Desktop\inventory_system\yros-main\inventory_system\views\pages\checkout.php:645
[2024-11-20 15:15:53] Error: [2] Undefined variable $pos_id - C:\Users\jesma\Desktop\inventory_system\yros-main\inventory_system\views\pages\checkout.php:682
[2024-11-20 15:15:53] Error: [2] Undefined array key "Product_id" - C:\Users\jesma\Desktop\inventory_system\yros-main\inventory_system\views\pages\checkout.php:643
[2024-11-20 15:15:53] Error: [2] Undefined array key "satatus" - C:\Users\jesma\Desktop\inventory_system\yros-main\inventory_system\views\pages\checkout.php:645
[2024-11-20 15:15:53] Error: [2] Undefined variable $pos_id - C:\Users\jesma\Desktop\inventory_system\yros-main\inventory_system\views\pages\checkout.php:682
[2024-11-20 15:15:53] Error: [2] Undefined array key "Product_id" - C:\Users\jesma\Desktop\inventory_system\yros-main\inventory_system\views\pages\checkout.php:643
[2024-11-20 15:15:53] Error: [2] Undefined array key "satatus" - C:\Users\jesma\Desktop\inventory_system\yros-main\inventory_system\views\pages\checkout.php:645
[2024-11-20 15:15:53] Error: [2] Undefined variable $pos_id - C:\Users\jesma\Desktop\inventory_system\yros-main\inventory_system\views\pages\checkout.php:682
[2024-11-20 15:21:09] Error: [2] Undefined array key "Product_id" - C:\Users\jesma\Desktop\inventory_system\yros-main\inventory_system\views\pages\checkout.php:643
[2024-11-20 15:21:09] Error: [2] Undefined array key "satatus" - C:\Users\jesma\Desktop\inventory_system\yros-main\inventory_system\views\pages\checkout.php:645
[2024-11-20 15:21:09] Error: [2] Undefined variable $pos_id - C:\Users\jesma\Desktop\inventory_system\yros-main\inventory_system\views\pages\checkout.php:682
[2024-11-20 15:21:09] Error: [2] Undefined array key "Product_id" - C:\Users\jesma\Desktop\inventory_system\yros-main\inventory_system\views\pages\checkout.php:643
[2024-11-20 15:21:09] Error: [2] Undefined array key "satatus" - C:\Users\jesma\Desktop\inventory_system\yros-main\inventory_system\views\pages\checkout.php:645
[2024-11-20 15:21:09] Error: [2] Undefined variable $pos_id - C:\Users\jesma\Desktop\inventory_system\yros-main\inventory_system\views\pages\checkout.php:682
[2024-11-20 15:21:09] Error: [2] Undefined array key "Product_id" - C:\Users\jesma\Desktop\inventory_system\yros-main\inventory_system\views\pages\checkout.php:643
[2024-11-20 15:21:09] Error: [2] Undefined array key "satatus" - C:\Users\jesma\Desktop\inventory_system\yros-main\inventory_system\views\pages\checkout.php:645
[2024-11-20 15:21:09] Error: [2] Undefined variable $pos_id - C:\Users\jesma\Desktop\inventory_system\yros-main\inventory_system\views\pages\checkout.php:682
[2024-11-20 15:21:09] Error: [2] Undefined array key "Product_id" - C:\Users\jesma\Desktop\inventory_system\yros-main\inventory_system\views\pages\checkout.php:643
[2024-11-20 15:21:09] Error: [2] Undefined array key "satatus" - C:\Users\jesma\Desktop\inventory_system\yros-main\inventory_system\views\pages\checkout.php:645
[2024-11-20 15:21:09] Error: [2] Undefined variable $pos_id - C:\Users\jesma\Desktop\inventory_system\yros-main\inventory_system\views\pages\checkout.php:682
[2024-11-20 15:21:09] Error: [2] Undefined array key "Product_id" - C:\Users\jesma\Desktop\inventory_system\yros-main\inventory_system\views\pages\checkout.php:643
[2024-11-20 15:21:09] Error: [2] Undefined array key "satatus" - C:\Users\jesma\Desktop\inventory_system\yros-main\inventory_system\views\pages\checkout.php:645
[2024-11-20 15:21:09] Error: [2] Undefined variable $pos_id - C:\Users\jesma\Desktop\inventory_system\yros-main\inventory_system\views\pages\checkout.php:682
[2024-11-20 15:21:09] Error: [2] Undefined array key "Product_id" - C:\Users\jesma\Desktop\inventory_system\yros-main\inventory_system\views\pages\checkout.php:643
[2024-11-20 15:21:09] Error: [2] Undefined array key "satatus" - C:\Users\jesma\Desktop\inventory_system\yros-main\inventory_system\views\pages\checkout.php:645
[2024-11-20 15:21:09] Error: [2] Undefined variable $pos_id - C:\Users\jesma\Desktop\inventory_system\yros-main\inventory_system\views\pages\checkout.php:682
[2024-11-20 15:21:30] Error: [2] Undefined array key "Product_id" - C:\Users\jesma\Desktop\inventory_system\yros-main\inventory_system\views\pages\checkout.php:643
[2024-11-20 15:21:30] Error: [2] Undefined array key "satatus" - C:\Users\jesma\Desktop\inventory_system\yros-main\inventory_system\views\pages\checkout.php:645
[2024-11-20 15:21:30] Error: [2] Undefined variable $pos_id - C:\Users\jesma\Desktop\inventory_system\yros-main\inventory_system\views\pages\checkout.php:682
[2024-11-20 15:21:30] Error: [2] Undefined array key "Product_id" - C:\Users\jesma\Desktop\inventory_system\yros-main\inventory_system\views\pages\checkout.php:643
[2024-11-20 15:21:30] Error: [2] Undefined array key "satatus" - C:\Users\jesma\Desktop\inventory_system\yros-main\inventory_system\views\pages\checkout.php:645
[2024-11-20 15:21:30] Error: [2] Undefined variable $pos_id - C:\Users\jesma\Desktop\inventory_system\yros-main\inventory_system\views\pages\checkout.php:682
[2024-11-20 15:21:30] Error: [2] Undefined array key "Product_id" - C:\Users\jesma\Desktop\inventory_system\yros-main\inventory_system\views\pages\checkout.php:643
[2024-11-20 15:21:30] Error: [2] Undefined array key "satatus" - C:\Users\jesma\Desktop\inventory_system\yros-main\inventory_system\views\pages\checkout.php:645
[2024-11-20 15:21:30] Error: [2] Undefined variable $pos_id - C:\Users\jesma\Desktop\inventory_system\yros-main\inventory_system\views\pages\checkout.php:682
[2024-11-20 15:21:30] Error: [2] Undefined array key "Product_id" - C:\Users\jesma\Desktop\inventory_system\yros-main\inventory_system\views\pages\checkout.php:643
[2024-11-20 15:21:30] Error: [2] Undefined array key "satatus" - C:\Users\jesma\Desktop\inventory_system\yros-main\inventory_system\views\pages\checkout.php:645
[2024-11-20 15:21:30] Error: [2] Undefined variable $pos_id - C:\Users\jesma\Desktop\inventory_system\yros-main\inventory_system\views\pages\checkout.php:682
[2024-11-20 15:21:30] Error: [2] Undefined array key "Product_id" - C:\Users\jesma\Desktop\inventory_system\yros-main\inventory_system\views\pages\checkout.php:643
[2024-11-20 15:21:30] Error: [2] Undefined array key "satatus" - C:\Users\jesma\Desktop\inventory_system\yros-main\inventory_system\views\pages\checkout.php:645
[2024-11-20 15:21:30] Error: [2] Undefined variable $pos_id - C:\Users\jesma\Desktop\inventory_system\yros-main\inventory_system\views\pages\checkout.php:682
[2024-11-20 15:21:30] Error: [2] Undefined array key "Product_id" - C:\Users\jesma\Desktop\inventory_system\yros-main\inventory_system\views\pages\checkout.php:643
[2024-11-20 15:21:30] Error: [2] Undefined array key "satatus" - C:\Users\jesma\Desktop\inventory_system\yros-main\inventory_system\views\pages\checkout.php:645
[2024-11-20 15:21:30] Error: [2] Undefined variable $pos_id - C:\Users\jesma\Desktop\inventory_system\yros-main\inventory_system\views\pages\checkout.php:682
[2024-11-20 15:22:47] Error: [2] Undefined array key "Product_id" - C:\Users\jesma\Desktop\inventory_system\yros-main\inventory_system\views\pages\checkout.php:643
[2024-11-20 15:22:47] Error: [2] Undefined array key "satatus" - C:\Users\jesma\Desktop\inventory_system\yros-main\inventory_system\views\pages\checkout.php:645
[2024-11-20 15:22:47] Error: [2] Undefined variable $pos_id - C:\Users\jesma\Desktop\inventory_system\yros-main\inventory_system\views\pages\checkout.php:682
[2024-11-20 15:22:47] Error: [2] Undefined array key "Product_id" - C:\Users\jesma\Desktop\inventory_system\yros-main\inventory_system\views\pages\checkout.php:643
[2024-11-20 15:22:47] Error: [2] Undefined array key "satatus" - C:\Users\jesma\Desktop\inventory_system\yros-main\inventory_system\views\pages\checkout.php:645
[2024-11-20 15:22:47] Error: [2] Undefined variable $pos_id - C:\Users\jesma\Desktop\inventory_system\yros-main\inventory_system\views\pages\checkout.php:682
[2024-11-20 15:22:47] Error: [2] Undefined array key "Product_id" - C:\Users\jesma\Desktop\inventory_system\yros-main\inventory_system\views\pages\checkout.php:643
[2024-11-20 15:22:47] Error: [2] Undefined array key "satatus" - C:\Users\jesma\Desktop\inventory_system\yros-main\inventory_system\views\pages\checkout.php:645
[2024-11-20 15:22:47] Error: [2] Undefined variable $pos_id - C:\Users\jesma\Desktop\inventory_system\yros-main\inventory_system\views\pages\checkout.php:682
[2024-11-20 15:22:47] Error: [2] Undefined array key "Product_id" - C:\Users\jesma\Desktop\inventory_system\yros-main\inventory_system\views\pages\checkout.php:643
[2024-11-20 15:22:47] Error: [2] Undefined array key "satatus" - C:\Users\jesma\Desktop\inventory_system\yros-main\inventory_system\views\pages\checkout.php:645
[2024-11-20 15:22:47] Error: [2] Undefined variable $pos_id - C:\Users\jesma\Desktop\inventory_system\yros-main\inventory_system\views\pages\checkout.php:682
[2024-11-20 15:22:47] Error: [2] Undefined array key "Product_id" - C:\Users\jesma\Desktop\inventory_system\yros-main\inventory_system\views\pages\checkout.php:643
[2024-11-20 15:22:47] Error: [2] Undefined array key "satatus" - C:\Users\jesma\Desktop\inventory_system\yros-main\inventory_system\views\pages\checkout.php:645
[2024-11-20 15:22:47] Error: [2] Undefined variable $pos_id - C:\Users\jesma\Desktop\inventory_system\yros-main\inventory_system\views\pages\checkout.php:682
[2024-11-20 15:22:47] Error: [2] Undefined array key "Product_id" - C:\Users\jesma\Desktop\inventory_system\yros-main\inventory_system\views\pages\checkout.php:643
[2024-11-20 15:22:47] Error: [2] Undefined array key "satatus" - C:\Users\jesma\Desktop\inventory_system\yros-main\inventory_system\views\pages\checkout.php:645
[2024-11-20 15:22:47] Error: [2] Undefined variable $pos_id - C:\Users\jesma\Desktop\inventory_system\yros-main\inventory_system\views\pages\checkout.php:682
[2024-11-20 15:23:03] Error: [2] Undefined array key "Product_id" - C:\Users\jesma\Desktop\inventory_system\yros-main\inventory_system\views\pages\checkout.php:643
[2024-11-20 15:23:03] Error: [2] Undefined array key "satatus" - C:\Users\jesma\Desktop\inventory_system\yros-main\inventory_system\views\pages\checkout.php:645
[2024-11-20 15:23:03] Error: [2] Undefined variable $pos_id - C:\Users\jesma\Desktop\inventory_system\yros-main\inventory_system\views\pages\checkout.php:682
[2024-11-20 15:23:03] Error: [2] Undefined array key "Product_id" - C:\Users\jesma\Desktop\inventory_system\yros-main\inventory_system\views\pages\checkout.php:643
[2024-11-20 15:23:03] Error: [2] Undefined array key "satatus" - C:\Users\jesma\Desktop\inventory_system\yros-main\inventory_system\views\pages\checkout.php:645
[2024-11-20 15:23:03] Error: [2] Undefined variable $pos_id - C:\Users\jesma\Desktop\inventory_system\yros-main\inventory_system\views\pages\checkout.php:682
[2024-11-20 15:23:03] Error: [2] Undefined array key "Product_id" - C:\Users\jesma\Desktop\inventory_system\yros-main\inventory_system\views\pages\checkout.php:643
[2024-11-20 15:23:03] Error: [2] Undefined array key "satatus" - C:\Users\jesma\Desktop\inventory_system\yros-main\inventory_system\views\pages\checkout.php:645
[2024-11-20 15:23:03] Error: [2] Undefined variable $pos_id - C:\Users\jesma\Desktop\inventory_system\yros-main\inventory_system\views\pages\checkout.php:682
[2024-11-20 15:23:03] Error: [2] Undefined array key "Product_id" - C:\Users\jesma\Desktop\inventory_system\yros-main\inventory_system\views\pages\checkout.php:643
[2024-11-20 15:23:03] Error: [2] Undefined array key "satatus" - C:\Users\jesma\Desktop\inventory_system\yros-main\inventory_system\views\pages\checkout.php:645
[2024-11-20 15:23:03] Error: [2] Undefined variable $pos_id - C:\Users\jesma\Desktop\inventory_system\yros-main\inventory_system\views\pages\checkout.php:682
[2024-11-20 15:23:03] Error: [2] Undefined array key "Product_id" - C:\Users\jesma\Desktop\inventory_system\yros-main\inventory_system\views\pages\checkout.php:643
[2024-11-20 15:23:03] Error: [2] Undefined array key "satatus" - C:\Users\jesma\Desktop\inventory_system\yros-main\inventory_system\views\pages\checkout.php:645
[2024-11-20 15:23:03] Error: [2] Undefined variable $pos_id - C:\Users\jesma\Desktop\inventory_system\yros-main\inventory_system\views\pages\checkout.php:682
[2024-11-20 15:23:03] Error: [2] Undefined array key "Product_id" - C:\Users\jesma\Desktop\inventory_system\yros-main\inventory_system\views\pages\checkout.php:643
[2024-11-20 15:23:03] Error: [2] Undefined array key "satatus" - C:\Users\jesma\Desktop\inventory_system\yros-main\inventory_system\views\pages\checkout.php:645
[2024-11-20 15:23:03] Error: [2] Undefined variable $pos_id - C:\Users\jesma\Desktop\inventory_system\yros-main\inventory_system\views\pages\checkout.php:682
[2024-11-20 15:27:22] Error: [2] Undefined array key "Product_id" - C:\Users\jesma\Desktop\inventory_system\yros-main\inventory_system\views\pages\checkout.php:643
[2024-11-20 15:27:22] Error: [2] Undefined array key "satatus" - C:\Users\jesma\Desktop\inventory_system\yros-main\inventory_system\views\pages\checkout.php:645
[2024-11-20 15:27:22] Error: [2] Undefined variable $pos_id - C:\Users\jesma\Desktop\inventory_system\yros-main\inventory_system\views\pages\checkout.php:682
[2024-11-20 15:27:22] Error: [2] Undefined array key "Product_id" - C:\Users\jesma\Desktop\inventory_system\yros-main\inventory_system\views\pages\checkout.php:643
[2024-11-20 15:27:22] Error: [2] Undefined array key "satatus" - C:\Users\jesma\Desktop\inventory_system\yros-main\inventory_system\views\pages\checkout.php:645
[2024-11-20 15:27:22] Error: [2] Undefined variable $pos_id - C:\Users\jesma\Desktop\inventory_system\yros-main\inventory_system\views\pages\checkout.php:682
[2024-11-20 15:27:22] Error: [2] Undefined array key "Product_id" - C:\Users\jesma\Desktop\inventory_system\yros-main\inventory_system\views\pages\checkout.php:643
[2024-11-20 15:27:22] Error: [2] Undefined array key "satatus" - C:\Users\jesma\Desktop\inventory_system\yros-main\inventory_system\views\pages\checkout.php:645
[2024-11-20 15:27:22] Error: [2] Undefined variable $pos_id - C:\Users\jesma\Desktop\inventory_system\yros-main\inventory_system\views\pages\checkout.php:682
[2024-11-20 15:27:22] Error: [2] Undefined array key "Product_id" - C:\Users\jesma\Desktop\inventory_system\yros-main\inventory_system\views\pages\checkout.php:643
[2024-11-20 15:27:22] Error: [2] Undefined array key "satatus" - C:\Users\jesma\Desktop\inventory_system\yros-main\inventory_system\views\pages\checkout.php:645
[2024-11-20 15:27:22] Error: [2] Undefined variable $pos_id - C:\Users\jesma\Desktop\inventory_system\yros-main\inventory_system\views\pages\checkout.php:682
[2024-11-20 15:27:22] Error: [2] Undefined array key "Product_id" - C:\Users\jesma\Desktop\inventory_system\yros-main\inventory_system\views\pages\checkout.php:643
[2024-11-20 15:27:22] Error: [2] Undefined array key "satatus" - C:\Users\jesma\Desktop\inventory_system\yros-main\inventory_system\views\pages\checkout.php:645
[2024-11-20 15:27:22] Error: [2] Undefined variable $pos_id - C:\Users\jesma\Desktop\inventory_system\yros-main\inventory_system\views\pages\checkout.php:682
[2024-11-20 15:27:22] Error: [2] Undefined array key "Product_id" - C:\Users\jesma\Desktop\inventory_system\yros-main\inventory_system\views\pages\checkout.php:643
[2024-11-20 15:27:22] Error: [2] Undefined array key "satatus" - C:\Users\jesma\Desktop\inventory_system\yros-main\inventory_system\views\pages\checkout.php:645
[2024-11-20 15:27:22] Error: [2] Undefined variable $pos_id - C:\Users\jesma\Desktop\inventory_system\yros-main\inventory_system\views\pages\checkout.php:682
[2024-11-20 15:28:43] Error: [2] Undefined array key "Product_id" - C:\Users\jesma\Desktop\inventory_system\yros-main\inventory_system\views\pages\checkout.php:643
[2024-11-20 15:28:43] Error: [2] Undefined array key "satatus" - C:\Users\jesma\Desktop\inventory_system\yros-main\inventory_system\views\pages\checkout.php:645
[2024-11-20 15:28:43] Error: [2] Undefined variable $pos_id - C:\Users\jesma\Desktop\inventory_system\yros-main\inventory_system\views\pages\checkout.php:682
[2024-11-20 15:28:43] Error: [2] Undefined array key "Product_id" - C:\Users\jesma\Desktop\inventory_system\yros-main\inventory_system\views\pages\checkout.php:643
[2024-11-20 15:28:43] Error: [2] Undefined array key "satatus" - C:\Users\jesma\Desktop\inventory_system\yros-main\inventory_system\views\pages\checkout.php:645
[2024-11-20 15:28:43] Error: [2] Undefined variable $pos_id - C:\Users\jesma\Desktop\inventory_system\yros-main\inventory_system\views\pages\checkout.php:682
[2024-11-20 15:28:43] Error: [2] Undefined array key "Product_id" - C:\Users\jesma\Desktop\inventory_system\yros-main\inventory_system\views\pages\checkout.php:643
[2024-11-20 15:28:43] Error: [2] Undefined array key "satatus" - C:\Users\jesma\Desktop\inventory_system\yros-main\inventory_system\views\pages\checkout.php:645
[2024-11-20 15:28:43] Error: [2] Undefined variable $pos_id - C:\Users\jesma\Desktop\inventory_system\yros-main\inventory_system\views\pages\checkout.php:682
[2024-11-20 15:28:43] Error: [2] Undefined array key "Product_id" - C:\Users\jesma\Desktop\inventory_system\yros-main\inventory_system\views\pages\checkout.php:643
[2024-11-20 15:28:43] Error: [2] Undefined array key "satatus" - C:\Users\jesma\Desktop\inventory_system\yros-main\inventory_system\views\pages\checkout.php:645
[2024-11-20 15:28:43] Error: [2] Undefined variable $pos_id - C:\Users\jesma\Desktop\inventory_system\yros-main\inventory_system\views\pages\checkout.php:682
[2024-11-20 15:28:43] Error: [2] Undefined array key "Product_id" - C:\Users\jesma\Desktop\inventory_system\yros-main\inventory_system\views\pages\checkout.php:643
[2024-11-20 15:28:43] Error: [2] Undefined array key "satatus" - C:\Users\jesma\Desktop\inventory_system\yros-main\inventory_system\views\pages\checkout.php:645
[2024-11-20 15:28:43] Error: [2] Undefined variable $pos_id - C:\Users\jesma\Desktop\inventory_system\yros-main\inventory_system\views\pages\checkout.php:682
[2024-11-20 15:28:43] Error: [2] Undefined array key "Product_id" - C:\Users\jesma\Desktop\inventory_system\yros-main\inventory_system\views\pages\checkout.php:643
[2024-11-20 15:28:43] Error: [2] Undefined array key "satatus" - C:\Users\jesma\Desktop\inventory_system\yros-main\inventory_system\views\pages\checkout.php:645
[2024-11-20 15:28:43] Error: [2] Undefined variable $pos_id - C:\Users\jesma\Desktop\inventory_system\yros-main\inventory_system\views\pages\checkout.php:682
[2024-11-20 15:30:15] Error: [2] Undefined array key "Product_id" - C:\Users\jesma\Desktop\inventory_system\yros-main\inventory_system\views\pages\checkout.php:643
[2024-11-20 15:30:15] Error: [2] Undefined array key "satatus" - C:\Users\jesma\Desktop\inventory_system\yros-main\inventory_system\views\pages\checkout.php:645
[2024-11-20 15:30:15] Error: [2] Undefined variable $pos_id - C:\Users\jesma\Desktop\inventory_system\yros-main\inventory_system\views\pages\checkout.php:682
[2024-11-20 15:30:15] Error: [2] Undefined array key "Product_id" - C:\Users\jesma\Desktop\inventory_system\yros-main\inventory_system\views\pages\checkout.php:643
[2024-11-20 15:30:15] Error: [2] Undefined array key "satatus" - C:\Users\jesma\Desktop\inventory_system\yros-main\inventory_system\views\pages\checkout.php:645
[2024-11-20 15:30:15] Error: [2] Undefined variable $pos_id - C:\Users\jesma\Desktop\inventory_system\yros-main\inventory_system\views\pages\checkout.php:682
[2024-11-20 15:30:15] Error: [2] Undefined array key "Product_id" - C:\Users\jesma\Desktop\inventory_system\yros-main\inventory_system\views\pages\checkout.php:643
[2024-11-20 15:30:15] Error: [2] Undefined array key "satatus" - C:\Users\jesma\Desktop\inventory_system\yros-main\inventory_system\views\pages\checkout.php:645
[2024-11-20 15:30:15] Error: [2] Undefined variable $pos_id - C:\Users\jesma\Desktop\inventory_system\yros-main\inventory_system\views\pages\checkout.php:682
[2024-11-20 15:30:15] Error: [2] Undefined array key "Product_id" - C:\Users\jesma\Desktop\inventory_system\yros-main\inventory_system\views\pages\checkout.php:643
[2024-11-20 15:30:15] Error: [2] Undefined array key "satatus" - C:\Users\jesma\Desktop\inventory_system\yros-main\inventory_system\views\pages\checkout.php:645
[2024-11-20 15:30:15] Error: [2] Undefined variable $pos_id - C:\Users\jesma\Desktop\inventory_system\yros-main\inventory_system\views\pages\checkout.php:682
[2024-11-20 15:30:15] Error: [2] Undefined array key "Product_id" - C:\Users\jesma\Desktop\inventory_system\yros-main\inventory_system\views\pages\checkout.php:643
[2024-11-20 15:30:15] Error: [2] Undefined array key "satatus" - C:\Users\jesma\Desktop\inventory_system\yros-main\inventory_system\views\pages\checkout.php:645
[2024-11-20 15:30:15] Error: [2] Undefined variable $pos_id - C:\Users\jesma\Desktop\inventory_system\yros-main\inventory_system\views\pages\checkout.php:682
[2024-11-20 15:30:15] Error: [2] Undefined array key "Product_id" - C:\Users\jesma\Desktop\inventory_system\yros-main\inventory_system\views\pages\checkout.php:643
[2024-11-20 15:30:15] Error: [2] Undefined array key "satatus" - C:\Users\jesma\Desktop\inventory_system\yros-main\inventory_system\views\pages\checkout.php:645
[2024-11-20 15:30:15] Error: [2] Undefined variable $pos_id - C:\Users\jesma\Desktop\inventory_system\yros-main\inventory_system\views\pages\checkout.php:682
