[2024-12-24 01:05:18] Error: [2] Array to string conversion - C:\Users\jesma\Desktop\inventory_system\yros-main\inventory_system\views\pages\dashboard.php:39
[2024-12-24 01:05:18] Error: [2] Array to string conversion - C:\Users\jesma\Desktop\inventory_system\yros-main\inventory_system\views\pages\dashboard.php:156
[2024-12-24 01:06:05] Error: [2] Undefined array key "Description" - C:\Users\jesma\Desktop\inventory_system\yros-main\inventory_system\views\pages\saleslist.php:148
[2024-12-24 01:06:05] Error: [2] Undefined array key "Image" - C:\Users\jesma\Desktop\inventory_system\yros-main\inventory_system\views\pages\saleslist.php:149
[2024-12-24 01:06:05] Error: [2] Undefined array key "Description" - C:\Users\jesma\Desktop\inventory_system\yros-main\inventory_system\views\pages\saleslist.php:148
[2024-12-24 01:06:05] Error: [2] Undefined array key "Image" - C:\Users\jesma\Desktop\inventory_system\yros-main\inventory_system\views\pages\saleslist.php:149
[2024-12-24 01:06:05] Error: [2] Undefined array key "Description" - C:\Users\jesma\Desktop\inventory_system\yros-main\inventory_system\views\pages\saleslist.php:148
[2024-12-24 01:06:05] Error: [2] Undefined array key "Image" - C:\Users\jesma\Desktop\inventory_system\yros-main\inventory_system\views\pages\saleslist.php:149
[2024-12-24 01:06:05] Error: [2] Undefined array key "Description" - C:\Users\jesma\Desktop\inventory_system\yros-main\inventory_system\views\pages\saleslist.php:148
[2024-12-24 01:06:05] Error: [2] Undefined array key "Image" - C:\Users\jesma\Desktop\inventory_system\yros-main\inventory_system\views\pages\saleslist.php:149
[2024-12-24 01:06:05] Error: [2] Undefined array key "Description" - C:\Users\jesma\Desktop\inventory_system\yros-main\inventory_system\views\pages\saleslist.php:148
[2024-12-24 01:06:05] Error: [2] Undefined array key "Image" - C:\Users\jesma\Desktop\inventory_system\yros-main\inventory_system\views\pages\saleslist.php:149
[2024-12-24 01:06:05] Error: [2] Undefined array key "Description" - C:\Users\jesma\Desktop\inventory_system\yros-main\inventory_system\views\pages\saleslist.php:148
[2024-12-24 01:06:05] Error: [2] Undefined array key "Image" - C:\Users\jesma\Desktop\inventory_system\yros-main\inventory_system\views\pages\saleslist.php:149
[2024-12-24 01:06:05] Error: [2] Undefined array key "Description" - C:\Users\jesma\Desktop\inventory_system\yros-main\inventory_system\views\pages\saleslist.php:148
[2024-12-24 01:06:05] Error: [2] Undefined array key "Image" - C:\Users\jesma\Desktop\inventory_system\yros-main\inventory_system\views\pages\saleslist.php:149
[2024-12-24 01:06:05] Error: [2] Undefined array key "Description" - C:\Users\jesma\Desktop\inventory_system\yros-main\inventory_system\views\pages\saleslist.php:148
[2024-12-24 01:06:05] Error: [2] Undefined array key "Image" - C:\Users\jesma\Desktop\inventory_system\yros-main\inventory_system\views\pages\saleslist.php:149
[2024-12-24 01:06:05] Error: [2] Undefined array key "Description" - C:\Users\jesma\Desktop\inventory_system\yros-main\inventory_system\views\pages\saleslist.php:148
[2024-12-24 01:06:05] Error: [2] Undefined array key "Image" - C:\Users\jesma\Desktop\inventory_system\yros-main\inventory_system\views\pages\saleslist.php:149
[2024-12-24 01:06:05] Error: [2] Undefined array key "Description" - C:\Users\jesma\Desktop\inventory_system\yros-main\inventory_system\views\pages\saleslist.php:148
[2024-12-24 01:06:05] Error: [2] Undefined array key "Image" - C:\Users\jesma\Desktop\inventory_system\yros-main\inventory_system\views\pages\saleslist.php:149
[2024-12-24 01:06:05] Error: [2] Undefined array key "Description" - C:\Users\jesma\Desktop\inventory_system\yros-main\inventory_system\views\pages\saleslist.php:148
[2024-12-24 01:06:05] Error: [2] Undefined array key "Image" - C:\Users\jesma\Desktop\inventory_system\yros-main\inventory_system\views\pages\saleslist.php:149
[2024-12-24 01:06:05] Error: [2] Undefined array key "Description" - C:\Users\jesma\Desktop\inventory_system\yros-main\inventory_system\views\pages\saleslist.php:148
[2024-12-24 01:06:05] Error: [2] Undefined array key "Image" - C:\Users\jesma\Desktop\inventory_system\yros-main\inventory_system\views\pages\saleslist.php:149
[2024-12-24 01:06:05] Error: [2] Undefined array key "Description" - C:\Users\jesma\Desktop\inventory_system\yros-main\inventory_system\views\pages\saleslist.php:148
[2024-12-24 01:06:05] Error: [2] Undefined array key "Image" - C:\Users\jesma\Desktop\inventory_system\yros-main\inventory_system\views\pages\saleslist.php:149
[2024-12-24 01:06:05] Error: [2] Undefined array key "Description" - C:\Users\jesma\Desktop\inventory_system\yros-main\inventory_system\views\pages\saleslist.php:148
[2024-12-24 01:06:05] Error: [2] Undefined array key "Image" - C:\Users\jesma\Desktop\inventory_system\yros-main\inventory_system\views\pages\saleslist.php:149
[2024-12-24 01:06:05] Error: [2] Undefined array key "Description" - C:\Users\jesma\Desktop\inventory_system\yros-main\inventory_system\views\pages\saleslist.php:148
[2024-12-24 01:06:05] Error: [2] Undefined array key "Image" - C:\Users\jesma\Desktop\inventory_system\yros-main\inventory_system\views\pages\saleslist.php:149
[2024-12-24 01:06:05] Error: [2] Undefined array key "Description" - C:\Users\jesma\Desktop\inventory_system\yros-main\inventory_system\views\pages\saleslist.php:148
[2024-12-24 01:06:05] Error: [2] Undefined array key "Image" - C:\Users\jesma\Desktop\inventory_system\yros-main\inventory_system\views\pages\saleslist.php:149
[2024-12-24 01:06:05] Error: [2] Undefined array key "Description" - C:\Users\jesma\Desktop\inventory_system\yros-main\inventory_system\views\pages\saleslist.php:148
[2024-12-24 01:06:05] Error: [2] Undefined array key "Image" - C:\Users\jesma\Desktop\inventory_system\yros-main\inventory_system\views\pages\saleslist.php:149
[2024-12-24 01:06:05] Error: [2] Undefined array key "Description" - C:\Users\jesma\Desktop\inventory_system\yros-main\inventory_system\views\pages\saleslist.php:148
[2024-12-24 01:06:05] Error: [2] Undefined array key "Image" - C:\Users\jesma\Desktop\inventory_system\yros-main\inventory_system\views\pages\saleslist.php:149
[2024-12-24 01:06:05] Error: [2] Undefined array key "Description" - C:\Users\jesma\Desktop\inventory_system\yros-main\inventory_system\views\pages\saleslist.php:148
[2024-12-24 01:06:05] Error: [2] Undefined array key "Image" - C:\Users\jesma\Desktop\inventory_system\yros-main\inventory_system\views\pages\saleslist.php:149
[2024-12-24 01:06:05] Error: [2] Undefined array key "Description" - C:\Users\jesma\Desktop\inventory_system\yros-main\inventory_system\views\pages\saleslist.php:148
[2024-12-24 01:06:05] Error: [2] Undefined array key "Image" - C:\Users\jesma\Desktop\inventory_system\yros-main\inventory_system\views\pages\saleslist.php:149
[2024-12-24 01:06:05] Error: [2] Undefined array key "Description" - C:\Users\jesma\Desktop\inventory_system\yros-main\inventory_system\views\pages\saleslist.php:148
[2024-12-24 01:06:05] Error: [2] Undefined array key "Image" - C:\Users\jesma\Desktop\inventory_system\yros-main\inventory_system\views\pages\saleslist.php:149
[2024-12-24 01:06:16] Error: [2] Undefined array key "Description" - C:\Users\jesma\Desktop\inventory_system\yros-main\inventory_system\views\pages\saleslist.php:148
[2024-12-24 01:06:16] Error: [2] Undefined array key "Image" - C:\Users\jesma\Desktop\inventory_system\yros-main\inventory_system\views\pages\saleslist.php:149
[2024-12-24 01:06:16] Error: [2] Undefined array key "Description" - C:\Users\jesma\Desktop\inventory_system\yros-main\inventory_system\views\pages\saleslist.php:148
[2024-12-24 01:06:16] Error: [2] Undefined array key "Image" - C:\Users\jesma\Desktop\inventory_system\yros-main\inventory_system\views\pages\saleslist.php:149
[2024-12-24 01:06:16] Error: [2] Undefined array key "Description" - C:\Users\jesma\Desktop\inventory_system\yros-main\inventory_system\views\pages\saleslist.php:148
[2024-12-24 01:06:16] Error: [2] Undefined array key "Image" - C:\Users\jesma\Desktop\inventory_system\yros-main\inventory_system\views\pages\saleslist.php:149
[2024-12-24 01:06:16] Error: [2] Undefined array key "Description" - C:\Users\jesma\Desktop\inventory_system\yros-main\inventory_system\views\pages\saleslist.php:148
[2024-12-24 01:06:16] Error: [2] Undefined array key "Image" - C:\Users\jesma\Desktop\inventory_system\yros-main\inventory_system\views\pages\saleslist.php:149
[2024-12-24 01:06:16] Error: [2] Undefined array key "Description" - C:\Users\jesma\Desktop\inventory_system\yros-main\inventory_system\views\pages\saleslist.php:148
[2024-12-24 01:06:16] Error: [2] Undefined array key "Image" - C:\Users\jesma\Desktop\inventory_system\yros-main\inventory_system\views\pages\saleslist.php:149
[2024-12-24 01:06:16] Error: [2] Undefined array key "Description" - C:\Users\jesma\Desktop\inventory_system\yros-main\inventory_system\views\pages\saleslist.php:148
[2024-12-24 01:06:16] Error: [2] Undefined array key "Image" - C:\Users\jesma\Desktop\inventory_system\yros-main\inventory_system\views\pages\saleslist.php:149
[2024-12-24 01:06:16] Error: [2] Undefined array key "Description" - C:\Users\jesma\Desktop\inventory_system\yros-main\inventory_system\views\pages\saleslist.php:148
[2024-12-24 01:06:16] Error: [2] Undefined array key "Image" - C:\Users\jesma\Desktop\inventory_system\yros-main\inventory_system\views\pages\saleslist.php:149
[2024-12-24 01:06:16] Error: [2] Undefined array key "Description" - C:\Users\jesma\Desktop\inventory_system\yros-main\inventory_system\views\pages\saleslist.php:148
[2024-12-24 01:06:16] Error: [2] Undefined array key "Image" - C:\Users\jesma\Desktop\inventory_system\yros-main\inventory_system\views\pages\saleslist.php:149
[2024-12-24 01:06:16] Error: [2] Undefined array key "Description" - C:\Users\jesma\Desktop\inventory_system\yros-main\inventory_system\views\pages\saleslist.php:148
[2024-12-24 01:06:16] Error: [2] Undefined array key "Image" - C:\Users\jesma\Desktop\inventory_system\yros-main\inventory_system\views\pages\saleslist.php:149
[2024-12-24 01:06:16] Error: [2] Undefined array key "Description" - C:\Users\jesma\Desktop\inventory_system\yros-main\inventory_system\views\pages\saleslist.php:148
[2024-12-24 01:06:16] Error: [2] Undefined array key "Image" - C:\Users\jesma\Desktop\inventory_system\yros-main\inventory_system\views\pages\saleslist.php:149
[2024-12-24 01:06:16] Error: [2] Undefined array key "Description" - C:\Users\jesma\Desktop\inventory_system\yros-main\inventory_system\views\pages\saleslist.php:148
[2024-12-24 01:06:16] Error: [2] Undefined array key "Image" - C:\Users\jesma\Desktop\inventory_system\yros-main\inventory_system\views\pages\saleslist.php:149
[2024-12-24 01:06:16] Error: [2] Undefined array key "Description" - C:\Users\jesma\Desktop\inventory_system\yros-main\inventory_system\views\pages\saleslist.php:148
[2024-12-24 01:06:16] Error: [2] Undefined array key "Image" - C:\Users\jesma\Desktop\inventory_system\yros-main\inventory_system\views\pages\saleslist.php:149
[2024-12-24 01:06:16] Error: [2] Undefined array key "Description" - C:\Users\jesma\Desktop\inventory_system\yros-main\inventory_system\views\pages\saleslist.php:148
[2024-12-24 01:06:16] Error: [2] Undefined array key "Image" - C:\Users\jesma\Desktop\inventory_system\yros-main\inventory_system\views\pages\saleslist.php:149
[2024-12-24 01:06:16] Error: [2] Undefined array key "Description" - C:\Users\jesma\Desktop\inventory_system\yros-main\inventory_system\views\pages\saleslist.php:148
[2024-12-24 01:06:16] Error: [2] Undefined array key "Image" - C:\Users\jesma\Desktop\inventory_system\yros-main\inventory_system\views\pages\saleslist.php:149
[2024-12-24 01:06:16] Error: [2] Undefined array key "Description" - C:\Users\jesma\Desktop\inventory_system\yros-main\inventory_system\views\pages\saleslist.php:148
[2024-12-24 01:06:16] Error: [2] Undefined array key "Image" - C:\Users\jesma\Desktop\inventory_system\yros-main\inventory_system\views\pages\saleslist.php:149
[2024-12-24 01:06:16] Error: [2] Undefined array key "Description" - C:\Users\jesma\Desktop\inventory_system\yros-main\inventory_system\views\pages\saleslist.php:148
[2024-12-24 01:06:16] Error: [2] Undefined array key "Image" - C:\Users\jesma\Desktop\inventory_system\yros-main\inventory_system\views\pages\saleslist.php:149
[2024-12-24 01:06:16] Error: [2] Undefined array key "Description" - C:\Users\jesma\Desktop\inventory_system\yros-main\inventory_system\views\pages\saleslist.php:148
[2024-12-24 01:06:16] Error: [2] Undefined array key "Image" - C:\Users\jesma\Desktop\inventory_system\yros-main\inventory_system\views\pages\saleslist.php:149
[2024-12-24 01:06:16] Error: [2] Undefined array key "Description" - C:\Users\jesma\Desktop\inventory_system\yros-main\inventory_system\views\pages\saleslist.php:148
[2024-12-24 01:06:16] Error: [2] Undefined array key "Image" - C:\Users\jesma\Desktop\inventory_system\yros-main\inventory_system\views\pages\saleslist.php:149
[2024-12-24 01:06:16] Error: [2] Undefined array key "Description" - C:\Users\jesma\Desktop\inventory_system\yros-main\inventory_system\views\pages\saleslist.php:148
[2024-12-24 01:06:16] Error: [2] Undefined array key "Image" - C:\Users\jesma\Desktop\inventory_system\yros-main\inventory_system\views\pages\saleslist.php:149
[2024-12-24 01:06:16] Error: [2] Undefined array key "Description" - C:\Users\jesma\Desktop\inventory_system\yros-main\inventory_system\views\pages\saleslist.php:148
[2024-12-24 01:06:16] Error: [2] Undefined array key "Image" - C:\Users\jesma\Desktop\inventory_system\yros-main\inventory_system\views\pages\saleslist.php:149
[2024-12-24 01:06:16] Error: [2] Undefined array key "Description" - C:\Users\jesma\Desktop\inventory_system\yros-main\inventory_system\views\pages\saleslist.php:148
[2024-12-24 01:06:16] Error: [2] Undefined array key "Image" - C:\Users\jesma\Desktop\inventory_system\yros-main\inventory_system\views\pages\saleslist.php:149
[2024-12-24 01:06:26] Error: [2] Undefined array key "Product_id" - C:\Users\jesma\Desktop\inventory_system\yros-main\inventory_system\views\pages\checkout.php:537
[2024-12-24 01:06:26] Error: [2] Undefined array key "satatus" - C:\Users\jesma\Desktop\inventory_system\yros-main\inventory_system\views\pages\checkout.php:539
[2024-12-24 01:06:26] Error: [2] Undefined variable $tax - C:\Users\jesma\Desktop\inventory_system\yros-main\inventory_system\views\pages\checkout.php:605
