[2024-11-21 00:42:15] Error: [2] Undefined array key "Product_id" - C:\Users\jesma\Desktop\inventory_system\yros-main\inventory_system\views\pages\checkout.php:643
[2024-11-21 00:42:15] Error: [2] Undefined array key "satatus" - C:\Users\jesma\Desktop\inventory_system\yros-main\inventory_system\views\pages\checkout.php:645
[2024-11-21 00:42:15] Error: [2] Undefined variable $pos_id - C:\Users\jesma\Desktop\inventory_system\yros-main\inventory_system\views\pages\checkout.php:682
[2024-11-21 00:42:15] Error: [2] Undefined array key "Product_id" - C:\Users\jesma\Desktop\inventory_system\yros-main\inventory_system\views\pages\checkout.php:643
[2024-11-21 00:42:15] Error: [2] Undefined array key "satatus" - C:\Users\jesma\Desktop\inventory_system\yros-main\inventory_system\views\pages\checkout.php:645
[2024-11-21 00:42:15] Error: [2] Undefined variable $pos_id - C:\Users\jesma\Desktop\inventory_system\yros-main\inventory_system\views\pages\checkout.php:682
[2024-11-21 00:42:15] Error: [2] Undefined array key "Product_id" - C:\Users\jesma\Desktop\inventory_system\yros-main\inventory_system\views\pages\checkout.php:643
[2024-11-21 00:42:15] Error: [2] Undefined array key "satatus" - C:\Users\jesma\Desktop\inventory_system\yros-main\inventory_system\views\pages\checkout.php:645
[2024-11-21 00:42:15] Error: [2] Undefined variable $pos_id - C:\Users\jesma\Desktop\inventory_system\yros-main\inventory_system\views\pages\checkout.php:682
[2024-11-21 00:42:15] Error: [2] Undefined array key "Product_id" - C:\Users\jesma\Desktop\inventory_system\yros-main\inventory_system\views\pages\checkout.php:643
[2024-11-21 00:42:15] Error: [2] Undefined array key "satatus" - C:\Users\jesma\Desktop\inventory_system\yros-main\inventory_system\views\pages\checkout.php:645
[2024-11-21 00:42:15] Error: [2] Undefined variable $pos_id - C:\Users\jesma\Desktop\inventory_system\yros-main\inventory_system\views\pages\checkout.php:682
[2024-11-21 00:42:15] Error: [2] Undefined array key "Product_id" - C:\Users\jesma\Desktop\inventory_system\yros-main\inventory_system\views\pages\checkout.php:643
[2024-11-21 00:42:15] Error: [2] Undefined array key "satatus" - C:\Users\jesma\Desktop\inventory_system\yros-main\inventory_system\views\pages\checkout.php:645
[2024-11-21 00:42:15] Error: [2] Undefined variable $pos_id - C:\Users\jesma\Desktop\inventory_system\yros-main\inventory_system\views\pages\checkout.php:682
[2024-11-21 00:42:15] Error: [2] Undefined array key "Product_id" - C:\Users\jesma\Desktop\inventory_system\yros-main\inventory_system\views\pages\checkout.php:643
[2024-11-21 00:42:15] Error: [2] Undefined array key "satatus" - C:\Users\jesma\Desktop\inventory_system\yros-main\inventory_system\views\pages\checkout.php:645
[2024-11-21 00:42:15] Error: [2] Undefined variable $pos_id - C:\Users\jesma\Desktop\inventory_system\yros-main\inventory_system\views\pages\checkout.php:682
[2024-11-21 00:42:47] Error: [2] Undefined array key "Product_id" - C:\Users\jesma\Desktop\inventory_system\yros-main\inventory_system\views\pages\checkout.php:643
[2024-11-21 00:42:47] Error: [2] Undefined array key "satatus" - C:\Users\jesma\Desktop\inventory_system\yros-main\inventory_system\views\pages\checkout.php:645
[2024-11-21 00:42:47] Error: [2] Undefined variable $pos_id - C:\Users\jesma\Desktop\inventory_system\yros-main\inventory_system\views\pages\checkout.php:682
[2024-11-21 00:42:47] Error: [2] Undefined array key "Product_id" - C:\Users\jesma\Desktop\inventory_system\yros-main\inventory_system\views\pages\checkout.php:643
[2024-11-21 00:42:47] Error: [2] Undefined array key "satatus" - C:\Users\jesma\Desktop\inventory_system\yros-main\inventory_system\views\pages\checkout.php:645
[2024-11-21 00:42:47] Error: [2] Undefined variable $pos_id - C:\Users\jesma\Desktop\inventory_system\yros-main\inventory_system\views\pages\checkout.php:682
[2024-11-21 00:42:47] Error: [2] Undefined array key "Product_id" - C:\Users\jesma\Desktop\inventory_system\yros-main\inventory_system\views\pages\checkout.php:643
[2024-11-21 00:42:47] Error: [2] Undefined array key "satatus" - C:\Users\jesma\Desktop\inventory_system\yros-main\inventory_system\views\pages\checkout.php:645
[2024-11-21 00:42:47] Error: [2] Undefined variable $pos_id - C:\Users\jesma\Desktop\inventory_system\yros-main\inventory_system\views\pages\checkout.php:682
[2024-11-21 00:42:47] Error: [2] Undefined array key "Product_id" - C:\Users\jesma\Desktop\inventory_system\yros-main\inventory_system\views\pages\checkout.php:643
[2024-11-21 00:42:47] Error: [2] Undefined array key "satatus" - C:\Users\jesma\Desktop\inventory_system\yros-main\inventory_system\views\pages\checkout.php:645
[2024-11-21 00:42:47] Error: [2] Undefined variable $pos_id - C:\Users\jesma\Desktop\inventory_system\yros-main\inventory_system\views\pages\checkout.php:682
[2024-11-21 00:42:47] Error: [2] Undefined array key "Product_id" - C:\Users\jesma\Desktop\inventory_system\yros-main\inventory_system\views\pages\checkout.php:643
[2024-11-21 00:42:47] Error: [2] Undefined array key "satatus" - C:\Users\jesma\Desktop\inventory_system\yros-main\inventory_system\views\pages\checkout.php:645
[2024-11-21 00:42:47] Error: [2] Undefined variable $pos_id - C:\Users\jesma\Desktop\inventory_system\yros-main\inventory_system\views\pages\checkout.php:682
[2024-11-21 00:42:47] Error: [2] Undefined array key "Product_id" - C:\Users\jesma\Desktop\inventory_system\yros-main\inventory_system\views\pages\checkout.php:643
[2024-11-21 00:42:47] Error: [2] Undefined array key "satatus" - C:\Users\jesma\Desktop\inventory_system\yros-main\inventory_system\views\pages\checkout.php:645
[2024-11-21 00:42:47] Error: [2] Undefined variable $pos_id - C:\Users\jesma\Desktop\inventory_system\yros-main\inventory_system\views\pages\checkout.php:682
[2024-11-21 00:43:51] Error: [2] Undefined array key "Product_id" - C:\Users\jesma\Desktop\inventory_system\yros-main\inventory_system\views\pages\checkout.php:643
[2024-11-21 00:43:51] Error: [2] Undefined array key "satatus" - C:\Users\jesma\Desktop\inventory_system\yros-main\inventory_system\views\pages\checkout.php:645
[2024-11-21 00:43:51] Error: [2] Undefined variable $pos_id - C:\Users\jesma\Desktop\inventory_system\yros-main\inventory_system\views\pages\checkout.php:682
[2024-11-21 00:43:51] Error: [2] Undefined array key "Product_id" - C:\Users\jesma\Desktop\inventory_system\yros-main\inventory_system\views\pages\checkout.php:643
[2024-11-21 00:43:51] Error: [2] Undefined array key "satatus" - C:\Users\jesma\Desktop\inventory_system\yros-main\inventory_system\views\pages\checkout.php:645
[2024-11-21 00:43:51] Error: [2] Undefined variable $pos_id - C:\Users\jesma\Desktop\inventory_system\yros-main\inventory_system\views\pages\checkout.php:682
[2024-11-21 00:43:51] Error: [2] Undefined array key "Product_id" - C:\Users\jesma\Desktop\inventory_system\yros-main\inventory_system\views\pages\checkout.php:643
[2024-11-21 00:43:51] Error: [2] Undefined array key "satatus" - C:\Users\jesma\Desktop\inventory_system\yros-main\inventory_system\views\pages\checkout.php:645
[2024-11-21 00:43:51] Error: [2] Undefined variable $pos_id - C:\Users\jesma\Desktop\inventory_system\yros-main\inventory_system\views\pages\checkout.php:682
[2024-11-21 00:43:51] Error: [2] Undefined array key "Product_id" - C:\Users\jesma\Desktop\inventory_system\yros-main\inventory_system\views\pages\checkout.php:643
[2024-11-21 00:43:51] Error: [2] Undefined array key "satatus" - C:\Users\jesma\Desktop\inventory_system\yros-main\inventory_system\views\pages\checkout.php:645
[2024-11-21 00:43:51] Error: [2] Undefined variable $pos_id - C:\Users\jesma\Desktop\inventory_system\yros-main\inventory_system\views\pages\checkout.php:682
[2024-11-21 00:43:51] Error: [2] Undefined array key "Product_id" - C:\Users\jesma\Desktop\inventory_system\yros-main\inventory_system\views\pages\checkout.php:643
[2024-11-21 00:43:51] Error: [2] Undefined array key "satatus" - C:\Users\jesma\Desktop\inventory_system\yros-main\inventory_system\views\pages\checkout.php:645
[2024-11-21 00:43:51] Error: [2] Undefined variable $pos_id - C:\Users\jesma\Desktop\inventory_system\yros-main\inventory_system\views\pages\checkout.php:682
[2024-11-21 00:43:51] Error: [2] Undefined array key "Product_id" - C:\Users\jesma\Desktop\inventory_system\yros-main\inventory_system\views\pages\checkout.php:643
[2024-11-21 00:43:51] Error: [2] Undefined array key "satatus" - C:\Users\jesma\Desktop\inventory_system\yros-main\inventory_system\views\pages\checkout.php:645
[2024-11-21 00:43:51] Error: [2] Undefined variable $pos_id - C:\Users\jesma\Desktop\inventory_system\yros-main\inventory_system\views\pages\checkout.php:682
[2024-11-21 00:44:21] Error: [2] Undefined array key "Product_id" - C:\Users\jesma\Desktop\inventory_system\yros-main\inventory_system\views\pages\checkout.php:643
[2024-11-21 00:44:21] Error: [2] Undefined array key "satatus" - C:\Users\jesma\Desktop\inventory_system\yros-main\inventory_system\views\pages\checkout.php:645
[2024-11-21 00:44:21] Error: [2] Undefined variable $pos_id - C:\Users\jesma\Desktop\inventory_system\yros-main\inventory_system\views\pages\checkout.php:682
[2024-11-21 00:44:21] Error: [2] Undefined array key "Product_id" - C:\Users\jesma\Desktop\inventory_system\yros-main\inventory_system\views\pages\checkout.php:643
[2024-11-21 00:44:21] Error: [2] Undefined array key "satatus" - C:\Users\jesma\Desktop\inventory_system\yros-main\inventory_system\views\pages\checkout.php:645
[2024-11-21 00:44:21] Error: [2] Undefined variable $pos_id - C:\Users\jesma\Desktop\inventory_system\yros-main\inventory_system\views\pages\checkout.php:682
[2024-11-21 00:44:21] Error: [2] Undefined array key "Product_id" - C:\Users\jesma\Desktop\inventory_system\yros-main\inventory_system\views\pages\checkout.php:643
[2024-11-21 00:44:21] Error: [2] Undefined array key "satatus" - C:\Users\jesma\Desktop\inventory_system\yros-main\inventory_system\views\pages\checkout.php:645
[2024-11-21 00:44:21] Error: [2] Undefined variable $pos_id - C:\Users\jesma\Desktop\inventory_system\yros-main\inventory_system\views\pages\checkout.php:682
[2024-11-21 00:44:21] Error: [2] Undefined array key "Product_id" - C:\Users\jesma\Desktop\inventory_system\yros-main\inventory_system\views\pages\checkout.php:643
[2024-11-21 00:44:21] Error: [2] Undefined array key "satatus" - C:\Users\jesma\Desktop\inventory_system\yros-main\inventory_system\views\pages\checkout.php:645
[2024-11-21 00:44:21] Error: [2] Undefined variable $pos_id - C:\Users\jesma\Desktop\inventory_system\yros-main\inventory_system\views\pages\checkout.php:682
[2024-11-21 00:44:21] Error: [2] Undefined array key "Product_id" - C:\Users\jesma\Desktop\inventory_system\yros-main\inventory_system\views\pages\checkout.php:643
[2024-11-21 00:44:21] Error: [2] Undefined array key "satatus" - C:\Users\jesma\Desktop\inventory_system\yros-main\inventory_system\views\pages\checkout.php:645
[2024-11-21 00:44:21] Error: [2] Undefined variable $pos_id - C:\Users\jesma\Desktop\inventory_system\yros-main\inventory_system\views\pages\checkout.php:682
[2024-11-21 00:44:21] Error: [2] Undefined array key "Product_id" - C:\Users\jesma\Desktop\inventory_system\yros-main\inventory_system\views\pages\checkout.php:643
[2024-11-21 00:44:21] Error: [2] Undefined array key "satatus" - C:\Users\jesma\Desktop\inventory_system\yros-main\inventory_system\views\pages\checkout.php:645
[2024-11-21 00:44:21] Error: [2] Undefined variable $pos_id - C:\Users\jesma\Desktop\inventory_system\yros-main\inventory_system\views\pages\checkout.php:682
[2024-11-21 00:45:58] Error: [2] Undefined array key "Product_id" - C:\Users\jesma\Desktop\inventory_system\yros-main\inventory_system\views\pages\checkout.php:643
[2024-11-21 00:45:58] Error: [2] Undefined array key "satatus" - C:\Users\jesma\Desktop\inventory_system\yros-main\inventory_system\views\pages\checkout.php:645
[2024-11-21 00:45:58] Error: [2] Undefined variable $pos_id - C:\Users\jesma\Desktop\inventory_system\yros-main\inventory_system\views\pages\checkout.php:682
[2024-11-21 00:45:58] Error: [2] Undefined array key "Product_id" - C:\Users\jesma\Desktop\inventory_system\yros-main\inventory_system\views\pages\checkout.php:643
[2024-11-21 00:45:58] Error: [2] Undefined array key "satatus" - C:\Users\jesma\Desktop\inventory_system\yros-main\inventory_system\views\pages\checkout.php:645
[2024-11-21 00:45:58] Error: [2] Undefined variable $pos_id - C:\Users\jesma\Desktop\inventory_system\yros-main\inventory_system\views\pages\checkout.php:682
[2024-11-21 00:45:58] Error: [2] Undefined array key "Product_id" - C:\Users\jesma\Desktop\inventory_system\yros-main\inventory_system\views\pages\checkout.php:643
[2024-11-21 00:45:58] Error: [2] Undefined array key "satatus" - C:\Users\jesma\Desktop\inventory_system\yros-main\inventory_system\views\pages\checkout.php:645
[2024-11-21 00:45:58] Error: [2] Undefined variable $pos_id - C:\Users\jesma\Desktop\inventory_system\yros-main\inventory_system\views\pages\checkout.php:682
[2024-11-21 00:45:58] Error: [2] Undefined array key "Product_id" - C:\Users\jesma\Desktop\inventory_system\yros-main\inventory_system\views\pages\checkout.php:643
[2024-11-21 00:45:58] Error: [2] Undefined array key "satatus" - C:\Users\jesma\Desktop\inventory_system\yros-main\inventory_system\views\pages\checkout.php:645
[2024-11-21 00:45:58] Error: [2] Undefined variable $pos_id - C:\Users\jesma\Desktop\inventory_system\yros-main\inventory_system\views\pages\checkout.php:682
[2024-11-21 00:45:58] Error: [2] Undefined array key "Product_id" - C:\Users\jesma\Desktop\inventory_system\yros-main\inventory_system\views\pages\checkout.php:643
[2024-11-21 00:45:58] Error: [2] Undefined array key "satatus" - C:\Users\jesma\Desktop\inventory_system\yros-main\inventory_system\views\pages\checkout.php:645
[2024-11-21 00:45:58] Error: [2] Undefined variable $pos_id - C:\Users\jesma\Desktop\inventory_system\yros-main\inventory_system\views\pages\checkout.php:682
[2024-11-21 00:45:58] Error: [2] Undefined array key "Product_id" - C:\Users\jesma\Desktop\inventory_system\yros-main\inventory_system\views\pages\checkout.php:643
[2024-11-21 00:45:58] Error: [2] Undefined array key "satatus" - C:\Users\jesma\Desktop\inventory_system\yros-main\inventory_system\views\pages\checkout.php:645
[2024-11-21 00:45:58] Error: [2] Undefined variable $pos_id - C:\Users\jesma\Desktop\inventory_system\yros-main\inventory_system\views\pages\checkout.php:682
[2024-11-21 01:02:56] Error: [2] Undefined variable $id - C:\Users\jesma\Desktop\inventory_system\yros-main\inventory_system\views\pages\categorylist.php:161
[2024-11-21 01:02:56] Error: [2] Undefined variable $id - C:\Users\jesma\Desktop\inventory_system\yros-main\inventory_system\views\pages\categorylist.php:161
[2024-11-21 01:05:05] Error: [2] Undefined array key "Product_id" - C:\Users\jesma\Desktop\inventory_system\yros-main\inventory_system\views\pages\checkout.php:643
[2024-11-21 01:05:05] Error: [2] Undefined array key "satatus" - C:\Users\jesma\Desktop\inventory_system\yros-main\inventory_system\views\pages\checkout.php:645
[2024-11-21 01:05:05] Error: [2] Undefined variable $pos_id - C:\Users\jesma\Desktop\inventory_system\yros-main\inventory_system\views\pages\checkout.php:682
[2024-11-21 01:05:05] Error: [2] Undefined array key "Product_id" - C:\Users\jesma\Desktop\inventory_system\yros-main\inventory_system\views\pages\checkout.php:643
[2024-11-21 01:05:05] Error: [2] Undefined array key "satatus" - C:\Users\jesma\Desktop\inventory_system\yros-main\inventory_system\views\pages\checkout.php:645
[2024-11-21 01:05:05] Error: [2] Undefined variable $pos_id - C:\Users\jesma\Desktop\inventory_system\yros-main\inventory_system\views\pages\checkout.php:682
[2024-11-21 01:05:05] Error: [2] Undefined array key "Product_id" - C:\Users\jesma\Desktop\inventory_system\yros-main\inventory_system\views\pages\checkout.php:643
[2024-11-21 01:05:05] Error: [2] Undefined array key "satatus" - C:\Users\jesma\Desktop\inventory_system\yros-main\inventory_system\views\pages\checkout.php:645
[2024-11-21 01:05:05] Error: [2] Undefined variable $pos_id - C:\Users\jesma\Desktop\inventory_system\yros-main\inventory_system\views\pages\checkout.php:682
[2024-11-21 01:05:05] Error: [2] Undefined array key "Product_id" - C:\Users\jesma\Desktop\inventory_system\yros-main\inventory_system\views\pages\checkout.php:643
[2024-11-21 01:05:05] Error: [2] Undefined array key "satatus" - C:\Users\jesma\Desktop\inventory_system\yros-main\inventory_system\views\pages\checkout.php:645
[2024-11-21 01:05:05] Error: [2] Undefined variable $pos_id - C:\Users\jesma\Desktop\inventory_system\yros-main\inventory_system\views\pages\checkout.php:682
[2024-11-21 01:05:05] Error: [2] Undefined array key "Product_id" - C:\Users\jesma\Desktop\inventory_system\yros-main\inventory_system\views\pages\checkout.php:643
[2024-11-21 01:05:05] Error: [2] Undefined array key "satatus" - C:\Users\jesma\Desktop\inventory_system\yros-main\inventory_system\views\pages\checkout.php:645
[2024-11-21 01:05:05] Error: [2] Undefined variable $pos_id - C:\Users\jesma\Desktop\inventory_system\yros-main\inventory_system\views\pages\checkout.php:682
[2024-11-21 01:05:05] Error: [2] Undefined array key "Product_id" - C:\Users\jesma\Desktop\inventory_system\yros-main\inventory_system\views\pages\checkout.php:643
[2024-11-21 01:05:05] Error: [2] Undefined array key "satatus" - C:\Users\jesma\Desktop\inventory_system\yros-main\inventory_system\views\pages\checkout.php:645
[2024-11-21 01:05:05] Error: [2] Undefined variable $pos_id - C:\Users\jesma\Desktop\inventory_system\yros-main\inventory_system\views\pages\checkout.php:682
[2024-11-21 01:05:13] Error: [8192] PDO::quote(): Passing null to parameter #1 ($string) of type string is deprecated - C:\Users\jesma\Desktop\inventory_system\yros-main\inventory_system\app\system\extras\database.php:220
[2024-11-21 01:07:32] Error: [8192] PDO::quote(): Passing null to parameter #1 ($string) of type string is deprecated - C:\Users\jesma\Desktop\inventory_system\yros-main\inventory_system\app\system\extras\database.php:220
[2024-11-21 01:07:32] Error: [2] Undefined array key "Product_id" - C:\Users\jesma\Desktop\inventory_system\yros-main\inventory_system\views\pages\checkout.php:643
[2024-11-21 01:07:32] Error: [2] Undefined array key "satatus" - C:\Users\jesma\Desktop\inventory_system\yros-main\inventory_system\views\pages\checkout.php:645
[2024-11-21 01:07:32] Error: [2] Undefined variable $pos_id - C:\Users\jesma\Desktop\inventory_system\yros-main\inventory_system\views\pages\checkout.php:682
[2024-11-21 01:07:32] Error: [2] Undefined array key "Product_id" - C:\Users\jesma\Desktop\inventory_system\yros-main\inventory_system\views\pages\checkout.php:643
[2024-11-21 01:07:32] Error: [2] Undefined array key "satatus" - C:\Users\jesma\Desktop\inventory_system\yros-main\inventory_system\views\pages\checkout.php:645
[2024-11-21 01:07:32] Error: [2] Undefined variable $pos_id - C:\Users\jesma\Desktop\inventory_system\yros-main\inventory_system\views\pages\checkout.php:682
[2024-11-21 01:07:32] Error: [2] Undefined array key "Product_id" - C:\Users\jesma\Desktop\inventory_system\yros-main\inventory_system\views\pages\checkout.php:643
[2024-11-21 01:07:32] Error: [2] Undefined array key "satatus" - C:\Users\jesma\Desktop\inventory_system\yros-main\inventory_system\views\pages\checkout.php:645
[2024-11-21 01:07:32] Error: [2] Undefined variable $pos_id - C:\Users\jesma\Desktop\inventory_system\yros-main\inventory_system\views\pages\checkout.php:682
[2024-11-21 01:07:32] Error: [2] Undefined array key "Product_id" - C:\Users\jesma\Desktop\inventory_system\yros-main\inventory_system\views\pages\checkout.php:643
[2024-11-21 01:07:32] Error: [2] Undefined array key "satatus" - C:\Users\jesma\Desktop\inventory_system\yros-main\inventory_system\views\pages\checkout.php:645
[2024-11-21 01:07:32] Error: [2] Undefined variable $pos_id - C:\Users\jesma\Desktop\inventory_system\yros-main\inventory_system\views\pages\checkout.php:682
[2024-11-21 01:07:32] Error: [2] Undefined array key "Product_id" - C:\Users\jesma\Desktop\inventory_system\yros-main\inventory_system\views\pages\checkout.php:643
[2024-11-21 01:07:32] Error: [2] Undefined array key "satatus" - C:\Users\jesma\Desktop\inventory_system\yros-main\inventory_system\views\pages\checkout.php:645
[2024-11-21 01:07:32] Error: [2] Undefined variable $pos_id - C:\Users\jesma\Desktop\inventory_system\yros-main\inventory_system\views\pages\checkout.php:682
[2024-11-21 01:07:32] Error: [2] Undefined array key "Product_id" - C:\Users\jesma\Desktop\inventory_system\yros-main\inventory_system\views\pages\checkout.php:643
[2024-11-21 01:07:32] Error: [2] Undefined array key "satatus" - C:\Users\jesma\Desktop\inventory_system\yros-main\inventory_system\views\pages\checkout.php:645
[2024-11-21 01:07:32] Error: [2] Undefined variable $pos_id - C:\Users\jesma\Desktop\inventory_system\yros-main\inventory_system\views\pages\checkout.php:682
[2024-11-21 01:07:41] Error: [2] Undefined variable $id - C:\Users\jesma\Desktop\inventory_system\yros-main\inventory_system\views\pages\categorylist.php:161
[2024-11-21 01:07:41] Error: [2] Undefined variable $id - C:\Users\jesma\Desktop\inventory_system\yros-main\inventory_system\views\pages\categorylist.php:161
[2024-11-21 01:08:36] Error: [2] Undefined array key "Product_id" - C:\Users\jesma\Desktop\inventory_system\yros-main\inventory_system\views\pages\checkout.php:643
[2024-11-21 01:08:36] Error: [2] Undefined array key "satatus" - C:\Users\jesma\Desktop\inventory_system\yros-main\inventory_system\views\pages\checkout.php:645
[2024-11-21 01:08:36] Error: [2] Undefined variable $pos_id - C:\Users\jesma\Desktop\inventory_system\yros-main\inventory_system\views\pages\checkout.php:682
[2024-11-21 01:08:36] Error: [2] Undefined array key "Product_id" - C:\Users\jesma\Desktop\inventory_system\yros-main\inventory_system\views\pages\checkout.php:643
[2024-11-21 01:08:36] Error: [2] Undefined array key "satatus" - C:\Users\jesma\Desktop\inventory_system\yros-main\inventory_system\views\pages\checkout.php:645
[2024-11-21 01:08:36] Error: [2] Undefined variable $pos_id - C:\Users\jesma\Desktop\inventory_system\yros-main\inventory_system\views\pages\checkout.php:682
[2024-11-21 01:08:36] Error: [2] Undefined array key "Product_id" - C:\Users\jesma\Desktop\inventory_system\yros-main\inventory_system\views\pages\checkout.php:643
[2024-11-21 01:08:36] Error: [2] Undefined array key "satatus" - C:\Users\jesma\Desktop\inventory_system\yros-main\inventory_system\views\pages\checkout.php:645
[2024-11-21 01:08:36] Error: [2] Undefined variable $pos_id - C:\Users\jesma\Desktop\inventory_system\yros-main\inventory_system\views\pages\checkout.php:682
[2024-11-21 01:08:36] Error: [2] Undefined array key "Product_id" - C:\Users\jesma\Desktop\inventory_system\yros-main\inventory_system\views\pages\checkout.php:643
[2024-11-21 01:08:36] Error: [2] Undefined array key "satatus" - C:\Users\jesma\Desktop\inventory_system\yros-main\inventory_system\views\pages\checkout.php:645
[2024-11-21 01:08:36] Error: [2] Undefined variable $pos_id - C:\Users\jesma\Desktop\inventory_system\yros-main\inventory_system\views\pages\checkout.php:682
[2024-11-21 01:08:36] Error: [2] Undefined array key "Product_id" - C:\Users\jesma\Desktop\inventory_system\yros-main\inventory_system\views\pages\checkout.php:643
[2024-11-21 01:08:36] Error: [2] Undefined array key "satatus" - C:\Users\jesma\Desktop\inventory_system\yros-main\inventory_system\views\pages\checkout.php:645
[2024-11-21 01:08:36] Error: [2] Undefined variable $pos_id - C:\Users\jesma\Desktop\inventory_system\yros-main\inventory_system\views\pages\checkout.php:682
[2024-11-21 01:08:36] Error: [2] Undefined array key "Product_id" - C:\Users\jesma\Desktop\inventory_system\yros-main\inventory_system\views\pages\checkout.php:643
[2024-11-21 01:08:36] Error: [2] Undefined array key "satatus" - C:\Users\jesma\Desktop\inventory_system\yros-main\inventory_system\views\pages\checkout.php:645
[2024-11-21 01:08:36] Error: [2] Undefined variable $pos_id - C:\Users\jesma\Desktop\inventory_system\yros-main\inventory_system\views\pages\checkout.php:682
[2024-11-21 01:09:19] Error: [2] Undefined array key "Product_id" - C:\Users\jesma\Desktop\inventory_system\yros-main\inventory_system\views\pages\checkout.php:643
[2024-11-21 01:09:19] Error: [2] Undefined array key "satatus" - C:\Users\jesma\Desktop\inventory_system\yros-main\inventory_system\views\pages\checkout.php:645
[2024-11-21 01:09:19] Error: [2] Undefined variable $pos_id - C:\Users\jesma\Desktop\inventory_system\yros-main\inventory_system\views\pages\checkout.php:682
[2024-11-21 01:09:19] Error: [2] Undefined array key "Product_id" - C:\Users\jesma\Desktop\inventory_system\yros-main\inventory_system\views\pages\checkout.php:643
[2024-11-21 01:09:19] Error: [2] Undefined array key "satatus" - C:\Users\jesma\Desktop\inventory_system\yros-main\inventory_system\views\pages\checkout.php:645
[2024-11-21 01:09:19] Error: [2] Undefined variable $pos_id - C:\Users\jesma\Desktop\inventory_system\yros-main\inventory_system\views\pages\checkout.php:682
[2024-11-21 01:09:19] Error: [2] Undefined array key "Product_id" - C:\Users\jesma\Desktop\inventory_system\yros-main\inventory_system\views\pages\checkout.php:643
[2024-11-21 01:09:19] Error: [2] Undefined array key "satatus" - C:\Users\jesma\Desktop\inventory_system\yros-main\inventory_system\views\pages\checkout.php:645
[2024-11-21 01:09:19] Error: [2] Undefined variable $pos_id - C:\Users\jesma\Desktop\inventory_system\yros-main\inventory_system\views\pages\checkout.php:682
[2024-11-21 01:09:19] Error: [2] Undefined array key "Product_id" - C:\Users\jesma\Desktop\inventory_system\yros-main\inventory_system\views\pages\checkout.php:643
[2024-11-21 01:09:19] Error: [2] Undefined array key "satatus" - C:\Users\jesma\Desktop\inventory_system\yros-main\inventory_system\views\pages\checkout.php:645
[2024-11-21 01:09:19] Error: [2] Undefined variable $pos_id - C:\Users\jesma\Desktop\inventory_system\yros-main\inventory_system\views\pages\checkout.php:682
[2024-11-21 01:09:19] Error: [2] Undefined array key "Product_id" - C:\Users\jesma\Desktop\inventory_system\yros-main\inventory_system\views\pages\checkout.php:643
[2024-11-21 01:09:19] Error: [2] Undefined array key "satatus" - C:\Users\jesma\Desktop\inventory_system\yros-main\inventory_system\views\pages\checkout.php:645
[2024-11-21 01:09:19] Error: [2] Undefined variable $pos_id - C:\Users\jesma\Desktop\inventory_system\yros-main\inventory_system\views\pages\checkout.php:682
[2024-11-21 01:09:19] Error: [2] Undefined array key "Product_id" - C:\Users\jesma\Desktop\inventory_system\yros-main\inventory_system\views\pages\checkout.php:643
[2024-11-21 01:09:19] Error: [2] Undefined array key "satatus" - C:\Users\jesma\Desktop\inventory_system\yros-main\inventory_system\views\pages\checkout.php:645
[2024-11-21 01:09:19] Error: [2] Undefined variable $pos_id - C:\Users\jesma\Desktop\inventory_system\yros-main\inventory_system\views\pages\checkout.php:682
[2024-11-21 01:09:37] Error: [2] Undefined array key "Product_id" - C:\Users\jesma\Desktop\inventory_system\yros-main\inventory_system\views\pages\checkout.php:643
[2024-11-21 01:09:37] Error: [2] Undefined array key "satatus" - C:\Users\jesma\Desktop\inventory_system\yros-main\inventory_system\views\pages\checkout.php:645
[2024-11-21 01:09:37] Error: [2] Undefined variable $pos_id - C:\Users\jesma\Desktop\inventory_system\yros-main\inventory_system\views\pages\checkout.php:682
[2024-11-21 01:09:37] Error: [2] Undefined array key "Product_id" - C:\Users\jesma\Desktop\inventory_system\yros-main\inventory_system\views\pages\checkout.php:643
[2024-11-21 01:09:37] Error: [2] Undefined array key "satatus" - C:\Users\jesma\Desktop\inventory_system\yros-main\inventory_system\views\pages\checkout.php:645
[2024-11-21 01:09:37] Error: [2] Undefined variable $pos_id - C:\Users\jesma\Desktop\inventory_system\yros-main\inventory_system\views\pages\checkout.php:682
[2024-11-21 01:09:37] Error: [2] Undefined array key "Product_id" - C:\Users\jesma\Desktop\inventory_system\yros-main\inventory_system\views\pages\checkout.php:643
[2024-11-21 01:09:37] Error: [2] Undefined array key "satatus" - C:\Users\jesma\Desktop\inventory_system\yros-main\inventory_system\views\pages\checkout.php:645
[2024-11-21 01:09:37] Error: [2] Undefined variable $pos_id - C:\Users\jesma\Desktop\inventory_system\yros-main\inventory_system\views\pages\checkout.php:682
[2024-11-21 01:09:37] Error: [2] Undefined array key "Product_id" - C:\Users\jesma\Desktop\inventory_system\yros-main\inventory_system\views\pages\checkout.php:643
[2024-11-21 01:09:37] Error: [2] Undefined array key "satatus" - C:\Users\jesma\Desktop\inventory_system\yros-main\inventory_system\views\pages\checkout.php:645
[2024-11-21 01:09:37] Error: [2] Undefined variable $pos_id - C:\Users\jesma\Desktop\inventory_system\yros-main\inventory_system\views\pages\checkout.php:682
[2024-11-21 01:09:37] Error: [2] Undefined array key "Product_id" - C:\Users\jesma\Desktop\inventory_system\yros-main\inventory_system\views\pages\checkout.php:643
[2024-11-21 01:09:37] Error: [2] Undefined array key "satatus" - C:\Users\jesma\Desktop\inventory_system\yros-main\inventory_system\views\pages\checkout.php:645
[2024-11-21 01:09:37] Error: [2] Undefined variable $pos_id - C:\Users\jesma\Desktop\inventory_system\yros-main\inventory_system\views\pages\checkout.php:682
[2024-11-21 01:09:37] Error: [2] Undefined array key "Product_id" - C:\Users\jesma\Desktop\inventory_system\yros-main\inventory_system\views\pages\checkout.php:643
[2024-11-21 01:09:37] Error: [2] Undefined array key "satatus" - C:\Users\jesma\Desktop\inventory_system\yros-main\inventory_system\views\pages\checkout.php:645
[2024-11-21 01:09:37] Error: [2] Undefined variable $pos_id - C:\Users\jesma\Desktop\inventory_system\yros-main\inventory_system\views\pages\checkout.php:682
[2024-11-21 01:12:54] Error: [2] Undefined array key "Product_id" - C:\Users\jesma\Desktop\inventory_system\yros-main\inventory_system\views\pages\checkout.php:643
[2024-11-21 01:12:54] Error: [2] Undefined array key "satatus" - C:\Users\jesma\Desktop\inventory_system\yros-main\inventory_system\views\pages\checkout.php:645
[2024-11-21 01:12:54] Error: [2] Undefined variable $pos_id - C:\Users\jesma\Desktop\inventory_system\yros-main\inventory_system\views\pages\checkout.php:682
[2024-11-21 01:12:54] Error: [2] Undefined array key "Product_id" - C:\Users\jesma\Desktop\inventory_system\yros-main\inventory_system\views\pages\checkout.php:643
[2024-11-21 01:12:54] Error: [2] Undefined array key "satatus" - C:\Users\jesma\Desktop\inventory_system\yros-main\inventory_system\views\pages\checkout.php:645
[2024-11-21 01:12:54] Error: [2] Undefined variable $pos_id - C:\Users\jesma\Desktop\inventory_system\yros-main\inventory_system\views\pages\checkout.php:682
[2024-11-21 01:12:54] Error: [2] Undefined array key "Product_id" - C:\Users\jesma\Desktop\inventory_system\yros-main\inventory_system\views\pages\checkout.php:643
[2024-11-21 01:12:54] Error: [2] Undefined array key "satatus" - C:\Users\jesma\Desktop\inventory_system\yros-main\inventory_system\views\pages\checkout.php:645
[2024-11-21 01:12:54] Error: [2] Undefined variable $pos_id - C:\Users\jesma\Desktop\inventory_system\yros-main\inventory_system\views\pages\checkout.php:682
[2024-11-21 01:12:54] Error: [2] Undefined array key "Product_id" - C:\Users\jesma\Desktop\inventory_system\yros-main\inventory_system\views\pages\checkout.php:643
[2024-11-21 01:12:54] Error: [2] Undefined array key "satatus" - C:\Users\jesma\Desktop\inventory_system\yros-main\inventory_system\views\pages\checkout.php:645
[2024-11-21 01:12:54] Error: [2] Undefined variable $pos_id - C:\Users\jesma\Desktop\inventory_system\yros-main\inventory_system\views\pages\checkout.php:682
[2024-11-21 01:12:54] Error: [2] Undefined array key "Product_id" - C:\Users\jesma\Desktop\inventory_system\yros-main\inventory_system\views\pages\checkout.php:643
[2024-11-21 01:12:54] Error: [2] Undefined array key "satatus" - C:\Users\jesma\Desktop\inventory_system\yros-main\inventory_system\views\pages\checkout.php:645
[2024-11-21 01:12:54] Error: [2] Undefined variable $pos_id - C:\Users\jesma\Desktop\inventory_system\yros-main\inventory_system\views\pages\checkout.php:682
[2024-11-21 01:12:54] Error: [2] Undefined array key "Product_id" - C:\Users\jesma\Desktop\inventory_system\yros-main\inventory_system\views\pages\checkout.php:643
[2024-11-21 01:12:54] Error: [2] Undefined array key "satatus" - C:\Users\jesma\Desktop\inventory_system\yros-main\inventory_system\views\pages\checkout.php:645
[2024-11-21 01:12:54] Error: [2] Undefined variable $pos_id - C:\Users\jesma\Desktop\inventory_system\yros-main\inventory_system\views\pages\checkout.php:682
[2024-11-21 01:13:05] Error: [2] Undefined array key "Product_id" - C:\Users\jesma\Desktop\inventory_system\yros-main\inventory_system\views\pages\checkout.php:643
[2024-11-21 01:13:05] Error: [2] Undefined array key "satatus" - C:\Users\jesma\Desktop\inventory_system\yros-main\inventory_system\views\pages\checkout.php:645
[2024-11-21 01:13:05] Error: [2] Undefined variable $pos_id - C:\Users\jesma\Desktop\inventory_system\yros-main\inventory_system\views\pages\checkout.php:682
[2024-11-21 01:13:05] Error: [2] Undefined array key "Product_id" - C:\Users\jesma\Desktop\inventory_system\yros-main\inventory_system\views\pages\checkout.php:643
[2024-11-21 01:13:05] Error: [2] Undefined array key "satatus" - C:\Users\jesma\Desktop\inventory_system\yros-main\inventory_system\views\pages\checkout.php:645
[2024-11-21 01:13:05] Error: [2] Undefined variable $pos_id - C:\Users\jesma\Desktop\inventory_system\yros-main\inventory_system\views\pages\checkout.php:682
[2024-11-21 01:13:05] Error: [2] Undefined array key "Product_id" - C:\Users\jesma\Desktop\inventory_system\yros-main\inventory_system\views\pages\checkout.php:643
[2024-11-21 01:13:05] Error: [2] Undefined array key "satatus" - C:\Users\jesma\Desktop\inventory_system\yros-main\inventory_system\views\pages\checkout.php:645
[2024-11-21 01:13:05] Error: [2] Undefined variable $pos_id - C:\Users\jesma\Desktop\inventory_system\yros-main\inventory_system\views\pages\checkout.php:682
[2024-11-21 01:13:05] Error: [2] Undefined array key "Product_id" - C:\Users\jesma\Desktop\inventory_system\yros-main\inventory_system\views\pages\checkout.php:643
[2024-11-21 01:13:05] Error: [2] Undefined array key "satatus" - C:\Users\jesma\Desktop\inventory_system\yros-main\inventory_system\views\pages\checkout.php:645
[2024-11-21 01:13:05] Error: [2] Undefined variable $pos_id - C:\Users\jesma\Desktop\inventory_system\yros-main\inventory_system\views\pages\checkout.php:682
[2024-11-21 01:13:05] Error: [2] Undefined array key "Product_id" - C:\Users\jesma\Desktop\inventory_system\yros-main\inventory_system\views\pages\checkout.php:643
[2024-11-21 01:13:05] Error: [2] Undefined array key "satatus" - C:\Users\jesma\Desktop\inventory_system\yros-main\inventory_system\views\pages\checkout.php:645
[2024-11-21 01:13:05] Error: [2] Undefined variable $pos_id - C:\Users\jesma\Desktop\inventory_system\yros-main\inventory_system\views\pages\checkout.php:682
[2024-11-21 01:13:05] Error: [2] Undefined array key "Product_id" - C:\Users\jesma\Desktop\inventory_system\yros-main\inventory_system\views\pages\checkout.php:643
[2024-11-21 01:13:05] Error: [2] Undefined array key "satatus" - C:\Users\jesma\Desktop\inventory_system\yros-main\inventory_system\views\pages\checkout.php:645
[2024-11-21 01:13:05] Error: [2] Undefined variable $pos_id - C:\Users\jesma\Desktop\inventory_system\yros-main\inventory_system\views\pages\checkout.php:682
[2024-11-21 01:13:05] Error: [2] Undefined array key "Product_id" - C:\Users\jesma\Desktop\inventory_system\yros-main\inventory_system\views\pages\checkout.php:643
[2024-11-21 01:13:05] Error: [2] Undefined array key "satatus" - C:\Users\jesma\Desktop\inventory_system\yros-main\inventory_system\views\pages\checkout.php:645
[2024-11-21 01:13:05] Error: [2] Undefined variable $pos_id - C:\Users\jesma\Desktop\inventory_system\yros-main\inventory_system\views\pages\checkout.php:682
[2024-11-21 01:13:20] Error: [2] Undefined array key "Product_id" - C:\Users\jesma\Desktop\inventory_system\yros-main\inventory_system\views\pages\checkout.php:643
[2024-11-21 01:13:20] Error: [2] Undefined array key "satatus" - C:\Users\jesma\Desktop\inventory_system\yros-main\inventory_system\views\pages\checkout.php:645
[2024-11-21 01:13:20] Error: [2] Undefined variable $pos_id - C:\Users\jesma\Desktop\inventory_system\yros-main\inventory_system\views\pages\checkout.php:682
[2024-11-21 01:13:20] Error: [2] Undefined array key "Product_id" - C:\Users\jesma\Desktop\inventory_system\yros-main\inventory_system\views\pages\checkout.php:643
[2024-11-21 01:13:20] Error: [2] Undefined array key "satatus" - C:\Users\jesma\Desktop\inventory_system\yros-main\inventory_system\views\pages\checkout.php:645
[2024-11-21 01:13:20] Error: [2] Undefined variable $pos_id - C:\Users\jesma\Desktop\inventory_system\yros-main\inventory_system\views\pages\checkout.php:682
[2024-11-21 01:13:20] Error: [2] Undefined array key "Product_id" - C:\Users\jesma\Desktop\inventory_system\yros-main\inventory_system\views\pages\checkout.php:643
[2024-11-21 01:13:20] Error: [2] Undefined array key "satatus" - C:\Users\jesma\Desktop\inventory_system\yros-main\inventory_system\views\pages\checkout.php:645
[2024-11-21 01:13:20] Error: [2] Undefined variable $pos_id - C:\Users\jesma\Desktop\inventory_system\yros-main\inventory_system\views\pages\checkout.php:682
[2024-11-21 01:13:20] Error: [2] Undefined array key "Product_id" - C:\Users\jesma\Desktop\inventory_system\yros-main\inventory_system\views\pages\checkout.php:643
[2024-11-21 01:13:20] Error: [2] Undefined array key "satatus" - C:\Users\jesma\Desktop\inventory_system\yros-main\inventory_system\views\pages\checkout.php:645
[2024-11-21 01:13:20] Error: [2] Undefined variable $pos_id - C:\Users\jesma\Desktop\inventory_system\yros-main\inventory_system\views\pages\checkout.php:682
[2024-11-21 01:13:20] Error: [2] Undefined array key "Product_id" - C:\Users\jesma\Desktop\inventory_system\yros-main\inventory_system\views\pages\checkout.php:643
[2024-11-21 01:13:20] Error: [2] Undefined array key "satatus" - C:\Users\jesma\Desktop\inventory_system\yros-main\inventory_system\views\pages\checkout.php:645
[2024-11-21 01:13:20] Error: [2] Undefined variable $pos_id - C:\Users\jesma\Desktop\inventory_system\yros-main\inventory_system\views\pages\checkout.php:682
[2024-11-21 01:13:20] Error: [2] Undefined array key "Product_id" - C:\Users\jesma\Desktop\inventory_system\yros-main\inventory_system\views\pages\checkout.php:643
[2024-11-21 01:13:20] Error: [2] Undefined array key "satatus" - C:\Users\jesma\Desktop\inventory_system\yros-main\inventory_system\views\pages\checkout.php:645
[2024-11-21 01:13:20] Error: [2] Undefined variable $pos_id - C:\Users\jesma\Desktop\inventory_system\yros-main\inventory_system\views\pages\checkout.php:682
[2024-11-21 01:13:20] Error: [2] Undefined array key "Product_id" - C:\Users\jesma\Desktop\inventory_system\yros-main\inventory_system\views\pages\checkout.php:643
[2024-11-21 01:13:20] Error: [2] Undefined array key "satatus" - C:\Users\jesma\Desktop\inventory_system\yros-main\inventory_system\views\pages\checkout.php:645
[2024-11-21 01:13:20] Error: [2] Undefined variable $pos_id - C:\Users\jesma\Desktop\inventory_system\yros-main\inventory_system\views\pages\checkout.php:682
[2024-11-21 01:20:33] Error: [2] Undefined array key "Product_id" - C:\Users\jesma\Desktop\inventory_system\yros-main\inventory_system\views\pages\checkout.php:643
[2024-11-21 01:20:33] Error: [2] Undefined array key "satatus" - C:\Users\jesma\Desktop\inventory_system\yros-main\inventory_system\views\pages\checkout.php:645
[2024-11-21 01:20:33] Error: [2] Undefined variable $pos_id - C:\Users\jesma\Desktop\inventory_system\yros-main\inventory_system\views\pages\checkout.php:682
[2024-11-21 01:20:33] Error: [2] Undefined array key "Product_id" - C:\Users\jesma\Desktop\inventory_system\yros-main\inventory_system\views\pages\checkout.php:643
[2024-11-21 01:20:33] Error: [2] Undefined array key "satatus" - C:\Users\jesma\Desktop\inventory_system\yros-main\inventory_system\views\pages\checkout.php:645
[2024-11-21 01:20:33] Error: [2] Undefined variable $pos_id - C:\Users\jesma\Desktop\inventory_system\yros-main\inventory_system\views\pages\checkout.php:682
[2024-11-21 01:20:33] Error: [2] Undefined array key "Product_id" - C:\Users\jesma\Desktop\inventory_system\yros-main\inventory_system\views\pages\checkout.php:643
[2024-11-21 01:20:33] Error: [2] Undefined array key "satatus" - C:\Users\jesma\Desktop\inventory_system\yros-main\inventory_system\views\pages\checkout.php:645
[2024-11-21 01:20:33] Error: [2] Undefined variable $pos_id - C:\Users\jesma\Desktop\inventory_system\yros-main\inventory_system\views\pages\checkout.php:682
[2024-11-21 01:20:33] Error: [2] Undefined array key "Product_id" - C:\Users\jesma\Desktop\inventory_system\yros-main\inventory_system\views\pages\checkout.php:643
[2024-11-21 01:20:33] Error: [2] Undefined array key "satatus" - C:\Users\jesma\Desktop\inventory_system\yros-main\inventory_system\views\pages\checkout.php:645
[2024-11-21 01:20:33] Error: [2] Undefined variable $pos_id - C:\Users\jesma\Desktop\inventory_system\yros-main\inventory_system\views\pages\checkout.php:682
[2024-11-21 01:20:33] Error: [2] Undefined array key "Product_id" - C:\Users\jesma\Desktop\inventory_system\yros-main\inventory_system\views\pages\checkout.php:643
[2024-11-21 01:20:33] Error: [2] Undefined array key "satatus" - C:\Users\jesma\Desktop\inventory_system\yros-main\inventory_system\views\pages\checkout.php:645
[2024-11-21 01:20:33] Error: [2] Undefined variable $pos_id - C:\Users\jesma\Desktop\inventory_system\yros-main\inventory_system\views\pages\checkout.php:682
[2024-11-21 01:20:33] Error: [2] Undefined array key "Product_id" - C:\Users\jesma\Desktop\inventory_system\yros-main\inventory_system\views\pages\checkout.php:643
[2024-11-21 01:20:33] Error: [2] Undefined array key "satatus" - C:\Users\jesma\Desktop\inventory_system\yros-main\inventory_system\views\pages\checkout.php:645
[2024-11-21 01:20:33] Error: [2] Undefined variable $pos_id - C:\Users\jesma\Desktop\inventory_system\yros-main\inventory_system\views\pages\checkout.php:682
[2024-11-21 01:20:33] Error: [2] Undefined array key "Product_id" - C:\Users\jesma\Desktop\inventory_system\yros-main\inventory_system\views\pages\checkout.php:643
[2024-11-21 01:20:33] Error: [2] Undefined array key "satatus" - C:\Users\jesma\Desktop\inventory_system\yros-main\inventory_system\views\pages\checkout.php:645
[2024-11-21 01:20:33] Error: [2] Undefined variable $pos_id - C:\Users\jesma\Desktop\inventory_system\yros-main\inventory_system\views\pages\checkout.php:682
[2024-11-21 01:21:00] Error: [2] Undefined array key "Product_id" - C:\Users\jesma\Desktop\inventory_system\yros-main\inventory_system\views\pages\checkout.php:643
[2024-11-21 01:21:00] Error: [2] Undefined array key "satatus" - C:\Users\jesma\Desktop\inventory_system\yros-main\inventory_system\views\pages\checkout.php:645
[2024-11-21 01:21:00] Error: [2] Undefined variable $pos_id - C:\Users\jesma\Desktop\inventory_system\yros-main\inventory_system\views\pages\checkout.php:682
[2024-11-21 01:21:00] Error: [2] Undefined array key "Product_id" - C:\Users\jesma\Desktop\inventory_system\yros-main\inventory_system\views\pages\checkout.php:643
[2024-11-21 01:21:00] Error: [2] Undefined array key "satatus" - C:\Users\jesma\Desktop\inventory_system\yros-main\inventory_system\views\pages\checkout.php:645
[2024-11-21 01:21:00] Error: [2] Undefined variable $pos_id - C:\Users\jesma\Desktop\inventory_system\yros-main\inventory_system\views\pages\checkout.php:682
[2024-11-21 01:21:00] Error: [2] Undefined array key "Product_id" - C:\Users\jesma\Desktop\inventory_system\yros-main\inventory_system\views\pages\checkout.php:643
[2024-11-21 01:21:00] Error: [2] Undefined array key "satatus" - C:\Users\jesma\Desktop\inventory_system\yros-main\inventory_system\views\pages\checkout.php:645
[2024-11-21 01:21:00] Error: [2] Undefined variable $pos_id - C:\Users\jesma\Desktop\inventory_system\yros-main\inventory_system\views\pages\checkout.php:682
[2024-11-21 01:21:00] Error: [2] Undefined array key "Product_id" - C:\Users\jesma\Desktop\inventory_system\yros-main\inventory_system\views\pages\checkout.php:643
[2024-11-21 01:21:00] Error: [2] Undefined array key "satatus" - C:\Users\jesma\Desktop\inventory_system\yros-main\inventory_system\views\pages\checkout.php:645
[2024-11-21 01:21:00] Error: [2] Undefined variable $pos_id - C:\Users\jesma\Desktop\inventory_system\yros-main\inventory_system\views\pages\checkout.php:682
[2024-11-21 01:21:00] Error: [2] Undefined array key "Product_id" - C:\Users\jesma\Desktop\inventory_system\yros-main\inventory_system\views\pages\checkout.php:643
[2024-11-21 01:21:00] Error: [2] Undefined array key "satatus" - C:\Users\jesma\Desktop\inventory_system\yros-main\inventory_system\views\pages\checkout.php:645
[2024-11-21 01:21:00] Error: [2] Undefined variable $pos_id - C:\Users\jesma\Desktop\inventory_system\yros-main\inventory_system\views\pages\checkout.php:682
[2024-11-21 01:21:00] Error: [2] Undefined array key "Product_id" - C:\Users\jesma\Desktop\inventory_system\yros-main\inventory_system\views\pages\checkout.php:643
[2024-11-21 01:21:00] Error: [2] Undefined array key "satatus" - C:\Users\jesma\Desktop\inventory_system\yros-main\inventory_system\views\pages\checkout.php:645
[2024-11-21 01:21:00] Error: [2] Undefined variable $pos_id - C:\Users\jesma\Desktop\inventory_system\yros-main\inventory_system\views\pages\checkout.php:682
[2024-11-21 01:21:00] Error: [2] Undefined array key "Product_id" - C:\Users\jesma\Desktop\inventory_system\yros-main\inventory_system\views\pages\checkout.php:643
[2024-11-21 01:21:00] Error: [2] Undefined array key "satatus" - C:\Users\jesma\Desktop\inventory_system\yros-main\inventory_system\views\pages\checkout.php:645
[2024-11-21 01:21:00] Error: [2] Undefined variable $pos_id - C:\Users\jesma\Desktop\inventory_system\yros-main\inventory_system\views\pages\checkout.php:682
[2024-11-21 01:21:07] Error: [8192] PDO::quote(): Passing null to parameter #1 ($string) of type string is deprecated - C:\Users\jesma\Desktop\inventory_system\yros-main\inventory_system\app\system\extras\database.php:220
[2024-11-21 01:58:34] Error: [2] Undefined array key "Product_id" - C:\Users\jesma\Desktop\inventory_system\yros-main\inventory_system\views\pages\checkout.php:643
[2024-11-21 01:58:34] Error: [2] Undefined array key "satatus" - C:\Users\jesma\Desktop\inventory_system\yros-main\inventory_system\views\pages\checkout.php:645
[2024-11-21 01:58:34] Error: [2] Undefined variable $pos_id - C:\Users\jesma\Desktop\inventory_system\yros-main\inventory_system\views\pages\checkout.php:682
[2024-11-21 01:58:34] Error: [2] Undefined array key "Product_id" - C:\Users\jesma\Desktop\inventory_system\yros-main\inventory_system\views\pages\checkout.php:643
[2024-11-21 01:58:34] Error: [2] Undefined array key "satatus" - C:\Users\jesma\Desktop\inventory_system\yros-main\inventory_system\views\pages\checkout.php:645
[2024-11-21 01:58:34] Error: [2] Undefined variable $pos_id - C:\Users\jesma\Desktop\inventory_system\yros-main\inventory_system\views\pages\checkout.php:682
[2024-11-21 01:58:34] Error: [2] Undefined array key "Product_id" - C:\Users\jesma\Desktop\inventory_system\yros-main\inventory_system\views\pages\checkout.php:643
[2024-11-21 01:58:34] Error: [2] Undefined array key "satatus" - C:\Users\jesma\Desktop\inventory_system\yros-main\inventory_system\views\pages\checkout.php:645
[2024-11-21 01:58:34] Error: [2] Undefined variable $pos_id - C:\Users\jesma\Desktop\inventory_system\yros-main\inventory_system\views\pages\checkout.php:682
[2024-11-21 01:58:34] Error: [2] Undefined array key "Product_id" - C:\Users\jesma\Desktop\inventory_system\yros-main\inventory_system\views\pages\checkout.php:643
[2024-11-21 01:58:34] Error: [2] Undefined array key "satatus" - C:\Users\jesma\Desktop\inventory_system\yros-main\inventory_system\views\pages\checkout.php:645
[2024-11-21 01:58:34] Error: [2] Undefined variable $pos_id - C:\Users\jesma\Desktop\inventory_system\yros-main\inventory_system\views\pages\checkout.php:682
[2024-11-21 01:58:34] Error: [2] Undefined array key "Product_id" - C:\Users\jesma\Desktop\inventory_system\yros-main\inventory_system\views\pages\checkout.php:643
[2024-11-21 01:58:34] Error: [2] Undefined array key "satatus" - C:\Users\jesma\Desktop\inventory_system\yros-main\inventory_system\views\pages\checkout.php:645
[2024-11-21 01:58:34] Error: [2] Undefined variable $pos_id - C:\Users\jesma\Desktop\inventory_system\yros-main\inventory_system\views\pages\checkout.php:682
[2024-11-21 01:58:34] Error: [2] Undefined array key "Product_id" - C:\Users\jesma\Desktop\inventory_system\yros-main\inventory_system\views\pages\checkout.php:643
[2024-11-21 01:58:34] Error: [2] Undefined array key "satatus" - C:\Users\jesma\Desktop\inventory_system\yros-main\inventory_system\views\pages\checkout.php:645
[2024-11-21 01:58:34] Error: [2] Undefined variable $pos_id - C:\Users\jesma\Desktop\inventory_system\yros-main\inventory_system\views\pages\checkout.php:682
[2024-11-21 01:58:34] Error: [2] Undefined array key "Product_id" - C:\Users\jesma\Desktop\inventory_system\yros-main\inventory_system\views\pages\checkout.php:643
[2024-11-21 01:58:34] Error: [2] Undefined array key "satatus" - C:\Users\jesma\Desktop\inventory_system\yros-main\inventory_system\views\pages\checkout.php:645
[2024-11-21 01:58:34] Error: [2] Undefined variable $pos_id - C:\Users\jesma\Desktop\inventory_system\yros-main\inventory_system\views\pages\checkout.php:682
