[2024-12-02 03:18:06] Error: [2] Undefined array key "Description" - C:\Users\jesma\Desktop\inventory_system\yros-main\inventory_system\views\pages\saleslist.php:148
[2024-12-02 03:18:06] Error: [2] Undefined array key "Image" - C:\Users\jesma\Desktop\inventory_system\yros-main\inventory_system\views\pages\saleslist.php:149
[2024-12-02 03:18:06] Error: [2] Undefined array key "Description" - C:\Users\jesma\Desktop\inventory_system\yros-main\inventory_system\views\pages\saleslist.php:148
[2024-12-02 03:18:06] Error: [2] Undefined array key "Image" - C:\Users\jesma\Desktop\inventory_system\yros-main\inventory_system\views\pages\saleslist.php:149
[2024-12-02 03:18:06] Error: [2] Undefined array key "Description" - C:\Users\jesma\Desktop\inventory_system\yros-main\inventory_system\views\pages\saleslist.php:148
[2024-12-02 03:18:06] Error: [2] Undefined array key "Image" - C:\Users\jesma\Desktop\inventory_system\yros-main\inventory_system\views\pages\saleslist.php:149
[2024-12-02 03:18:06] Error: [2] Undefined array key "Description" - C:\Users\jesma\Desktop\inventory_system\yros-main\inventory_system\views\pages\saleslist.php:148
[2024-12-02 03:18:06] Error: [2] Undefined array key "Image" - C:\Users\jesma\Desktop\inventory_system\yros-main\inventory_system\views\pages\saleslist.php:149
[2024-12-02 03:18:06] Error: [2] Undefined array key "Description" - C:\Users\jesma\Desktop\inventory_system\yros-main\inventory_system\views\pages\saleslist.php:148
[2024-12-02 03:18:06] Error: [2] Undefined array key "Image" - C:\Users\jesma\Desktop\inventory_system\yros-main\inventory_system\views\pages\saleslist.php:149
[2024-12-02 03:18:06] Error: [2] Undefined array key "Description" - C:\Users\jesma\Desktop\inventory_system\yros-main\inventory_system\views\pages\saleslist.php:148
[2024-12-02 03:18:06] Error: [2] Undefined array key "Image" - C:\Users\jesma\Desktop\inventory_system\yros-main\inventory_system\views\pages\saleslist.php:149
[2024-12-02 03:18:06] Error: [2] Undefined array key "Description" - C:\Users\jesma\Desktop\inventory_system\yros-main\inventory_system\views\pages\saleslist.php:148
[2024-12-02 03:18:06] Error: [2] Undefined array key "Image" - C:\Users\jesma\Desktop\inventory_system\yros-main\inventory_system\views\pages\saleslist.php:149
[2024-12-02 03:18:06] Error: [2] Undefined array key "Description" - C:\Users\jesma\Desktop\inventory_system\yros-main\inventory_system\views\pages\saleslist.php:148
[2024-12-02 03:18:06] Error: [2] Undefined array key "Image" - C:\Users\jesma\Desktop\inventory_system\yros-main\inventory_system\views\pages\saleslist.php:149
[2024-12-02 03:18:06] Error: [2] Undefined array key "Description" - C:\Users\jesma\Desktop\inventory_system\yros-main\inventory_system\views\pages\saleslist.php:148
[2024-12-02 03:18:06] Error: [2] Undefined array key "Image" - C:\Users\jesma\Desktop\inventory_system\yros-main\inventory_system\views\pages\saleslist.php:149
[2024-12-02 03:18:06] Error: [2] Undefined array key "Description" - C:\Users\jesma\Desktop\inventory_system\yros-main\inventory_system\views\pages\saleslist.php:148
[2024-12-02 03:18:06] Error: [2] Undefined array key "Image" - C:\Users\jesma\Desktop\inventory_system\yros-main\inventory_system\views\pages\saleslist.php:149
[2024-12-02 03:18:06] Error: [2] Undefined array key "Description" - C:\Users\jesma\Desktop\inventory_system\yros-main\inventory_system\views\pages\saleslist.php:148
[2024-12-02 03:18:06] Error: [2] Undefined array key "Image" - C:\Users\jesma\Desktop\inventory_system\yros-main\inventory_system\views\pages\saleslist.php:149
[2024-12-02 03:18:06] Error: [2] Undefined array key "Description" - C:\Users\jesma\Desktop\inventory_system\yros-main\inventory_system\views\pages\saleslist.php:148
[2024-12-02 03:18:06] Error: [2] Undefined array key "Image" - C:\Users\jesma\Desktop\inventory_system\yros-main\inventory_system\views\pages\saleslist.php:149
[2024-12-02 03:18:06] Error: [2] Undefined array key "Description" - C:\Users\jesma\Desktop\inventory_system\yros-main\inventory_system\views\pages\saleslist.php:148
[2024-12-02 03:18:06] Error: [2] Undefined array key "Image" - C:\Users\jesma\Desktop\inventory_system\yros-main\inventory_system\views\pages\saleslist.php:149
[2024-12-02 03:18:06] Error: [2] Undefined array key "Description" - C:\Users\jesma\Desktop\inventory_system\yros-main\inventory_system\views\pages\saleslist.php:148
[2024-12-02 03:18:06] Error: [2] Undefined array key "Image" - C:\Users\jesma\Desktop\inventory_system\yros-main\inventory_system\views\pages\saleslist.php:149
[2024-12-02 03:18:06] Error: [2] Undefined array key "Description" - C:\Users\jesma\Desktop\inventory_system\yros-main\inventory_system\views\pages\saleslist.php:148
[2024-12-02 03:18:06] Error: [2] Undefined array key "Image" - C:\Users\jesma\Desktop\inventory_system\yros-main\inventory_system\views\pages\saleslist.php:149
[2024-12-02 03:18:06] Error: [2] Undefined array key "Description" - C:\Users\jesma\Desktop\inventory_system\yros-main\inventory_system\views\pages\saleslist.php:148
[2024-12-02 03:18:06] Error: [2] Undefined array key "Image" - C:\Users\jesma\Desktop\inventory_system\yros-main\inventory_system\views\pages\saleslist.php:149
[2024-12-02 03:19:43] Error: [2] Undefined array key "Product_id" - C:\Users\jesma\Desktop\inventory_system\yros-main\inventory_system\views\pages\checkout.php:537
[2024-12-02 03:19:43] Error: [2] Undefined array key "satatus" - C:\Users\jesma\Desktop\inventory_system\yros-main\inventory_system\views\pages\checkout.php:539
[2024-12-02 03:19:43] Error: [2] Undefined variable $tax - C:\Users\jesma\Desktop\inventory_system\yros-main\inventory_system\views\pages\checkout.php:605
[2024-12-02 03:19:52] Error: [2] Undefined array key "Product_id" - C:\Users\jesma\Desktop\inventory_system\yros-main\inventory_system\views\pages\checkout.php:537
[2024-12-02 03:19:52] Error: [2] Undefined array key "satatus" - C:\Users\jesma\Desktop\inventory_system\yros-main\inventory_system\views\pages\checkout.php:539
[2024-12-02 03:19:52] Error: [2] Undefined array key "Product_id" - C:\Users\jesma\Desktop\inventory_system\yros-main\inventory_system\views\pages\checkout.php:537
[2024-12-02 03:19:52] Error: [2] Undefined array key "satatus" - C:\Users\jesma\Desktop\inventory_system\yros-main\inventory_system\views\pages\checkout.php:539
[2024-12-02 03:19:52] Error: [2] Undefined variable $tax - C:\Users\jesma\Desktop\inventory_system\yros-main\inventory_system\views\pages\checkout.php:605
[2024-12-02 03:19:56] Error: [2] Undefined array key "Product_id" - C:\Users\jesma\Desktop\inventory_system\yros-main\inventory_system\views\pages\checkout.php:537
[2024-12-02 03:19:56] Error: [2] Undefined array key "satatus" - C:\Users\jesma\Desktop\inventory_system\yros-main\inventory_system\views\pages\checkout.php:539
[2024-12-02 03:19:56] Error: [2] Undefined array key "Product_id" - C:\Users\jesma\Desktop\inventory_system\yros-main\inventory_system\views\pages\checkout.php:537
[2024-12-02 03:19:56] Error: [2] Undefined array key "satatus" - C:\Users\jesma\Desktop\inventory_system\yros-main\inventory_system\views\pages\checkout.php:539
[2024-12-02 03:19:56] Error: [2] Undefined array key "Product_id" - C:\Users\jesma\Desktop\inventory_system\yros-main\inventory_system\views\pages\checkout.php:537
[2024-12-02 03:19:56] Error: [2] Undefined array key "satatus" - C:\Users\jesma\Desktop\inventory_system\yros-main\inventory_system\views\pages\checkout.php:539
[2024-12-02 03:19:56] Error: [2] Undefined variable $tax - C:\Users\jesma\Desktop\inventory_system\yros-main\inventory_system\views\pages\checkout.php:605
[2024-12-02 03:20:02] Error: [2] Undefined array key "Product_id" - C:\Users\jesma\Desktop\inventory_system\yros-main\inventory_system\views\pages\checkout.php:537
[2024-12-02 03:20:02] Error: [2] Undefined array key "satatus" - C:\Users\jesma\Desktop\inventory_system\yros-main\inventory_system\views\pages\checkout.php:539
[2024-12-02 03:20:02] Error: [2] Undefined array key "Product_id" - C:\Users\jesma\Desktop\inventory_system\yros-main\inventory_system\views\pages\checkout.php:537
[2024-12-02 03:20:02] Error: [2] Undefined array key "satatus" - C:\Users\jesma\Desktop\inventory_system\yros-main\inventory_system\views\pages\checkout.php:539
[2024-12-02 03:20:02] Error: [2] Undefined array key "Product_id" - C:\Users\jesma\Desktop\inventory_system\yros-main\inventory_system\views\pages\checkout.php:537
[2024-12-02 03:20:02] Error: [2] Undefined array key "satatus" - C:\Users\jesma\Desktop\inventory_system\yros-main\inventory_system\views\pages\checkout.php:539
[2024-12-02 03:20:02] Error: [2] Undefined variable $tax - C:\Users\jesma\Desktop\inventory_system\yros-main\inventory_system\views\pages\checkout.php:605
[2024-12-02 03:20:45] Error: [2] Undefined variable $tax - C:\Users\jesma\Desktop\inventory_system\yros-main\inventory_system\views\pages\checkout.php:605
[2024-12-02 03:20:58] Error: [2] Undefined array key "Description" - C:\Users\jesma\Desktop\inventory_system\yros-main\inventory_system\views\pages\saleslist.php:148
[2024-12-02 03:20:58] Error: [2] Undefined array key "Image" - C:\Users\jesma\Desktop\inventory_system\yros-main\inventory_system\views\pages\saleslist.php:149
[2024-12-02 03:20:58] Error: [2] Undefined array key "Description" - C:\Users\jesma\Desktop\inventory_system\yros-main\inventory_system\views\pages\saleslist.php:148
[2024-12-02 03:20:58] Error: [2] Undefined array key "Image" - C:\Users\jesma\Desktop\inventory_system\yros-main\inventory_system\views\pages\saleslist.php:149
[2024-12-02 03:20:58] Error: [2] Undefined array key "Description" - C:\Users\jesma\Desktop\inventory_system\yros-main\inventory_system\views\pages\saleslist.php:148
[2024-12-02 03:20:58] Error: [2] Undefined array key "Image" - C:\Users\jesma\Desktop\inventory_system\yros-main\inventory_system\views\pages\saleslist.php:149
[2024-12-02 03:20:58] Error: [2] Undefined array key "Description" - C:\Users\jesma\Desktop\inventory_system\yros-main\inventory_system\views\pages\saleslist.php:148
[2024-12-02 03:20:58] Error: [2] Undefined array key "Image" - C:\Users\jesma\Desktop\inventory_system\yros-main\inventory_system\views\pages\saleslist.php:149
[2024-12-02 03:20:58] Error: [2] Undefined array key "Description" - C:\Users\jesma\Desktop\inventory_system\yros-main\inventory_system\views\pages\saleslist.php:148
[2024-12-02 03:20:58] Error: [2] Undefined array key "Image" - C:\Users\jesma\Desktop\inventory_system\yros-main\inventory_system\views\pages\saleslist.php:149
[2024-12-02 03:20:58] Error: [2] Undefined array key "Description" - C:\Users\jesma\Desktop\inventory_system\yros-main\inventory_system\views\pages\saleslist.php:148
[2024-12-02 03:20:58] Error: [2] Undefined array key "Image" - C:\Users\jesma\Desktop\inventory_system\yros-main\inventory_system\views\pages\saleslist.php:149
[2024-12-02 03:20:58] Error: [2] Undefined array key "Description" - C:\Users\jesma\Desktop\inventory_system\yros-main\inventory_system\views\pages\saleslist.php:148
[2024-12-02 03:20:58] Error: [2] Undefined array key "Image" - C:\Users\jesma\Desktop\inventory_system\yros-main\inventory_system\views\pages\saleslist.php:149
[2024-12-02 03:20:58] Error: [2] Undefined array key "Description" - C:\Users\jesma\Desktop\inventory_system\yros-main\inventory_system\views\pages\saleslist.php:148
[2024-12-02 03:20:58] Error: [2] Undefined array key "Image" - C:\Users\jesma\Desktop\inventory_system\yros-main\inventory_system\views\pages\saleslist.php:149
[2024-12-02 03:20:58] Error: [2] Undefined array key "Description" - C:\Users\jesma\Desktop\inventory_system\yros-main\inventory_system\views\pages\saleslist.php:148
[2024-12-02 03:20:58] Error: [2] Undefined array key "Image" - C:\Users\jesma\Desktop\inventory_system\yros-main\inventory_system\views\pages\saleslist.php:149
[2024-12-02 03:20:58] Error: [2] Undefined array key "Description" - C:\Users\jesma\Desktop\inventory_system\yros-main\inventory_system\views\pages\saleslist.php:148
[2024-12-02 03:20:58] Error: [2] Undefined array key "Image" - C:\Users\jesma\Desktop\inventory_system\yros-main\inventory_system\views\pages\saleslist.php:149
[2024-12-02 03:20:58] Error: [2] Undefined array key "Description" - C:\Users\jesma\Desktop\inventory_system\yros-main\inventory_system\views\pages\saleslist.php:148
[2024-12-02 03:20:58] Error: [2] Undefined array key "Image" - C:\Users\jesma\Desktop\inventory_system\yros-main\inventory_system\views\pages\saleslist.php:149
[2024-12-02 03:20:58] Error: [2] Undefined array key "Description" - C:\Users\jesma\Desktop\inventory_system\yros-main\inventory_system\views\pages\saleslist.php:148
[2024-12-02 03:20:58] Error: [2] Undefined array key "Image" - C:\Users\jesma\Desktop\inventory_system\yros-main\inventory_system\views\pages\saleslist.php:149
[2024-12-02 03:20:58] Error: [2] Undefined array key "Description" - C:\Users\jesma\Desktop\inventory_system\yros-main\inventory_system\views\pages\saleslist.php:148
[2024-12-02 03:20:58] Error: [2] Undefined array key "Image" - C:\Users\jesma\Desktop\inventory_system\yros-main\inventory_system\views\pages\saleslist.php:149
[2024-12-02 03:20:58] Error: [2] Undefined array key "Description" - C:\Users\jesma\Desktop\inventory_system\yros-main\inventory_system\views\pages\saleslist.php:148
[2024-12-02 03:20:58] Error: [2] Undefined array key "Image" - C:\Users\jesma\Desktop\inventory_system\yros-main\inventory_system\views\pages\saleslist.php:149
[2024-12-02 03:20:58] Error: [2] Undefined array key "Description" - C:\Users\jesma\Desktop\inventory_system\yros-main\inventory_system\views\pages\saleslist.php:148
[2024-12-02 03:20:58] Error: [2] Undefined array key "Image" - C:\Users\jesma\Desktop\inventory_system\yros-main\inventory_system\views\pages\saleslist.php:149
[2024-12-02 03:20:58] Error: [2] Undefined array key "Description" - C:\Users\jesma\Desktop\inventory_system\yros-main\inventory_system\views\pages\saleslist.php:148
[2024-12-02 03:20:58] Error: [2] Undefined array key "Image" - C:\Users\jesma\Desktop\inventory_system\yros-main\inventory_system\views\pages\saleslist.php:149
[2024-12-02 03:20:58] Error: [2] Undefined array key "Description" - C:\Users\jesma\Desktop\inventory_system\yros-main\inventory_system\views\pages\saleslist.php:148
[2024-12-02 03:20:58] Error: [2] Undefined array key "Image" - C:\Users\jesma\Desktop\inventory_system\yros-main\inventory_system\views\pages\saleslist.php:149
[2024-12-02 03:20:58] Error: [2] Undefined array key "Description" - C:\Users\jesma\Desktop\inventory_system\yros-main\inventory_system\views\pages\saleslist.php:148
[2024-12-02 03:20:58] Error: [2] Undefined array key "Image" - C:\Users\jesma\Desktop\inventory_system\yros-main\inventory_system\views\pages\saleslist.php:149
[2024-12-02 03:20:58] Error: [2] Undefined array key "Description" - C:\Users\jesma\Desktop\inventory_system\yros-main\inventory_system\views\pages\saleslist.php:148
[2024-12-02 03:20:58] Error: [2] Undefined array key "Image" - C:\Users\jesma\Desktop\inventory_system\yros-main\inventory_system\views\pages\saleslist.php:149
[2024-12-02 03:21:16] Error: [2] Undefined array key "Description" - C:\Users\jesma\Desktop\inventory_system\yros-main\inventory_system\views\pages\saleslist.php:148
[2024-12-02 03:21:16] Error: [2] Undefined array key "Image" - C:\Users\jesma\Desktop\inventory_system\yros-main\inventory_system\views\pages\saleslist.php:149
[2024-12-02 03:21:16] Error: [2] Undefined array key "Description" - C:\Users\jesma\Desktop\inventory_system\yros-main\inventory_system\views\pages\saleslist.php:148
[2024-12-02 03:21:16] Error: [2] Undefined array key "Image" - C:\Users\jesma\Desktop\inventory_system\yros-main\inventory_system\views\pages\saleslist.php:149
[2024-12-02 03:21:16] Error: [2] Undefined array key "Description" - C:\Users\jesma\Desktop\inventory_system\yros-main\inventory_system\views\pages\saleslist.php:148
[2024-12-02 03:21:16] Error: [2] Undefined array key "Image" - C:\Users\jesma\Desktop\inventory_system\yros-main\inventory_system\views\pages\saleslist.php:149
[2024-12-02 03:21:16] Error: [2] Undefined array key "Description" - C:\Users\jesma\Desktop\inventory_system\yros-main\inventory_system\views\pages\saleslist.php:148
[2024-12-02 03:21:16] Error: [2] Undefined array key "Image" - C:\Users\jesma\Desktop\inventory_system\yros-main\inventory_system\views\pages\saleslist.php:149
[2024-12-02 03:21:16] Error: [2] Undefined array key "Description" - C:\Users\jesma\Desktop\inventory_system\yros-main\inventory_system\views\pages\saleslist.php:148
[2024-12-02 03:21:16] Error: [2] Undefined array key "Image" - C:\Users\jesma\Desktop\inventory_system\yros-main\inventory_system\views\pages\saleslist.php:149
[2024-12-02 03:21:16] Error: [2] Undefined array key "Description" - C:\Users\jesma\Desktop\inventory_system\yros-main\inventory_system\views\pages\saleslist.php:148
[2024-12-02 03:21:16] Error: [2] Undefined array key "Image" - C:\Users\jesma\Desktop\inventory_system\yros-main\inventory_system\views\pages\saleslist.php:149
[2024-12-02 03:21:16] Error: [2] Undefined array key "Description" - C:\Users\jesma\Desktop\inventory_system\yros-main\inventory_system\views\pages\saleslist.php:148
[2024-12-02 03:21:16] Error: [2] Undefined array key "Image" - C:\Users\jesma\Desktop\inventory_system\yros-main\inventory_system\views\pages\saleslist.php:149
[2024-12-02 03:21:16] Error: [2] Undefined array key "Description" - C:\Users\jesma\Desktop\inventory_system\yros-main\inventory_system\views\pages\saleslist.php:148
[2024-12-02 03:21:16] Error: [2] Undefined array key "Image" - C:\Users\jesma\Desktop\inventory_system\yros-main\inventory_system\views\pages\saleslist.php:149
[2024-12-02 03:21:16] Error: [2] Undefined array key "Description" - C:\Users\jesma\Desktop\inventory_system\yros-main\inventory_system\views\pages\saleslist.php:148
[2024-12-02 03:21:16] Error: [2] Undefined array key "Image" - C:\Users\jesma\Desktop\inventory_system\yros-main\inventory_system\views\pages\saleslist.php:149
[2024-12-02 03:21:16] Error: [2] Undefined array key "Description" - C:\Users\jesma\Desktop\inventory_system\yros-main\inventory_system\views\pages\saleslist.php:148
[2024-12-02 03:21:16] Error: [2] Undefined array key "Image" - C:\Users\jesma\Desktop\inventory_system\yros-main\inventory_system\views\pages\saleslist.php:149
[2024-12-02 03:21:16] Error: [2] Undefined array key "Description" - C:\Users\jesma\Desktop\inventory_system\yros-main\inventory_system\views\pages\saleslist.php:148
[2024-12-02 03:21:16] Error: [2] Undefined array key "Image" - C:\Users\jesma\Desktop\inventory_system\yros-main\inventory_system\views\pages\saleslist.php:149
[2024-12-02 03:21:16] Error: [2] Undefined array key "Description" - C:\Users\jesma\Desktop\inventory_system\yros-main\inventory_system\views\pages\saleslist.php:148
[2024-12-02 03:21:16] Error: [2] Undefined array key "Image" - C:\Users\jesma\Desktop\inventory_system\yros-main\inventory_system\views\pages\saleslist.php:149
[2024-12-02 03:21:16] Error: [2] Undefined array key "Description" - C:\Users\jesma\Desktop\inventory_system\yros-main\inventory_system\views\pages\saleslist.php:148
[2024-12-02 03:21:16] Error: [2] Undefined array key "Image" - C:\Users\jesma\Desktop\inventory_system\yros-main\inventory_system\views\pages\saleslist.php:149
[2024-12-02 03:21:16] Error: [2] Undefined array key "Description" - C:\Users\jesma\Desktop\inventory_system\yros-main\inventory_system\views\pages\saleslist.php:148
[2024-12-02 03:21:16] Error: [2] Undefined array key "Image" - C:\Users\jesma\Desktop\inventory_system\yros-main\inventory_system\views\pages\saleslist.php:149
[2024-12-02 03:21:16] Error: [2] Undefined array key "Description" - C:\Users\jesma\Desktop\inventory_system\yros-main\inventory_system\views\pages\saleslist.php:148
[2024-12-02 03:21:16] Error: [2] Undefined array key "Image" - C:\Users\jesma\Desktop\inventory_system\yros-main\inventory_system\views\pages\saleslist.php:149
[2024-12-02 03:21:16] Error: [2] Undefined array key "Description" - C:\Users\jesma\Desktop\inventory_system\yros-main\inventory_system\views\pages\saleslist.php:148
[2024-12-02 03:21:16] Error: [2] Undefined array key "Image" - C:\Users\jesma\Desktop\inventory_system\yros-main\inventory_system\views\pages\saleslist.php:149
[2024-12-02 03:21:16] Error: [2] Undefined array key "Description" - C:\Users\jesma\Desktop\inventory_system\yros-main\inventory_system\views\pages\saleslist.php:148
[2024-12-02 03:21:16] Error: [2] Undefined array key "Image" - C:\Users\jesma\Desktop\inventory_system\yros-main\inventory_system\views\pages\saleslist.php:149
[2024-12-02 03:21:16] Error: [2] Undefined array key "Description" - C:\Users\jesma\Desktop\inventory_system\yros-main\inventory_system\views\pages\saleslist.php:148
[2024-12-02 03:21:16] Error: [2] Undefined array key "Image" - C:\Users\jesma\Desktop\inventory_system\yros-main\inventory_system\views\pages\saleslist.php:149
[2024-12-02 03:21:16] Error: [2] Undefined array key "Description" - C:\Users\jesma\Desktop\inventory_system\yros-main\inventory_system\views\pages\saleslist.php:148
[2024-12-02 03:21:16] Error: [2] Undefined array key "Image" - C:\Users\jesma\Desktop\inventory_system\yros-main\inventory_system\views\pages\saleslist.php:149
[2024-12-02 03:21:36] Error: [2] Undefined variable $tax - C:\Users\jesma\Desktop\inventory_system\yros-main\inventory_system\views\pages\checkout.php:605
[2024-12-02 03:21:43] Error: [2] Undefined array key "Product_id" - C:\Users\jesma\Desktop\inventory_system\yros-main\inventory_system\views\pages\checkout.php:537
[2024-12-02 03:21:43] Error: [2] Undefined array key "satatus" - C:\Users\jesma\Desktop\inventory_system\yros-main\inventory_system\views\pages\checkout.php:539
[2024-12-02 03:21:43] Error: [2] Undefined variable $tax - C:\Users\jesma\Desktop\inventory_system\yros-main\inventory_system\views\pages\checkout.php:605
[2024-12-02 03:22:30] Error: [2] Undefined variable $tax - C:\Users\jesma\Desktop\inventory_system\yros-main\inventory_system\views\pages\checkout.php:605
[2024-12-02 03:22:48] Error: [2] Undefined array key "Description" - C:\Users\jesma\Desktop\inventory_system\yros-main\inventory_system\views\pages\saleslist.php:148
[2024-12-02 03:22:48] Error: [2] Undefined array key "Image" - C:\Users\jesma\Desktop\inventory_system\yros-main\inventory_system\views\pages\saleslist.php:149
[2024-12-02 03:22:48] Error: [2] Undefined array key "Description" - C:\Users\jesma\Desktop\inventory_system\yros-main\inventory_system\views\pages\saleslist.php:148
[2024-12-02 03:22:48] Error: [2] Undefined array key "Image" - C:\Users\jesma\Desktop\inventory_system\yros-main\inventory_system\views\pages\saleslist.php:149
[2024-12-02 03:22:48] Error: [2] Undefined array key "Description" - C:\Users\jesma\Desktop\inventory_system\yros-main\inventory_system\views\pages\saleslist.php:148
[2024-12-02 03:22:48] Error: [2] Undefined array key "Image" - C:\Users\jesma\Desktop\inventory_system\yros-main\inventory_system\views\pages\saleslist.php:149
[2024-12-02 03:22:48] Error: [2] Undefined array key "Description" - C:\Users\jesma\Desktop\inventory_system\yros-main\inventory_system\views\pages\saleslist.php:148
[2024-12-02 03:22:48] Error: [2] Undefined array key "Image" - C:\Users\jesma\Desktop\inventory_system\yros-main\inventory_system\views\pages\saleslist.php:149
[2024-12-02 03:22:48] Error: [2] Undefined array key "Description" - C:\Users\jesma\Desktop\inventory_system\yros-main\inventory_system\views\pages\saleslist.php:148
[2024-12-02 03:22:48] Error: [2] Undefined array key "Image" - C:\Users\jesma\Desktop\inventory_system\yros-main\inventory_system\views\pages\saleslist.php:149
[2024-12-02 03:22:48] Error: [2] Undefined array key "Description" - C:\Users\jesma\Desktop\inventory_system\yros-main\inventory_system\views\pages\saleslist.php:148
[2024-12-02 03:22:48] Error: [2] Undefined array key "Image" - C:\Users\jesma\Desktop\inventory_system\yros-main\inventory_system\views\pages\saleslist.php:149
[2024-12-02 03:22:48] Error: [2] Undefined array key "Description" - C:\Users\jesma\Desktop\inventory_system\yros-main\inventory_system\views\pages\saleslist.php:148
[2024-12-02 03:22:48] Error: [2] Undefined array key "Image" - C:\Users\jesma\Desktop\inventory_system\yros-main\inventory_system\views\pages\saleslist.php:149
[2024-12-02 03:22:48] Error: [2] Undefined array key "Description" - C:\Users\jesma\Desktop\inventory_system\yros-main\inventory_system\views\pages\saleslist.php:148
[2024-12-02 03:22:48] Error: [2] Undefined array key "Image" - C:\Users\jesma\Desktop\inventory_system\yros-main\inventory_system\views\pages\saleslist.php:149
[2024-12-02 03:22:48] Error: [2] Undefined array key "Description" - C:\Users\jesma\Desktop\inventory_system\yros-main\inventory_system\views\pages\saleslist.php:148
[2024-12-02 03:22:48] Error: [2] Undefined array key "Image" - C:\Users\jesma\Desktop\inventory_system\yros-main\inventory_system\views\pages\saleslist.php:149
[2024-12-02 03:22:48] Error: [2] Undefined array key "Description" - C:\Users\jesma\Desktop\inventory_system\yros-main\inventory_system\views\pages\saleslist.php:148
[2024-12-02 03:22:48] Error: [2] Undefined array key "Image" - C:\Users\jesma\Desktop\inventory_system\yros-main\inventory_system\views\pages\saleslist.php:149
[2024-12-02 03:22:48] Error: [2] Undefined array key "Description" - C:\Users\jesma\Desktop\inventory_system\yros-main\inventory_system\views\pages\saleslist.php:148
[2024-12-02 03:22:48] Error: [2] Undefined array key "Image" - C:\Users\jesma\Desktop\inventory_system\yros-main\inventory_system\views\pages\saleslist.php:149
[2024-12-02 03:22:48] Error: [2] Undefined array key "Description" - C:\Users\jesma\Desktop\inventory_system\yros-main\inventory_system\views\pages\saleslist.php:148
[2024-12-02 03:22:48] Error: [2] Undefined array key "Image" - C:\Users\jesma\Desktop\inventory_system\yros-main\inventory_system\views\pages\saleslist.php:149
[2024-12-02 03:22:48] Error: [2] Undefined array key "Description" - C:\Users\jesma\Desktop\inventory_system\yros-main\inventory_system\views\pages\saleslist.php:148
[2024-12-02 03:22:48] Error: [2] Undefined array key "Image" - C:\Users\jesma\Desktop\inventory_system\yros-main\inventory_system\views\pages\saleslist.php:149
[2024-12-02 03:22:48] Error: [2] Undefined array key "Description" - C:\Users\jesma\Desktop\inventory_system\yros-main\inventory_system\views\pages\saleslist.php:148
[2024-12-02 03:22:48] Error: [2] Undefined array key "Image" - C:\Users\jesma\Desktop\inventory_system\yros-main\inventory_system\views\pages\saleslist.php:149
[2024-12-02 03:22:48] Error: [2] Undefined array key "Description" - C:\Users\jesma\Desktop\inventory_system\yros-main\inventory_system\views\pages\saleslist.php:148
[2024-12-02 03:22:48] Error: [2] Undefined array key "Image" - C:\Users\jesma\Desktop\inventory_system\yros-main\inventory_system\views\pages\saleslist.php:149
[2024-12-02 03:22:48] Error: [2] Undefined array key "Description" - C:\Users\jesma\Desktop\inventory_system\yros-main\inventory_system\views\pages\saleslist.php:148
[2024-12-02 03:22:48] Error: [2] Undefined array key "Image" - C:\Users\jesma\Desktop\inventory_system\yros-main\inventory_system\views\pages\saleslist.php:149
[2024-12-02 03:22:48] Error: [2] Undefined array key "Description" - C:\Users\jesma\Desktop\inventory_system\yros-main\inventory_system\views\pages\saleslist.php:148
[2024-12-02 03:22:48] Error: [2] Undefined array key "Image" - C:\Users\jesma\Desktop\inventory_system\yros-main\inventory_system\views\pages\saleslist.php:149
[2024-12-02 03:22:48] Error: [2] Undefined array key "Description" - C:\Users\jesma\Desktop\inventory_system\yros-main\inventory_system\views\pages\saleslist.php:148
[2024-12-02 03:22:48] Error: [2] Undefined array key "Image" - C:\Users\jesma\Desktop\inventory_system\yros-main\inventory_system\views\pages\saleslist.php:149
[2024-12-02 03:22:48] Error: [2] Undefined array key "Description" - C:\Users\jesma\Desktop\inventory_system\yros-main\inventory_system\views\pages\saleslist.php:148
[2024-12-02 03:22:48] Error: [2] Undefined array key "Image" - C:\Users\jesma\Desktop\inventory_system\yros-main\inventory_system\views\pages\saleslist.php:149
[2024-12-02 03:22:48] Error: [2] Undefined array key "Description" - C:\Users\jesma\Desktop\inventory_system\yros-main\inventory_system\views\pages\saleslist.php:148
[2024-12-02 03:22:48] Error: [2] Undefined array key "Image" - C:\Users\jesma\Desktop\inventory_system\yros-main\inventory_system\views\pages\saleslist.php:149
