[2024-12-07 10:42:51] Error: [2] Undefined array key "Description" - C:\Users\jesma\Desktop\inventory_system\yros-main\inventory_system\views\pages\saleslist.php:148
[2024-12-07 10:42:51] Error: [2] Undefined array key "Image" - C:\Users\jesma\Desktop\inventory_system\yros-main\inventory_system\views\pages\saleslist.php:149
[2024-12-07 10:42:51] Error: [2] Undefined array key "Description" - C:\Users\jesma\Desktop\inventory_system\yros-main\inventory_system\views\pages\saleslist.php:148
[2024-12-07 10:42:51] Error: [2] Undefined array key "Image" - C:\Users\jesma\Desktop\inventory_system\yros-main\inventory_system\views\pages\saleslist.php:149
[2024-12-07 10:42:51] Error: [2] Undefined array key "Description" - C:\Users\jesma\Desktop\inventory_system\yros-main\inventory_system\views\pages\saleslist.php:148
[2024-12-07 10:42:51] Error: [2] Undefined array key "Image" - C:\Users\jesma\Desktop\inventory_system\yros-main\inventory_system\views\pages\saleslist.php:149
[2024-12-07 10:42:51] Error: [2] Undefined array key "Description" - C:\Users\jesma\Desktop\inventory_system\yros-main\inventory_system\views\pages\saleslist.php:148
[2024-12-07 10:42:51] Error: [2] Undefined array key "Image" - C:\Users\jesma\Desktop\inventory_system\yros-main\inventory_system\views\pages\saleslist.php:149
[2024-12-07 10:42:51] Error: [2] Undefined array key "Description" - C:\Users\jesma\Desktop\inventory_system\yros-main\inventory_system\views\pages\saleslist.php:148
[2024-12-07 10:42:51] Error: [2] Undefined array key "Image" - C:\Users\jesma\Desktop\inventory_system\yros-main\inventory_system\views\pages\saleslist.php:149
[2024-12-07 10:42:51] Error: [2] Undefined array key "Description" - C:\Users\jesma\Desktop\inventory_system\yros-main\inventory_system\views\pages\saleslist.php:148
[2024-12-07 10:42:51] Error: [2] Undefined array key "Image" - C:\Users\jesma\Desktop\inventory_system\yros-main\inventory_system\views\pages\saleslist.php:149
[2024-12-07 10:42:51] Error: [2] Undefined array key "Description" - C:\Users\jesma\Desktop\inventory_system\yros-main\inventory_system\views\pages\saleslist.php:148
[2024-12-07 10:42:51] Error: [2] Undefined array key "Image" - C:\Users\jesma\Desktop\inventory_system\yros-main\inventory_system\views\pages\saleslist.php:149
[2024-12-07 10:42:51] Error: [2] Undefined array key "Description" - C:\Users\jesma\Desktop\inventory_system\yros-main\inventory_system\views\pages\saleslist.php:148
[2024-12-07 10:42:51] Error: [2] Undefined array key "Image" - C:\Users\jesma\Desktop\inventory_system\yros-main\inventory_system\views\pages\saleslist.php:149
[2024-12-07 10:42:51] Error: [2] Undefined array key "Description" - C:\Users\jesma\Desktop\inventory_system\yros-main\inventory_system\views\pages\saleslist.php:148
[2024-12-07 10:42:51] Error: [2] Undefined array key "Image" - C:\Users\jesma\Desktop\inventory_system\yros-main\inventory_system\views\pages\saleslist.php:149
[2024-12-07 10:42:51] Error: [2] Undefined array key "Description" - C:\Users\jesma\Desktop\inventory_system\yros-main\inventory_system\views\pages\saleslist.php:148
[2024-12-07 10:42:51] Error: [2] Undefined array key "Image" - C:\Users\jesma\Desktop\inventory_system\yros-main\inventory_system\views\pages\saleslist.php:149
[2024-12-07 10:42:51] Error: [2] Undefined array key "Description" - C:\Users\jesma\Desktop\inventory_system\yros-main\inventory_system\views\pages\saleslist.php:148
[2024-12-07 10:42:51] Error: [2] Undefined array key "Image" - C:\Users\jesma\Desktop\inventory_system\yros-main\inventory_system\views\pages\saleslist.php:149
[2024-12-07 10:42:51] Error: [2] Undefined array key "Description" - C:\Users\jesma\Desktop\inventory_system\yros-main\inventory_system\views\pages\saleslist.php:148
[2024-12-07 10:42:51] Error: [2] Undefined array key "Image" - C:\Users\jesma\Desktop\inventory_system\yros-main\inventory_system\views\pages\saleslist.php:149
[2024-12-07 10:42:51] Error: [2] Undefined array key "Description" - C:\Users\jesma\Desktop\inventory_system\yros-main\inventory_system\views\pages\saleslist.php:148
[2024-12-07 10:42:51] Error: [2] Undefined array key "Image" - C:\Users\jesma\Desktop\inventory_system\yros-main\inventory_system\views\pages\saleslist.php:149
[2024-12-07 10:42:51] Error: [2] Undefined array key "Description" - C:\Users\jesma\Desktop\inventory_system\yros-main\inventory_system\views\pages\saleslist.php:148
[2024-12-07 10:42:51] Error: [2] Undefined array key "Image" - C:\Users\jesma\Desktop\inventory_system\yros-main\inventory_system\views\pages\saleslist.php:149
[2024-12-07 10:42:51] Error: [2] Undefined array key "Description" - C:\Users\jesma\Desktop\inventory_system\yros-main\inventory_system\views\pages\saleslist.php:148
[2024-12-07 10:42:51] Error: [2] Undefined array key "Image" - C:\Users\jesma\Desktop\inventory_system\yros-main\inventory_system\views\pages\saleslist.php:149
[2024-12-07 10:42:51] Error: [2] Undefined array key "Description" - C:\Users\jesma\Desktop\inventory_system\yros-main\inventory_system\views\pages\saleslist.php:148
[2024-12-07 10:42:51] Error: [2] Undefined array key "Image" - C:\Users\jesma\Desktop\inventory_system\yros-main\inventory_system\views\pages\saleslist.php:149
[2024-12-07 10:42:51] Error: [2] Undefined array key "Description" - C:\Users\jesma\Desktop\inventory_system\yros-main\inventory_system\views\pages\saleslist.php:148
[2024-12-07 10:42:51] Error: [2] Undefined array key "Image" - C:\Users\jesma\Desktop\inventory_system\yros-main\inventory_system\views\pages\saleslist.php:149
[2024-12-07 10:42:51] Error: [2] Undefined array key "Description" - C:\Users\jesma\Desktop\inventory_system\yros-main\inventory_system\views\pages\saleslist.php:148
[2024-12-07 10:42:51] Error: [2] Undefined array key "Image" - C:\Users\jesma\Desktop\inventory_system\yros-main\inventory_system\views\pages\saleslist.php:149
[2024-12-07 10:42:51] Error: [2] Undefined array key "Description" - C:\Users\jesma\Desktop\inventory_system\yros-main\inventory_system\views\pages\saleslist.php:148
[2024-12-07 10:42:51] Error: [2] Undefined array key "Image" - C:\Users\jesma\Desktop\inventory_system\yros-main\inventory_system\views\pages\saleslist.php:149
[2024-12-07 10:42:51] Error: [2] Undefined array key "Description" - C:\Users\jesma\Desktop\inventory_system\yros-main\inventory_system\views\pages\saleslist.php:148
[2024-12-07 10:42:51] Error: [2] Undefined array key "Image" - C:\Users\jesma\Desktop\inventory_system\yros-main\inventory_system\views\pages\saleslist.php:149
[2024-12-07 10:43:08] Error: [2] Undefined array key "Description" - C:\Users\jesma\Desktop\inventory_system\yros-main\inventory_system\views\pages\saleslist.php:148
[2024-12-07 10:43:08] Error: [2] Undefined array key "Image" - C:\Users\jesma\Desktop\inventory_system\yros-main\inventory_system\views\pages\saleslist.php:149
[2024-12-07 10:43:08] Error: [2] Undefined array key "Description" - C:\Users\jesma\Desktop\inventory_system\yros-main\inventory_system\views\pages\saleslist.php:148
[2024-12-07 10:43:08] Error: [2] Undefined array key "Image" - C:\Users\jesma\Desktop\inventory_system\yros-main\inventory_system\views\pages\saleslist.php:149
[2024-12-07 10:43:08] Error: [2] Undefined array key "Description" - C:\Users\jesma\Desktop\inventory_system\yros-main\inventory_system\views\pages\saleslist.php:148
[2024-12-07 10:43:08] Error: [2] Undefined array key "Image" - C:\Users\jesma\Desktop\inventory_system\yros-main\inventory_system\views\pages\saleslist.php:149
[2024-12-07 10:43:08] Error: [2] Undefined array key "Description" - C:\Users\jesma\Desktop\inventory_system\yros-main\inventory_system\views\pages\saleslist.php:148
[2024-12-07 10:43:08] Error: [2] Undefined array key "Image" - C:\Users\jesma\Desktop\inventory_system\yros-main\inventory_system\views\pages\saleslist.php:149
[2024-12-07 10:43:08] Error: [2] Undefined array key "Description" - C:\Users\jesma\Desktop\inventory_system\yros-main\inventory_system\views\pages\saleslist.php:148
[2024-12-07 10:43:08] Error: [2] Undefined array key "Image" - C:\Users\jesma\Desktop\inventory_system\yros-main\inventory_system\views\pages\saleslist.php:149
[2024-12-07 10:43:08] Error: [2] Undefined array key "Description" - C:\Users\jesma\Desktop\inventory_system\yros-main\inventory_system\views\pages\saleslist.php:148
[2024-12-07 10:43:08] Error: [2] Undefined array key "Image" - C:\Users\jesma\Desktop\inventory_system\yros-main\inventory_system\views\pages\saleslist.php:149
[2024-12-07 10:43:08] Error: [2] Undefined array key "Description" - C:\Users\jesma\Desktop\inventory_system\yros-main\inventory_system\views\pages\saleslist.php:148
[2024-12-07 10:43:08] Error: [2] Undefined array key "Image" - C:\Users\jesma\Desktop\inventory_system\yros-main\inventory_system\views\pages\saleslist.php:149
[2024-12-07 10:43:08] Error: [2] Undefined array key "Description" - C:\Users\jesma\Desktop\inventory_system\yros-main\inventory_system\views\pages\saleslist.php:148
[2024-12-07 10:43:08] Error: [2] Undefined array key "Image" - C:\Users\jesma\Desktop\inventory_system\yros-main\inventory_system\views\pages\saleslist.php:149
[2024-12-07 10:43:08] Error: [2] Undefined array key "Description" - C:\Users\jesma\Desktop\inventory_system\yros-main\inventory_system\views\pages\saleslist.php:148
[2024-12-07 10:43:08] Error: [2] Undefined array key "Image" - C:\Users\jesma\Desktop\inventory_system\yros-main\inventory_system\views\pages\saleslist.php:149
[2024-12-07 10:43:08] Error: [2] Undefined array key "Description" - C:\Users\jesma\Desktop\inventory_system\yros-main\inventory_system\views\pages\saleslist.php:148
[2024-12-07 10:43:08] Error: [2] Undefined array key "Image" - C:\Users\jesma\Desktop\inventory_system\yros-main\inventory_system\views\pages\saleslist.php:149
[2024-12-07 10:43:08] Error: [2] Undefined array key "Description" - C:\Users\jesma\Desktop\inventory_system\yros-main\inventory_system\views\pages\saleslist.php:148
[2024-12-07 10:43:08] Error: [2] Undefined array key "Image" - C:\Users\jesma\Desktop\inventory_system\yros-main\inventory_system\views\pages\saleslist.php:149
[2024-12-07 10:43:08] Error: [2] Undefined array key "Description" - C:\Users\jesma\Desktop\inventory_system\yros-main\inventory_system\views\pages\saleslist.php:148
[2024-12-07 10:43:08] Error: [2] Undefined array key "Image" - C:\Users\jesma\Desktop\inventory_system\yros-main\inventory_system\views\pages\saleslist.php:149
[2024-12-07 10:43:08] Error: [2] Undefined array key "Description" - C:\Users\jesma\Desktop\inventory_system\yros-main\inventory_system\views\pages\saleslist.php:148
[2024-12-07 10:43:08] Error: [2] Undefined array key "Image" - C:\Users\jesma\Desktop\inventory_system\yros-main\inventory_system\views\pages\saleslist.php:149
[2024-12-07 10:43:08] Error: [2] Undefined array key "Description" - C:\Users\jesma\Desktop\inventory_system\yros-main\inventory_system\views\pages\saleslist.php:148
[2024-12-07 10:43:08] Error: [2] Undefined array key "Image" - C:\Users\jesma\Desktop\inventory_system\yros-main\inventory_system\views\pages\saleslist.php:149
[2024-12-07 10:43:08] Error: [2] Undefined array key "Description" - C:\Users\jesma\Desktop\inventory_system\yros-main\inventory_system\views\pages\saleslist.php:148
[2024-12-07 10:43:08] Error: [2] Undefined array key "Image" - C:\Users\jesma\Desktop\inventory_system\yros-main\inventory_system\views\pages\saleslist.php:149
[2024-12-07 10:43:08] Error: [2] Undefined array key "Description" - C:\Users\jesma\Desktop\inventory_system\yros-main\inventory_system\views\pages\saleslist.php:148
[2024-12-07 10:43:08] Error: [2] Undefined array key "Image" - C:\Users\jesma\Desktop\inventory_system\yros-main\inventory_system\views\pages\saleslist.php:149
[2024-12-07 10:43:08] Error: [2] Undefined array key "Description" - C:\Users\jesma\Desktop\inventory_system\yros-main\inventory_system\views\pages\saleslist.php:148
[2024-12-07 10:43:08] Error: [2] Undefined array key "Image" - C:\Users\jesma\Desktop\inventory_system\yros-main\inventory_system\views\pages\saleslist.php:149
[2024-12-07 10:43:08] Error: [2] Undefined array key "Description" - C:\Users\jesma\Desktop\inventory_system\yros-main\inventory_system\views\pages\saleslist.php:148
[2024-12-07 10:43:08] Error: [2] Undefined array key "Image" - C:\Users\jesma\Desktop\inventory_system\yros-main\inventory_system\views\pages\saleslist.php:149
[2024-12-07 10:43:08] Error: [2] Undefined array key "Description" - C:\Users\jesma\Desktop\inventory_system\yros-main\inventory_system\views\pages\saleslist.php:148
[2024-12-07 10:43:08] Error: [2] Undefined array key "Image" - C:\Users\jesma\Desktop\inventory_system\yros-main\inventory_system\views\pages\saleslist.php:149
[2024-12-07 10:43:08] Error: [2] Undefined array key "Description" - C:\Users\jesma\Desktop\inventory_system\yros-main\inventory_system\views\pages\saleslist.php:148
[2024-12-07 10:43:08] Error: [2] Undefined array key "Image" - C:\Users\jesma\Desktop\inventory_system\yros-main\inventory_system\views\pages\saleslist.php:149
[2024-12-07 10:43:44] Error: [2] Undefined variable $tax - C:\Users\jesma\Desktop\inventory_system\yros-main\inventory_system\views\pages\checkout.php:605
[2024-12-07 10:44:07] Error: [2] Undefined array key "Description" - C:\Users\jesma\Desktop\inventory_system\yros-main\inventory_system\views\pages\saleslist.php:148
[2024-12-07 10:44:07] Error: [2] Undefined array key "Image" - C:\Users\jesma\Desktop\inventory_system\yros-main\inventory_system\views\pages\saleslist.php:149
[2024-12-07 10:44:07] Error: [2] Undefined array key "Description" - C:\Users\jesma\Desktop\inventory_system\yros-main\inventory_system\views\pages\saleslist.php:148
[2024-12-07 10:44:07] Error: [2] Undefined array key "Image" - C:\Users\jesma\Desktop\inventory_system\yros-main\inventory_system\views\pages\saleslist.php:149
[2024-12-07 10:44:07] Error: [2] Undefined array key "Description" - C:\Users\jesma\Desktop\inventory_system\yros-main\inventory_system\views\pages\saleslist.php:148
[2024-12-07 10:44:07] Error: [2] Undefined array key "Image" - C:\Users\jesma\Desktop\inventory_system\yros-main\inventory_system\views\pages\saleslist.php:149
[2024-12-07 10:44:07] Error: [2] Undefined array key "Description" - C:\Users\jesma\Desktop\inventory_system\yros-main\inventory_system\views\pages\saleslist.php:148
[2024-12-07 10:44:07] Error: [2] Undefined array key "Image" - C:\Users\jesma\Desktop\inventory_system\yros-main\inventory_system\views\pages\saleslist.php:149
[2024-12-07 10:44:07] Error: [2] Undefined array key "Description" - C:\Users\jesma\Desktop\inventory_system\yros-main\inventory_system\views\pages\saleslist.php:148
[2024-12-07 10:44:07] Error: [2] Undefined array key "Image" - C:\Users\jesma\Desktop\inventory_system\yros-main\inventory_system\views\pages\saleslist.php:149
[2024-12-07 10:44:07] Error: [2] Undefined array key "Description" - C:\Users\jesma\Desktop\inventory_system\yros-main\inventory_system\views\pages\saleslist.php:148
[2024-12-07 10:44:07] Error: [2] Undefined array key "Image" - C:\Users\jesma\Desktop\inventory_system\yros-main\inventory_system\views\pages\saleslist.php:149
[2024-12-07 10:44:07] Error: [2] Undefined array key "Description" - C:\Users\jesma\Desktop\inventory_system\yros-main\inventory_system\views\pages\saleslist.php:148
[2024-12-07 10:44:07] Error: [2] Undefined array key "Image" - C:\Users\jesma\Desktop\inventory_system\yros-main\inventory_system\views\pages\saleslist.php:149
[2024-12-07 10:44:07] Error: [2] Undefined array key "Description" - C:\Users\jesma\Desktop\inventory_system\yros-main\inventory_system\views\pages\saleslist.php:148
[2024-12-07 10:44:07] Error: [2] Undefined array key "Image" - C:\Users\jesma\Desktop\inventory_system\yros-main\inventory_system\views\pages\saleslist.php:149
[2024-12-07 10:44:07] Error: [2] Undefined array key "Description" - C:\Users\jesma\Desktop\inventory_system\yros-main\inventory_system\views\pages\saleslist.php:148
[2024-12-07 10:44:07] Error: [2] Undefined array key "Image" - C:\Users\jesma\Desktop\inventory_system\yros-main\inventory_system\views\pages\saleslist.php:149
[2024-12-07 10:44:07] Error: [2] Undefined array key "Description" - C:\Users\jesma\Desktop\inventory_system\yros-main\inventory_system\views\pages\saleslist.php:148
[2024-12-07 10:44:07] Error: [2] Undefined array key "Image" - C:\Users\jesma\Desktop\inventory_system\yros-main\inventory_system\views\pages\saleslist.php:149
[2024-12-07 10:44:07] Error: [2] Undefined array key "Description" - C:\Users\jesma\Desktop\inventory_system\yros-main\inventory_system\views\pages\saleslist.php:148
[2024-12-07 10:44:07] Error: [2] Undefined array key "Image" - C:\Users\jesma\Desktop\inventory_system\yros-main\inventory_system\views\pages\saleslist.php:149
[2024-12-07 10:44:07] Error: [2] Undefined array key "Description" - C:\Users\jesma\Desktop\inventory_system\yros-main\inventory_system\views\pages\saleslist.php:148
[2024-12-07 10:44:07] Error: [2] Undefined array key "Image" - C:\Users\jesma\Desktop\inventory_system\yros-main\inventory_system\views\pages\saleslist.php:149
[2024-12-07 10:44:07] Error: [2] Undefined array key "Description" - C:\Users\jesma\Desktop\inventory_system\yros-main\inventory_system\views\pages\saleslist.php:148
[2024-12-07 10:44:07] Error: [2] Undefined array key "Image" - C:\Users\jesma\Desktop\inventory_system\yros-main\inventory_system\views\pages\saleslist.php:149
[2024-12-07 10:44:07] Error: [2] Undefined array key "Description" - C:\Users\jesma\Desktop\inventory_system\yros-main\inventory_system\views\pages\saleslist.php:148
[2024-12-07 10:44:07] Error: [2] Undefined array key "Image" - C:\Users\jesma\Desktop\inventory_system\yros-main\inventory_system\views\pages\saleslist.php:149
[2024-12-07 10:44:07] Error: [2] Undefined array key "Description" - C:\Users\jesma\Desktop\inventory_system\yros-main\inventory_system\views\pages\saleslist.php:148
[2024-12-07 10:44:07] Error: [2] Undefined array key "Image" - C:\Users\jesma\Desktop\inventory_system\yros-main\inventory_system\views\pages\saleslist.php:149
[2024-12-07 10:44:07] Error: [2] Undefined array key "Description" - C:\Users\jesma\Desktop\inventory_system\yros-main\inventory_system\views\pages\saleslist.php:148
[2024-12-07 10:44:07] Error: [2] Undefined array key "Image" - C:\Users\jesma\Desktop\inventory_system\yros-main\inventory_system\views\pages\saleslist.php:149
[2024-12-07 10:44:07] Error: [2] Undefined array key "Description" - C:\Users\jesma\Desktop\inventory_system\yros-main\inventory_system\views\pages\saleslist.php:148
[2024-12-07 10:44:07] Error: [2] Undefined array key "Image" - C:\Users\jesma\Desktop\inventory_system\yros-main\inventory_system\views\pages\saleslist.php:149
[2024-12-07 10:44:07] Error: [2] Undefined array key "Description" - C:\Users\jesma\Desktop\inventory_system\yros-main\inventory_system\views\pages\saleslist.php:148
[2024-12-07 10:44:07] Error: [2] Undefined array key "Image" - C:\Users\jesma\Desktop\inventory_system\yros-main\inventory_system\views\pages\saleslist.php:149
[2024-12-07 10:44:07] Error: [2] Undefined array key "Description" - C:\Users\jesma\Desktop\inventory_system\yros-main\inventory_system\views\pages\saleslist.php:148
[2024-12-07 10:44:07] Error: [2] Undefined array key "Image" - C:\Users\jesma\Desktop\inventory_system\yros-main\inventory_system\views\pages\saleslist.php:149
[2024-12-07 10:44:07] Error: [2] Undefined array key "Description" - C:\Users\jesma\Desktop\inventory_system\yros-main\inventory_system\views\pages\saleslist.php:148
[2024-12-07 10:44:07] Error: [2] Undefined array key "Image" - C:\Users\jesma\Desktop\inventory_system\yros-main\inventory_system\views\pages\saleslist.php:149
[2024-12-07 10:57:45] Error: [2] Undefined array key "Description" - C:\Users\jesma\Desktop\inventory_system\yros-main\inventory_system\views\pages\saleslist.php:148
[2024-12-07 10:57:45] Error: [2] Undefined array key "Image" - C:\Users\jesma\Desktop\inventory_system\yros-main\inventory_system\views\pages\saleslist.php:149
[2024-12-07 10:57:45] Error: [2] Undefined array key "Description" - C:\Users\jesma\Desktop\inventory_system\yros-main\inventory_system\views\pages\saleslist.php:148
[2024-12-07 10:57:45] Error: [2] Undefined array key "Image" - C:\Users\jesma\Desktop\inventory_system\yros-main\inventory_system\views\pages\saleslist.php:149
[2024-12-07 10:57:45] Error: [2] Undefined array key "Description" - C:\Users\jesma\Desktop\inventory_system\yros-main\inventory_system\views\pages\saleslist.php:148
[2024-12-07 10:57:45] Error: [2] Undefined array key "Image" - C:\Users\jesma\Desktop\inventory_system\yros-main\inventory_system\views\pages\saleslist.php:149
[2024-12-07 10:57:45] Error: [2] Undefined array key "Description" - C:\Users\jesma\Desktop\inventory_system\yros-main\inventory_system\views\pages\saleslist.php:148
[2024-12-07 10:57:45] Error: [2] Undefined array key "Image" - C:\Users\jesma\Desktop\inventory_system\yros-main\inventory_system\views\pages\saleslist.php:149
[2024-12-07 10:57:45] Error: [2] Undefined array key "Description" - C:\Users\jesma\Desktop\inventory_system\yros-main\inventory_system\views\pages\saleslist.php:148
[2024-12-07 10:57:45] Error: [2] Undefined array key "Image" - C:\Users\jesma\Desktop\inventory_system\yros-main\inventory_system\views\pages\saleslist.php:149
[2024-12-07 10:57:45] Error: [2] Undefined array key "Description" - C:\Users\jesma\Desktop\inventory_system\yros-main\inventory_system\views\pages\saleslist.php:148
[2024-12-07 10:57:45] Error: [2] Undefined array key "Image" - C:\Users\jesma\Desktop\inventory_system\yros-main\inventory_system\views\pages\saleslist.php:149
[2024-12-07 10:57:45] Error: [2] Undefined array key "Description" - C:\Users\jesma\Desktop\inventory_system\yros-main\inventory_system\views\pages\saleslist.php:148
[2024-12-07 10:57:45] Error: [2] Undefined array key "Image" - C:\Users\jesma\Desktop\inventory_system\yros-main\inventory_system\views\pages\saleslist.php:149
[2024-12-07 10:57:45] Error: [2] Undefined array key "Description" - C:\Users\jesma\Desktop\inventory_system\yros-main\inventory_system\views\pages\saleslist.php:148
[2024-12-07 10:57:45] Error: [2] Undefined array key "Image" - C:\Users\jesma\Desktop\inventory_system\yros-main\inventory_system\views\pages\saleslist.php:149
[2024-12-07 10:57:45] Error: [2] Undefined array key "Description" - C:\Users\jesma\Desktop\inventory_system\yros-main\inventory_system\views\pages\saleslist.php:148
[2024-12-07 10:57:45] Error: [2] Undefined array key "Image" - C:\Users\jesma\Desktop\inventory_system\yros-main\inventory_system\views\pages\saleslist.php:149
[2024-12-07 10:57:45] Error: [2] Undefined array key "Description" - C:\Users\jesma\Desktop\inventory_system\yros-main\inventory_system\views\pages\saleslist.php:148
[2024-12-07 10:57:45] Error: [2] Undefined array key "Image" - C:\Users\jesma\Desktop\inventory_system\yros-main\inventory_system\views\pages\saleslist.php:149
[2024-12-07 10:57:45] Error: [2] Undefined array key "Description" - C:\Users\jesma\Desktop\inventory_system\yros-main\inventory_system\views\pages\saleslist.php:148
[2024-12-07 10:57:45] Error: [2] Undefined array key "Image" - C:\Users\jesma\Desktop\inventory_system\yros-main\inventory_system\views\pages\saleslist.php:149
[2024-12-07 10:57:45] Error: [2] Undefined array key "Description" - C:\Users\jesma\Desktop\inventory_system\yros-main\inventory_system\views\pages\saleslist.php:148
[2024-12-07 10:57:45] Error: [2] Undefined array key "Image" - C:\Users\jesma\Desktop\inventory_system\yros-main\inventory_system\views\pages\saleslist.php:149
[2024-12-07 10:57:45] Error: [2] Undefined array key "Description" - C:\Users\jesma\Desktop\inventory_system\yros-main\inventory_system\views\pages\saleslist.php:148
[2024-12-07 10:57:45] Error: [2] Undefined array key "Image" - C:\Users\jesma\Desktop\inventory_system\yros-main\inventory_system\views\pages\saleslist.php:149
[2024-12-07 10:57:45] Error: [2] Undefined array key "Description" - C:\Users\jesma\Desktop\inventory_system\yros-main\inventory_system\views\pages\saleslist.php:148
[2024-12-07 10:57:45] Error: [2] Undefined array key "Image" - C:\Users\jesma\Desktop\inventory_system\yros-main\inventory_system\views\pages\saleslist.php:149
[2024-12-07 10:57:45] Error: [2] Undefined array key "Description" - C:\Users\jesma\Desktop\inventory_system\yros-main\inventory_system\views\pages\saleslist.php:148
[2024-12-07 10:57:45] Error: [2] Undefined array key "Image" - C:\Users\jesma\Desktop\inventory_system\yros-main\inventory_system\views\pages\saleslist.php:149
[2024-12-07 10:57:45] Error: [2] Undefined array key "Description" - C:\Users\jesma\Desktop\inventory_system\yros-main\inventory_system\views\pages\saleslist.php:148
[2024-12-07 10:57:45] Error: [2] Undefined array key "Image" - C:\Users\jesma\Desktop\inventory_system\yros-main\inventory_system\views\pages\saleslist.php:149
[2024-12-07 10:57:45] Error: [2] Undefined array key "Description" - C:\Users\jesma\Desktop\inventory_system\yros-main\inventory_system\views\pages\saleslist.php:148
[2024-12-07 10:57:45] Error: [2] Undefined array key "Image" - C:\Users\jesma\Desktop\inventory_system\yros-main\inventory_system\views\pages\saleslist.php:149
[2024-12-07 10:57:45] Error: [2] Undefined array key "Description" - C:\Users\jesma\Desktop\inventory_system\yros-main\inventory_system\views\pages\saleslist.php:148
[2024-12-07 10:57:45] Error: [2] Undefined array key "Image" - C:\Users\jesma\Desktop\inventory_system\yros-main\inventory_system\views\pages\saleslist.php:149
[2024-12-07 10:57:45] Error: [2] Undefined array key "Description" - C:\Users\jesma\Desktop\inventory_system\yros-main\inventory_system\views\pages\saleslist.php:148
[2024-12-07 10:57:45] Error: [2] Undefined array key "Image" - C:\Users\jesma\Desktop\inventory_system\yros-main\inventory_system\views\pages\saleslist.php:149
[2024-12-07 10:57:45] Error: [2] Undefined array key "Description" - C:\Users\jesma\Desktop\inventory_system\yros-main\inventory_system\views\pages\saleslist.php:148
[2024-12-07 10:57:45] Error: [2] Undefined array key "Image" - C:\Users\jesma\Desktop\inventory_system\yros-main\inventory_system\views\pages\saleslist.php:149
[2024-12-07 10:58:37] Error: [2] Undefined array key "Description" - C:\Users\jesma\Desktop\inventory_system\yros-main\inventory_system\views\pages\saleslist.php:148
[2024-12-07 10:58:37] Error: [2] Undefined array key "Image" - C:\Users\jesma\Desktop\inventory_system\yros-main\inventory_system\views\pages\saleslist.php:149
[2024-12-07 10:58:37] Error: [2] Undefined array key "Description" - C:\Users\jesma\Desktop\inventory_system\yros-main\inventory_system\views\pages\saleslist.php:148
[2024-12-07 10:58:37] Error: [2] Undefined array key "Image" - C:\Users\jesma\Desktop\inventory_system\yros-main\inventory_system\views\pages\saleslist.php:149
[2024-12-07 10:58:37] Error: [2] Undefined array key "Description" - C:\Users\jesma\Desktop\inventory_system\yros-main\inventory_system\views\pages\saleslist.php:148
[2024-12-07 10:58:37] Error: [2] Undefined array key "Image" - C:\Users\jesma\Desktop\inventory_system\yros-main\inventory_system\views\pages\saleslist.php:149
[2024-12-07 10:58:37] Error: [2] Undefined array key "Description" - C:\Users\jesma\Desktop\inventory_system\yros-main\inventory_system\views\pages\saleslist.php:148
[2024-12-07 10:58:37] Error: [2] Undefined array key "Image" - C:\Users\jesma\Desktop\inventory_system\yros-main\inventory_system\views\pages\saleslist.php:149
[2024-12-07 10:58:37] Error: [2] Undefined array key "Description" - C:\Users\jesma\Desktop\inventory_system\yros-main\inventory_system\views\pages\saleslist.php:148
[2024-12-07 10:58:37] Error: [2] Undefined array key "Image" - C:\Users\jesma\Desktop\inventory_system\yros-main\inventory_system\views\pages\saleslist.php:149
[2024-12-07 10:58:37] Error: [2] Undefined array key "Description" - C:\Users\jesma\Desktop\inventory_system\yros-main\inventory_system\views\pages\saleslist.php:148
[2024-12-07 10:58:37] Error: [2] Undefined array key "Image" - C:\Users\jesma\Desktop\inventory_system\yros-main\inventory_system\views\pages\saleslist.php:149
[2024-12-07 10:58:37] Error: [2] Undefined array key "Description" - C:\Users\jesma\Desktop\inventory_system\yros-main\inventory_system\views\pages\saleslist.php:148
[2024-12-07 10:58:37] Error: [2] Undefined array key "Image" - C:\Users\jesma\Desktop\inventory_system\yros-main\inventory_system\views\pages\saleslist.php:149
[2024-12-07 10:58:37] Error: [2] Undefined array key "Description" - C:\Users\jesma\Desktop\inventory_system\yros-main\inventory_system\views\pages\saleslist.php:148
[2024-12-07 10:58:37] Error: [2] Undefined array key "Image" - C:\Users\jesma\Desktop\inventory_system\yros-main\inventory_system\views\pages\saleslist.php:149
[2024-12-07 10:58:37] Error: [2] Undefined array key "Description" - C:\Users\jesma\Desktop\inventory_system\yros-main\inventory_system\views\pages\saleslist.php:148
[2024-12-07 10:58:37] Error: [2] Undefined array key "Image" - C:\Users\jesma\Desktop\inventory_system\yros-main\inventory_system\views\pages\saleslist.php:149
[2024-12-07 10:58:37] Error: [2] Undefined array key "Description" - C:\Users\jesma\Desktop\inventory_system\yros-main\inventory_system\views\pages\saleslist.php:148
[2024-12-07 10:58:37] Error: [2] Undefined array key "Image" - C:\Users\jesma\Desktop\inventory_system\yros-main\inventory_system\views\pages\saleslist.php:149
[2024-12-07 10:58:37] Error: [2] Undefined array key "Description" - C:\Users\jesma\Desktop\inventory_system\yros-main\inventory_system\views\pages\saleslist.php:148
[2024-12-07 10:58:37] Error: [2] Undefined array key "Image" - C:\Users\jesma\Desktop\inventory_system\yros-main\inventory_system\views\pages\saleslist.php:149
[2024-12-07 10:58:37] Error: [2] Undefined array key "Description" - C:\Users\jesma\Desktop\inventory_system\yros-main\inventory_system\views\pages\saleslist.php:148
[2024-12-07 10:58:37] Error: [2] Undefined array key "Image" - C:\Users\jesma\Desktop\inventory_system\yros-main\inventory_system\views\pages\saleslist.php:149
[2024-12-07 10:58:37] Error: [2] Undefined array key "Description" - C:\Users\jesma\Desktop\inventory_system\yros-main\inventory_system\views\pages\saleslist.php:148
[2024-12-07 10:58:37] Error: [2] Undefined array key "Image" - C:\Users\jesma\Desktop\inventory_system\yros-main\inventory_system\views\pages\saleslist.php:149
[2024-12-07 10:58:37] Error: [2] Undefined array key "Description" - C:\Users\jesma\Desktop\inventory_system\yros-main\inventory_system\views\pages\saleslist.php:148
[2024-12-07 10:58:37] Error: [2] Undefined array key "Image" - C:\Users\jesma\Desktop\inventory_system\yros-main\inventory_system\views\pages\saleslist.php:149
[2024-12-07 10:58:37] Error: [2] Undefined array key "Description" - C:\Users\jesma\Desktop\inventory_system\yros-main\inventory_system\views\pages\saleslist.php:148
[2024-12-07 10:58:37] Error: [2] Undefined array key "Image" - C:\Users\jesma\Desktop\inventory_system\yros-main\inventory_system\views\pages\saleslist.php:149
[2024-12-07 10:58:37] Error: [2] Undefined array key "Description" - C:\Users\jesma\Desktop\inventory_system\yros-main\inventory_system\views\pages\saleslist.php:148
[2024-12-07 10:58:37] Error: [2] Undefined array key "Image" - C:\Users\jesma\Desktop\inventory_system\yros-main\inventory_system\views\pages\saleslist.php:149
[2024-12-07 10:58:37] Error: [2] Undefined array key "Description" - C:\Users\jesma\Desktop\inventory_system\yros-main\inventory_system\views\pages\saleslist.php:148
[2024-12-07 10:58:37] Error: [2] Undefined array key "Image" - C:\Users\jesma\Desktop\inventory_system\yros-main\inventory_system\views\pages\saleslist.php:149
[2024-12-07 10:58:37] Error: [2] Undefined array key "Description" - C:\Users\jesma\Desktop\inventory_system\yros-main\inventory_system\views\pages\saleslist.php:148
[2024-12-07 10:58:37] Error: [2] Undefined array key "Image" - C:\Users\jesma\Desktop\inventory_system\yros-main\inventory_system\views\pages\saleslist.php:149
[2024-12-07 10:58:37] Error: [2] Undefined array key "Description" - C:\Users\jesma\Desktop\inventory_system\yros-main\inventory_system\views\pages\saleslist.php:148
[2024-12-07 10:58:37] Error: [2] Undefined array key "Image" - C:\Users\jesma\Desktop\inventory_system\yros-main\inventory_system\views\pages\saleslist.php:149
[2024-12-07 10:58:37] Error: [2] Undefined array key "Description" - C:\Users\jesma\Desktop\inventory_system\yros-main\inventory_system\views\pages\saleslist.php:148
[2024-12-07 10:58:37] Error: [2] Undefined array key "Image" - C:\Users\jesma\Desktop\inventory_system\yros-main\inventory_system\views\pages\saleslist.php:149
[2024-12-07 11:24:08] Error: [2] Array to string conversion - C:\Users\jesma\Desktop\inventory_system\yros-main\inventory_system\views\pages\dashboard.php:36
[2024-12-07 11:30:31] Error: [2] Array to string conversion - C:\Users\jesma\Desktop\inventory_system\yros-main\inventory_system\views\pages\dashboard.php:36
[2024-12-07 11:30:59] Error: [2] Array to string conversion - C:\Users\jesma\Desktop\inventory_system\yros-main\inventory_system\views\pages\dashboard.php:36
[2024-12-07 11:31:22] Error: [2] Array to string conversion - C:\Users\jesma\Desktop\inventory_system\yros-main\inventory_system\views\pages\dashboard.php:36
[2024-12-07 11:35:29] Error: [2] Array to string conversion - C:\Users\jesma\Desktop\inventory_system\yros-main\inventory_system\views\pages\dashboard.php:36
[2024-12-07 11:35:29] Error: [2] Array to string conversion - C:\Users\jesma\Desktop\inventory_system\yros-main\inventory_system\views\pages\dashboard.php:153
[2024-12-07 11:36:57] Error: [2] Array to string conversion - C:\Users\jesma\Desktop\inventory_system\yros-main\inventory_system\views\pages\dashboard.php:36
[2024-12-07 11:36:57] Error: [2] Array to string conversion - C:\Users\jesma\Desktop\inventory_system\yros-main\inventory_system\views\pages\dashboard.php:153
[2024-12-07 11:39:57] Error: [2] Array to string conversion - C:\Users\jesma\Desktop\inventory_system\yros-main\inventory_system\views\pages\dashboard.php:36
[2024-12-07 11:39:57] Error: [2] Array to string conversion - C:\Users\jesma\Desktop\inventory_system\yros-main\inventory_system\views\pages\dashboard.php:153
[2024-12-07 11:40:15] Error: [2] Array to string conversion - C:\Users\jesma\Desktop\inventory_system\yros-main\inventory_system\views\pages\dashboard.php:36
[2024-12-07 11:40:15] Error: [2] Array to string conversion - C:\Users\jesma\Desktop\inventory_system\yros-main\inventory_system\views\pages\dashboard.php:153
[2024-12-07 11:41:10] Error: [2] Array to string conversion - C:\Users\jesma\Desktop\inventory_system\yros-main\inventory_system\views\pages\dashboard.php:36
[2024-12-07 11:41:10] Error: [2] Array to string conversion - C:\Users\jesma\Desktop\inventory_system\yros-main\inventory_system\views\pages\dashboard.php:153
[2024-12-07 11:41:49] Error: [2] Array to string conversion - C:\Users\jesma\Desktop\inventory_system\yros-main\inventory_system\views\pages\dashboard.php:36
[2024-12-07 11:41:49] Error: [2] Array to string conversion - C:\Users\jesma\Desktop\inventory_system\yros-main\inventory_system\views\pages\dashboard.php:153
[2024-12-07 11:42:05] Error: [2] Array to string conversion - C:\Users\jesma\Desktop\inventory_system\yros-main\inventory_system\views\pages\dashboard.php:36
[2024-12-07 11:42:05] Error: [2] Array to string conversion - C:\Users\jesma\Desktop\inventory_system\yros-main\inventory_system\views\pages\dashboard.php:153
[2024-12-07 11:42:26] Error: [2] Array to string conversion - C:\Users\jesma\Desktop\inventory_system\yros-main\inventory_system\views\pages\dashboard.php:36
[2024-12-07 11:42:26] Error: [2] Array to string conversion - C:\Users\jesma\Desktop\inventory_system\yros-main\inventory_system\views\pages\dashboard.php:153
[2024-12-07 11:59:06] Error: [2] Array to string conversion - C:\Users\jesma\Desktop\inventory_system\yros-main\inventory_system\views\pages\dashboard.php:36
[2024-12-07 11:59:06] Error: [2] Array to string conversion - C:\Users\jesma\Desktop\inventory_system\yros-main\inventory_system\views\pages\dashboard.php:153
[2024-12-07 11:59:50] Error: [2] Array to string conversion - C:\Users\jesma\Desktop\inventory_system\yros-main\inventory_system\views\pages\dashboard.php:36
[2024-12-07 11:59:50] Error: [2] Array to string conversion - C:\Users\jesma\Desktop\inventory_system\yros-main\inventory_system\views\pages\dashboard.php:153
[2024-12-07 12:00:55] Error: [2] Array to string conversion - C:\Users\jesma\Desktop\inventory_system\yros-main\inventory_system\views\pages\dashboard.php:36
[2024-12-07 12:00:55] Error: [2] Array to string conversion - C:\Users\jesma\Desktop\inventory_system\yros-main\inventory_system\views\pages\dashboard.php:153
[2024-12-07 12:01:30] Error: [2] Array to string conversion - C:\Users\jesma\Desktop\inventory_system\yros-main\inventory_system\views\pages\dashboard.php:36
[2024-12-07 12:01:30] Error: [2] Array to string conversion - C:\Users\jesma\Desktop\inventory_system\yros-main\inventory_system\views\pages\dashboard.php:153
[2024-12-07 12:02:27] Error: [2] Array to string conversion - C:\Users\jesma\Desktop\inventory_system\yros-main\inventory_system\views\pages\dashboard.php:36
[2024-12-07 12:02:27] Error: [2] Array to string conversion - C:\Users\jesma\Desktop\inventory_system\yros-main\inventory_system\views\pages\dashboard.php:153
[2024-12-07 12:13:05] Error: [2] Array to string conversion - C:\Users\jesma\Desktop\inventory_system\yros-main\inventory_system\views\pages\dashboard.php:36
[2024-12-07 12:13:05] Error: [2] Array to string conversion - C:\Users\jesma\Desktop\inventory_system\yros-main\inventory_system\views\pages\dashboard.php:153
[2024-12-07 12:13:42] Error: [2] Array to string conversion - C:\Users\jesma\Desktop\inventory_system\yros-main\inventory_system\views\pages\dashboard.php:36
[2024-12-07 12:13:42] Error: [2] Array to string conversion - C:\Users\jesma\Desktop\inventory_system\yros-main\inventory_system\views\pages\dashboard.php:153
[2024-12-07 12:14:29] Error: [2] Array to string conversion - C:\Users\jesma\Desktop\inventory_system\yros-main\inventory_system\views\pages\dashboard.php:36
[2024-12-07 12:14:29] Error: [2] Array to string conversion - C:\Users\jesma\Desktop\inventory_system\yros-main\inventory_system\views\pages\dashboard.php:153
[2024-12-07 12:17:47] Error: [2] Undefined array key "Description" - C:\Users\jesma\Desktop\inventory_system\yros-main\inventory_system\views\pages\saleslist.php:148
[2024-12-07 12:17:47] Error: [2] Undefined array key "Image" - C:\Users\jesma\Desktop\inventory_system\yros-main\inventory_system\views\pages\saleslist.php:149
[2024-12-07 12:17:47] Error: [2] Undefined array key "Description" - C:\Users\jesma\Desktop\inventory_system\yros-main\inventory_system\views\pages\saleslist.php:148
[2024-12-07 12:17:47] Error: [2] Undefined array key "Image" - C:\Users\jesma\Desktop\inventory_system\yros-main\inventory_system\views\pages\saleslist.php:149
[2024-12-07 12:17:47] Error: [2] Undefined array key "Description" - C:\Users\jesma\Desktop\inventory_system\yros-main\inventory_system\views\pages\saleslist.php:148
[2024-12-07 12:17:47] Error: [2] Undefined array key "Image" - C:\Users\jesma\Desktop\inventory_system\yros-main\inventory_system\views\pages\saleslist.php:149
[2024-12-07 12:17:47] Error: [2] Undefined array key "Description" - C:\Users\jesma\Desktop\inventory_system\yros-main\inventory_system\views\pages\saleslist.php:148
[2024-12-07 12:17:47] Error: [2] Undefined array key "Image" - C:\Users\jesma\Desktop\inventory_system\yros-main\inventory_system\views\pages\saleslist.php:149
[2024-12-07 12:17:47] Error: [2] Undefined array key "Description" - C:\Users\jesma\Desktop\inventory_system\yros-main\inventory_system\views\pages\saleslist.php:148
[2024-12-07 12:17:47] Error: [2] Undefined array key "Image" - C:\Users\jesma\Desktop\inventory_system\yros-main\inventory_system\views\pages\saleslist.php:149
[2024-12-07 12:17:47] Error: [2] Undefined array key "Description" - C:\Users\jesma\Desktop\inventory_system\yros-main\inventory_system\views\pages\saleslist.php:148
[2024-12-07 12:17:47] Error: [2] Undefined array key "Image" - C:\Users\jesma\Desktop\inventory_system\yros-main\inventory_system\views\pages\saleslist.php:149
[2024-12-07 12:17:47] Error: [2] Undefined array key "Description" - C:\Users\jesma\Desktop\inventory_system\yros-main\inventory_system\views\pages\saleslist.php:148
[2024-12-07 12:17:47] Error: [2] Undefined array key "Image" - C:\Users\jesma\Desktop\inventory_system\yros-main\inventory_system\views\pages\saleslist.php:149
[2024-12-07 12:17:47] Error: [2] Undefined array key "Description" - C:\Users\jesma\Desktop\inventory_system\yros-main\inventory_system\views\pages\saleslist.php:148
[2024-12-07 12:17:47] Error: [2] Undefined array key "Image" - C:\Users\jesma\Desktop\inventory_system\yros-main\inventory_system\views\pages\saleslist.php:149
[2024-12-07 12:17:47] Error: [2] Undefined array key "Description" - C:\Users\jesma\Desktop\inventory_system\yros-main\inventory_system\views\pages\saleslist.php:148
[2024-12-07 12:17:47] Error: [2] Undefined array key "Image" - C:\Users\jesma\Desktop\inventory_system\yros-main\inventory_system\views\pages\saleslist.php:149
[2024-12-07 12:17:47] Error: [2] Undefined array key "Description" - C:\Users\jesma\Desktop\inventory_system\yros-main\inventory_system\views\pages\saleslist.php:148
[2024-12-07 12:17:47] Error: [2] Undefined array key "Image" - C:\Users\jesma\Desktop\inventory_system\yros-main\inventory_system\views\pages\saleslist.php:149
[2024-12-07 12:17:47] Error: [2] Undefined array key "Description" - C:\Users\jesma\Desktop\inventory_system\yros-main\inventory_system\views\pages\saleslist.php:148
[2024-12-07 12:17:47] Error: [2] Undefined array key "Image" - C:\Users\jesma\Desktop\inventory_system\yros-main\inventory_system\views\pages\saleslist.php:149
[2024-12-07 12:17:47] Error: [2] Undefined array key "Description" - C:\Users\jesma\Desktop\inventory_system\yros-main\inventory_system\views\pages\saleslist.php:148
[2024-12-07 12:17:47] Error: [2] Undefined array key "Image" - C:\Users\jesma\Desktop\inventory_system\yros-main\inventory_system\views\pages\saleslist.php:149
[2024-12-07 12:17:47] Error: [2] Undefined array key "Description" - C:\Users\jesma\Desktop\inventory_system\yros-main\inventory_system\views\pages\saleslist.php:148
[2024-12-07 12:17:47] Error: [2] Undefined array key "Image" - C:\Users\jesma\Desktop\inventory_system\yros-main\inventory_system\views\pages\saleslist.php:149
[2024-12-07 12:17:47] Error: [2] Undefined array key "Description" - C:\Users\jesma\Desktop\inventory_system\yros-main\inventory_system\views\pages\saleslist.php:148
[2024-12-07 12:17:47] Error: [2] Undefined array key "Image" - C:\Users\jesma\Desktop\inventory_system\yros-main\inventory_system\views\pages\saleslist.php:149
[2024-12-07 12:17:47] Error: [2] Undefined array key "Description" - C:\Users\jesma\Desktop\inventory_system\yros-main\inventory_system\views\pages\saleslist.php:148
[2024-12-07 12:17:47] Error: [2] Undefined array key "Image" - C:\Users\jesma\Desktop\inventory_system\yros-main\inventory_system\views\pages\saleslist.php:149
[2024-12-07 12:17:47] Error: [2] Undefined array key "Description" - C:\Users\jesma\Desktop\inventory_system\yros-main\inventory_system\views\pages\saleslist.php:148
[2024-12-07 12:17:47] Error: [2] Undefined array key "Image" - C:\Users\jesma\Desktop\inventory_system\yros-main\inventory_system\views\pages\saleslist.php:149
[2024-12-07 12:17:47] Error: [2] Undefined array key "Description" - C:\Users\jesma\Desktop\inventory_system\yros-main\inventory_system\views\pages\saleslist.php:148
[2024-12-07 12:17:47] Error: [2] Undefined array key "Image" - C:\Users\jesma\Desktop\inventory_system\yros-main\inventory_system\views\pages\saleslist.php:149
[2024-12-07 12:17:47] Error: [2] Undefined array key "Description" - C:\Users\jesma\Desktop\inventory_system\yros-main\inventory_system\views\pages\saleslist.php:148
[2024-12-07 12:17:47] Error: [2] Undefined array key "Image" - C:\Users\jesma\Desktop\inventory_system\yros-main\inventory_system\views\pages\saleslist.php:149
[2024-12-07 12:17:47] Error: [2] Undefined array key "Description" - C:\Users\jesma\Desktop\inventory_system\yros-main\inventory_system\views\pages\saleslist.php:148
[2024-12-07 12:17:47] Error: [2] Undefined array key "Image" - C:\Users\jesma\Desktop\inventory_system\yros-main\inventory_system\views\pages\saleslist.php:149
[2024-12-07 12:17:47] Error: [2] Undefined array key "Description" - C:\Users\jesma\Desktop\inventory_system\yros-main\inventory_system\views\pages\saleslist.php:148
[2024-12-07 12:17:47] Error: [2] Undefined array key "Image" - C:\Users\jesma\Desktop\inventory_system\yros-main\inventory_system\views\pages\saleslist.php:149
[2024-12-07 12:17:48] Error: [2] Array to string conversion - C:\Users\jesma\Desktop\inventory_system\yros-main\inventory_system\views\pages\dashboard.php:36
[2024-12-07 12:17:48] Error: [2] Array to string conversion - C:\Users\jesma\Desktop\inventory_system\yros-main\inventory_system\views\pages\dashboard.php:153
[2024-12-07 12:19:46] Error: [2] Array to string conversion - C:\Users\jesma\Desktop\inventory_system\yros-main\inventory_system\views\pages\dashboard.php:36
[2024-12-07 12:19:46] Error: [2] Array to string conversion - C:\Users\jesma\Desktop\inventory_system\yros-main\inventory_system\views\pages\dashboard.php:153
[2024-12-07 12:19:58] Error: [2] Array to string conversion - C:\Users\jesma\Desktop\inventory_system\yros-main\inventory_system\views\pages\dashboard.php:36
[2024-12-07 12:19:58] Error: [2] Array to string conversion - C:\Users\jesma\Desktop\inventory_system\yros-main\inventory_system\views\pages\dashboard.php:153
[2024-12-07 12:20:34] Error: [2] Array to string conversion - C:\Users\jesma\Desktop\inventory_system\yros-main\inventory_system\views\pages\dashboard.php:36
[2024-12-07 12:20:34] Error: [2] Array to string conversion - C:\Users\jesma\Desktop\inventory_system\yros-main\inventory_system\views\pages\dashboard.php:153
[2024-12-07 12:22:51] Error: [2] Array to string conversion - C:\Users\jesma\Desktop\inventory_system\yros-main\inventory_system\views\pages\dashboard.php:36
[2024-12-07 12:22:51] Error: [2] Array to string conversion - C:\Users\jesma\Desktop\inventory_system\yros-main\inventory_system\views\pages\dashboard.php:153
[2024-12-07 12:30:53] Error: [2] Array to string conversion - C:\Users\jesma\Desktop\inventory_system\yros-main\inventory_system\views\pages\dashboard.php:36
[2024-12-07 12:30:53] Error: [2] Array to string conversion - C:\Users\jesma\Desktop\inventory_system\yros-main\inventory_system\views\pages\dashboard.php:153
[2024-12-07 12:34:13] Error: [2] Array to string conversion - C:\Users\jesma\Desktop\inventory_system\yros-main\inventory_system\views\pages\dashboard.php:36
[2024-12-07 12:34:13] Error: [2] Array to string conversion - C:\Users\jesma\Desktop\inventory_system\yros-main\inventory_system\views\pages\dashboard.php:153
[2024-12-07 12:34:51] Error: [2] Array to string conversion - C:\Users\jesma\Desktop\inventory_system\yros-main\inventory_system\views\pages\dashboard.php:36
[2024-12-07 12:34:51] Error: [2] Array to string conversion - C:\Users\jesma\Desktop\inventory_system\yros-main\inventory_system\views\pages\dashboard.php:153
[2024-12-07 12:38:03] Error: [2] Array to string conversion - C:\Users\jesma\Desktop\inventory_system\yros-main\inventory_system\views\pages\dashboard.php:39
[2024-12-07 12:38:03] Error: [2] Array to string conversion - C:\Users\jesma\Desktop\inventory_system\yros-main\inventory_system\views\pages\dashboard.php:156
[2024-12-07 12:41:47] Error: [2] Array to string conversion - C:\Users\jesma\Desktop\inventory_system\yros-main\inventory_system\views\pages\dashboard.php:39
[2024-12-07 12:41:47] Error: [2] Array to string conversion - C:\Users\jesma\Desktop\inventory_system\yros-main\inventory_system\views\pages\dashboard.php:156
[2024-12-07 12:42:34] Error: [2] Array to string conversion - C:\Users\jesma\Desktop\inventory_system\yros-main\inventory_system\views\pages\dashboard.php:39
[2024-12-07 12:42:34] Error: [2] Array to string conversion - C:\Users\jesma\Desktop\inventory_system\yros-main\inventory_system\views\pages\dashboard.php:156
[2024-12-07 12:42:48] Error: [2] Array to string conversion - C:\Users\jesma\Desktop\inventory_system\yros-main\inventory_system\views\pages\dashboard.php:39
[2024-12-07 12:42:48] Error: [2] Array to string conversion - C:\Users\jesma\Desktop\inventory_system\yros-main\inventory_system\views\pages\dashboard.php:156
[2024-12-07 12:44:10] Error: [2] Undefined variable $tax - C:\Users\jesma\Desktop\inventory_system\yros-main\inventory_system\views\pages\checkout.php:605
[2024-12-07 12:44:37] Error: [2] Undefined array key "Description" - C:\Users\jesma\Desktop\inventory_system\yros-main\inventory_system\views\pages\saleslist.php:148
[2024-12-07 12:44:37] Error: [2] Undefined array key "Image" - C:\Users\jesma\Desktop\inventory_system\yros-main\inventory_system\views\pages\saleslist.php:149
[2024-12-07 12:44:37] Error: [2] Undefined array key "Description" - C:\Users\jesma\Desktop\inventory_system\yros-main\inventory_system\views\pages\saleslist.php:148
[2024-12-07 12:44:37] Error: [2] Undefined array key "Image" - C:\Users\jesma\Desktop\inventory_system\yros-main\inventory_system\views\pages\saleslist.php:149
[2024-12-07 12:44:37] Error: [2] Undefined array key "Description" - C:\Users\jesma\Desktop\inventory_system\yros-main\inventory_system\views\pages\saleslist.php:148
[2024-12-07 12:44:37] Error: [2] Undefined array key "Image" - C:\Users\jesma\Desktop\inventory_system\yros-main\inventory_system\views\pages\saleslist.php:149
[2024-12-07 12:44:37] Error: [2] Undefined array key "Description" - C:\Users\jesma\Desktop\inventory_system\yros-main\inventory_system\views\pages\saleslist.php:148
[2024-12-07 12:44:37] Error: [2] Undefined array key "Image" - C:\Users\jesma\Desktop\inventory_system\yros-main\inventory_system\views\pages\saleslist.php:149
[2024-12-07 12:44:37] Error: [2] Undefined array key "Description" - C:\Users\jesma\Desktop\inventory_system\yros-main\inventory_system\views\pages\saleslist.php:148
[2024-12-07 12:44:37] Error: [2] Undefined array key "Image" - C:\Users\jesma\Desktop\inventory_system\yros-main\inventory_system\views\pages\saleslist.php:149
[2024-12-07 12:44:37] Error: [2] Undefined array key "Description" - C:\Users\jesma\Desktop\inventory_system\yros-main\inventory_system\views\pages\saleslist.php:148
[2024-12-07 12:44:37] Error: [2] Undefined array key "Image" - C:\Users\jesma\Desktop\inventory_system\yros-main\inventory_system\views\pages\saleslist.php:149
[2024-12-07 12:44:37] Error: [2] Undefined array key "Description" - C:\Users\jesma\Desktop\inventory_system\yros-main\inventory_system\views\pages\saleslist.php:148
[2024-12-07 12:44:37] Error: [2] Undefined array key "Image" - C:\Users\jesma\Desktop\inventory_system\yros-main\inventory_system\views\pages\saleslist.php:149
[2024-12-07 12:44:37] Error: [2] Undefined array key "Description" - C:\Users\jesma\Desktop\inventory_system\yros-main\inventory_system\views\pages\saleslist.php:148
[2024-12-07 12:44:37] Error: [2] Undefined array key "Image" - C:\Users\jesma\Desktop\inventory_system\yros-main\inventory_system\views\pages\saleslist.php:149
[2024-12-07 12:44:37] Error: [2] Undefined array key "Description" - C:\Users\jesma\Desktop\inventory_system\yros-main\inventory_system\views\pages\saleslist.php:148
[2024-12-07 12:44:37] Error: [2] Undefined array key "Image" - C:\Users\jesma\Desktop\inventory_system\yros-main\inventory_system\views\pages\saleslist.php:149
[2024-12-07 12:44:37] Error: [2] Undefined array key "Description" - C:\Users\jesma\Desktop\inventory_system\yros-main\inventory_system\views\pages\saleslist.php:148
[2024-12-07 12:44:37] Error: [2] Undefined array key "Image" - C:\Users\jesma\Desktop\inventory_system\yros-main\inventory_system\views\pages\saleslist.php:149
[2024-12-07 12:44:37] Error: [2] Undefined array key "Description" - C:\Users\jesma\Desktop\inventory_system\yros-main\inventory_system\views\pages\saleslist.php:148
[2024-12-07 12:44:37] Error: [2] Undefined array key "Image" - C:\Users\jesma\Desktop\inventory_system\yros-main\inventory_system\views\pages\saleslist.php:149
[2024-12-07 12:44:37] Error: [2] Undefined array key "Description" - C:\Users\jesma\Desktop\inventory_system\yros-main\inventory_system\views\pages\saleslist.php:148
[2024-12-07 12:44:37] Error: [2] Undefined array key "Image" - C:\Users\jesma\Desktop\inventory_system\yros-main\inventory_system\views\pages\saleslist.php:149
[2024-12-07 12:44:37] Error: [2] Undefined array key "Description" - C:\Users\jesma\Desktop\inventory_system\yros-main\inventory_system\views\pages\saleslist.php:148
[2024-12-07 12:44:37] Error: [2] Undefined array key "Image" - C:\Users\jesma\Desktop\inventory_system\yros-main\inventory_system\views\pages\saleslist.php:149
[2024-12-07 12:44:37] Error: [2] Undefined array key "Description" - C:\Users\jesma\Desktop\inventory_system\yros-main\inventory_system\views\pages\saleslist.php:148
[2024-12-07 12:44:37] Error: [2] Undefined array key "Image" - C:\Users\jesma\Desktop\inventory_system\yros-main\inventory_system\views\pages\saleslist.php:149
[2024-12-07 12:44:37] Error: [2] Undefined array key "Description" - C:\Users\jesma\Desktop\inventory_system\yros-main\inventory_system\views\pages\saleslist.php:148
[2024-12-07 12:44:37] Error: [2] Undefined array key "Image" - C:\Users\jesma\Desktop\inventory_system\yros-main\inventory_system\views\pages\saleslist.php:149
[2024-12-07 12:44:37] Error: [2] Undefined array key "Description" - C:\Users\jesma\Desktop\inventory_system\yros-main\inventory_system\views\pages\saleslist.php:148
[2024-12-07 12:44:37] Error: [2] Undefined array key "Image" - C:\Users\jesma\Desktop\inventory_system\yros-main\inventory_system\views\pages\saleslist.php:149
[2024-12-07 12:44:37] Error: [2] Undefined array key "Description" - C:\Users\jesma\Desktop\inventory_system\yros-main\inventory_system\views\pages\saleslist.php:148
[2024-12-07 12:44:37] Error: [2] Undefined array key "Image" - C:\Users\jesma\Desktop\inventory_system\yros-main\inventory_system\views\pages\saleslist.php:149
[2024-12-07 12:44:37] Error: [2] Undefined array key "Description" - C:\Users\jesma\Desktop\inventory_system\yros-main\inventory_system\views\pages\saleslist.php:148
[2024-12-07 12:44:37] Error: [2] Undefined array key "Image" - C:\Users\jesma\Desktop\inventory_system\yros-main\inventory_system\views\pages\saleslist.php:149
[2024-12-07 12:44:37] Error: [2] Undefined array key "Description" - C:\Users\jesma\Desktop\inventory_system\yros-main\inventory_system\views\pages\saleslist.php:148
[2024-12-07 12:44:37] Error: [2] Undefined array key "Image" - C:\Users\jesma\Desktop\inventory_system\yros-main\inventory_system\views\pages\saleslist.php:149
[2024-12-07 12:44:37] Error: [2] Undefined array key "Description" - C:\Users\jesma\Desktop\inventory_system\yros-main\inventory_system\views\pages\saleslist.php:148
[2024-12-07 12:44:37] Error: [2] Undefined array key "Image" - C:\Users\jesma\Desktop\inventory_system\yros-main\inventory_system\views\pages\saleslist.php:149
[2024-12-07 12:44:54] Error: [2] Undefined array key "Description" - C:\Users\jesma\Desktop\inventory_system\yros-main\inventory_system\views\pages\saleslist.php:148
[2024-12-07 12:44:54] Error: [2] Undefined array key "Image" - C:\Users\jesma\Desktop\inventory_system\yros-main\inventory_system\views\pages\saleslist.php:149
[2024-12-07 12:44:54] Error: [2] Undefined array key "Description" - C:\Users\jesma\Desktop\inventory_system\yros-main\inventory_system\views\pages\saleslist.php:148
[2024-12-07 12:44:54] Error: [2] Undefined array key "Image" - C:\Users\jesma\Desktop\inventory_system\yros-main\inventory_system\views\pages\saleslist.php:149
[2024-12-07 12:44:54] Error: [2] Undefined array key "Description" - C:\Users\jesma\Desktop\inventory_system\yros-main\inventory_system\views\pages\saleslist.php:148
[2024-12-07 12:44:54] Error: [2] Undefined array key "Image" - C:\Users\jesma\Desktop\inventory_system\yros-main\inventory_system\views\pages\saleslist.php:149
[2024-12-07 12:44:54] Error: [2] Undefined array key "Description" - C:\Users\jesma\Desktop\inventory_system\yros-main\inventory_system\views\pages\saleslist.php:148
[2024-12-07 12:44:54] Error: [2] Undefined array key "Image" - C:\Users\jesma\Desktop\inventory_system\yros-main\inventory_system\views\pages\saleslist.php:149
[2024-12-07 12:44:54] Error: [2] Undefined array key "Description" - C:\Users\jesma\Desktop\inventory_system\yros-main\inventory_system\views\pages\saleslist.php:148
[2024-12-07 12:44:54] Error: [2] Undefined array key "Image" - C:\Users\jesma\Desktop\inventory_system\yros-main\inventory_system\views\pages\saleslist.php:149
[2024-12-07 12:44:54] Error: [2] Undefined array key "Description" - C:\Users\jesma\Desktop\inventory_system\yros-main\inventory_system\views\pages\saleslist.php:148
[2024-12-07 12:44:54] Error: [2] Undefined array key "Image" - C:\Users\jesma\Desktop\inventory_system\yros-main\inventory_system\views\pages\saleslist.php:149
[2024-12-07 12:44:54] Error: [2] Undefined array key "Description" - C:\Users\jesma\Desktop\inventory_system\yros-main\inventory_system\views\pages\saleslist.php:148
[2024-12-07 12:44:54] Error: [2] Undefined array key "Image" - C:\Users\jesma\Desktop\inventory_system\yros-main\inventory_system\views\pages\saleslist.php:149
[2024-12-07 12:44:54] Error: [2] Undefined array key "Description" - C:\Users\jesma\Desktop\inventory_system\yros-main\inventory_system\views\pages\saleslist.php:148
[2024-12-07 12:44:54] Error: [2] Undefined array key "Image" - C:\Users\jesma\Desktop\inventory_system\yros-main\inventory_system\views\pages\saleslist.php:149
[2024-12-07 12:44:54] Error: [2] Undefined array key "Description" - C:\Users\jesma\Desktop\inventory_system\yros-main\inventory_system\views\pages\saleslist.php:148
[2024-12-07 12:44:54] Error: [2] Undefined array key "Image" - C:\Users\jesma\Desktop\inventory_system\yros-main\inventory_system\views\pages\saleslist.php:149
[2024-12-07 12:44:54] Error: [2] Undefined array key "Description" - C:\Users\jesma\Desktop\inventory_system\yros-main\inventory_system\views\pages\saleslist.php:148
[2024-12-07 12:44:54] Error: [2] Undefined array key "Image" - C:\Users\jesma\Desktop\inventory_system\yros-main\inventory_system\views\pages\saleslist.php:149
[2024-12-07 12:44:54] Error: [2] Undefined array key "Description" - C:\Users\jesma\Desktop\inventory_system\yros-main\inventory_system\views\pages\saleslist.php:148
[2024-12-07 12:44:54] Error: [2] Undefined array key "Image" - C:\Users\jesma\Desktop\inventory_system\yros-main\inventory_system\views\pages\saleslist.php:149
[2024-12-07 12:44:54] Error: [2] Undefined array key "Description" - C:\Users\jesma\Desktop\inventory_system\yros-main\inventory_system\views\pages\saleslist.php:148
[2024-12-07 12:44:54] Error: [2] Undefined array key "Image" - C:\Users\jesma\Desktop\inventory_system\yros-main\inventory_system\views\pages\saleslist.php:149
[2024-12-07 12:44:54] Error: [2] Undefined array key "Description" - C:\Users\jesma\Desktop\inventory_system\yros-main\inventory_system\views\pages\saleslist.php:148
[2024-12-07 12:44:54] Error: [2] Undefined array key "Image" - C:\Users\jesma\Desktop\inventory_system\yros-main\inventory_system\views\pages\saleslist.php:149
[2024-12-07 12:44:54] Error: [2] Undefined array key "Description" - C:\Users\jesma\Desktop\inventory_system\yros-main\inventory_system\views\pages\saleslist.php:148
[2024-12-07 12:44:54] Error: [2] Undefined array key "Image" - C:\Users\jesma\Desktop\inventory_system\yros-main\inventory_system\views\pages\saleslist.php:149
[2024-12-07 12:44:54] Error: [2] Undefined array key "Description" - C:\Users\jesma\Desktop\inventory_system\yros-main\inventory_system\views\pages\saleslist.php:148
[2024-12-07 12:44:54] Error: [2] Undefined array key "Image" - C:\Users\jesma\Desktop\inventory_system\yros-main\inventory_system\views\pages\saleslist.php:149
[2024-12-07 12:44:54] Error: [2] Undefined array key "Description" - C:\Users\jesma\Desktop\inventory_system\yros-main\inventory_system\views\pages\saleslist.php:148
[2024-12-07 12:44:54] Error: [2] Undefined array key "Image" - C:\Users\jesma\Desktop\inventory_system\yros-main\inventory_system\views\pages\saleslist.php:149
[2024-12-07 12:44:54] Error: [2] Undefined array key "Description" - C:\Users\jesma\Desktop\inventory_system\yros-main\inventory_system\views\pages\saleslist.php:148
[2024-12-07 12:44:54] Error: [2] Undefined array key "Image" - C:\Users\jesma\Desktop\inventory_system\yros-main\inventory_system\views\pages\saleslist.php:149
[2024-12-07 12:44:54] Error: [2] Undefined array key "Description" - C:\Users\jesma\Desktop\inventory_system\yros-main\inventory_system\views\pages\saleslist.php:148
[2024-12-07 12:44:54] Error: [2] Undefined array key "Image" - C:\Users\jesma\Desktop\inventory_system\yros-main\inventory_system\views\pages\saleslist.php:149
[2024-12-07 12:44:54] Error: [2] Undefined array key "Description" - C:\Users\jesma\Desktop\inventory_system\yros-main\inventory_system\views\pages\saleslist.php:148
[2024-12-07 12:44:54] Error: [2] Undefined array key "Image" - C:\Users\jesma\Desktop\inventory_system\yros-main\inventory_system\views\pages\saleslist.php:149
[2024-12-07 12:44:54] Error: [2] Undefined array key "Description" - C:\Users\jesma\Desktop\inventory_system\yros-main\inventory_system\views\pages\saleslist.php:148
[2024-12-07 12:44:54] Error: [2] Undefined array key "Image" - C:\Users\jesma\Desktop\inventory_system\yros-main\inventory_system\views\pages\saleslist.php:149
[2024-12-07 12:46:27] Error: [2] Undefined array key "Description" - C:\Users\jesma\Desktop\inventory_system\yros-main\inventory_system\views\pages\saleslist.php:148
[2024-12-07 12:46:27] Error: [2] Undefined array key "Image" - C:\Users\jesma\Desktop\inventory_system\yros-main\inventory_system\views\pages\saleslist.php:149
[2024-12-07 12:46:27] Error: [2] Undefined array key "Description" - C:\Users\jesma\Desktop\inventory_system\yros-main\inventory_system\views\pages\saleslist.php:148
[2024-12-07 12:46:27] Error: [2] Undefined array key "Image" - C:\Users\jesma\Desktop\inventory_system\yros-main\inventory_system\views\pages\saleslist.php:149
[2024-12-07 12:46:27] Error: [2] Undefined array key "Description" - C:\Users\jesma\Desktop\inventory_system\yros-main\inventory_system\views\pages\saleslist.php:148
[2024-12-07 12:46:27] Error: [2] Undefined array key "Image" - C:\Users\jesma\Desktop\inventory_system\yros-main\inventory_system\views\pages\saleslist.php:149
[2024-12-07 12:46:27] Error: [2] Undefined array key "Description" - C:\Users\jesma\Desktop\inventory_system\yros-main\inventory_system\views\pages\saleslist.php:148
[2024-12-07 12:46:27] Error: [2] Undefined array key "Image" - C:\Users\jesma\Desktop\inventory_system\yros-main\inventory_system\views\pages\saleslist.php:149
[2024-12-07 12:46:27] Error: [2] Undefined array key "Description" - C:\Users\jesma\Desktop\inventory_system\yros-main\inventory_system\views\pages\saleslist.php:148
[2024-12-07 12:46:27] Error: [2] Undefined array key "Image" - C:\Users\jesma\Desktop\inventory_system\yros-main\inventory_system\views\pages\saleslist.php:149
[2024-12-07 12:46:27] Error: [2] Undefined array key "Description" - C:\Users\jesma\Desktop\inventory_system\yros-main\inventory_system\views\pages\saleslist.php:148
[2024-12-07 12:46:27] Error: [2] Undefined array key "Image" - C:\Users\jesma\Desktop\inventory_system\yros-main\inventory_system\views\pages\saleslist.php:149
[2024-12-07 12:46:27] Error: [2] Undefined array key "Description" - C:\Users\jesma\Desktop\inventory_system\yros-main\inventory_system\views\pages\saleslist.php:148
[2024-12-07 12:46:27] Error: [2] Undefined array key "Image" - C:\Users\jesma\Desktop\inventory_system\yros-main\inventory_system\views\pages\saleslist.php:149
[2024-12-07 12:46:27] Error: [2] Undefined array key "Description" - C:\Users\jesma\Desktop\inventory_system\yros-main\inventory_system\views\pages\saleslist.php:148
[2024-12-07 12:46:27] Error: [2] Undefined array key "Image" - C:\Users\jesma\Desktop\inventory_system\yros-main\inventory_system\views\pages\saleslist.php:149
[2024-12-07 12:46:27] Error: [2] Undefined array key "Description" - C:\Users\jesma\Desktop\inventory_system\yros-main\inventory_system\views\pages\saleslist.php:148
[2024-12-07 12:46:27] Error: [2] Undefined array key "Image" - C:\Users\jesma\Desktop\inventory_system\yros-main\inventory_system\views\pages\saleslist.php:149
[2024-12-07 12:46:27] Error: [2] Undefined array key "Description" - C:\Users\jesma\Desktop\inventory_system\yros-main\inventory_system\views\pages\saleslist.php:148
[2024-12-07 12:46:27] Error: [2] Undefined array key "Image" - C:\Users\jesma\Desktop\inventory_system\yros-main\inventory_system\views\pages\saleslist.php:149
[2024-12-07 12:46:27] Error: [2] Undefined array key "Description" - C:\Users\jesma\Desktop\inventory_system\yros-main\inventory_system\views\pages\saleslist.php:148
[2024-12-07 12:46:27] Error: [2] Undefined array key "Image" - C:\Users\jesma\Desktop\inventory_system\yros-main\inventory_system\views\pages\saleslist.php:149
[2024-12-07 12:46:27] Error: [2] Undefined array key "Description" - C:\Users\jesma\Desktop\inventory_system\yros-main\inventory_system\views\pages\saleslist.php:148
[2024-12-07 12:46:27] Error: [2] Undefined array key "Image" - C:\Users\jesma\Desktop\inventory_system\yros-main\inventory_system\views\pages\saleslist.php:149
[2024-12-07 12:46:27] Error: [2] Undefined array key "Description" - C:\Users\jesma\Desktop\inventory_system\yros-main\inventory_system\views\pages\saleslist.php:148
[2024-12-07 12:46:27] Error: [2] Undefined array key "Image" - C:\Users\jesma\Desktop\inventory_system\yros-main\inventory_system\views\pages\saleslist.php:149
[2024-12-07 12:46:27] Error: [2] Undefined array key "Description" - C:\Users\jesma\Desktop\inventory_system\yros-main\inventory_system\views\pages\saleslist.php:148
[2024-12-07 12:46:27] Error: [2] Undefined array key "Image" - C:\Users\jesma\Desktop\inventory_system\yros-main\inventory_system\views\pages\saleslist.php:149
[2024-12-07 12:46:27] Error: [2] Undefined array key "Description" - C:\Users\jesma\Desktop\inventory_system\yros-main\inventory_system\views\pages\saleslist.php:148
[2024-12-07 12:46:27] Error: [2] Undefined array key "Image" - C:\Users\jesma\Desktop\inventory_system\yros-main\inventory_system\views\pages\saleslist.php:149
[2024-12-07 12:46:27] Error: [2] Undefined array key "Description" - C:\Users\jesma\Desktop\inventory_system\yros-main\inventory_system\views\pages\saleslist.php:148
[2024-12-07 12:46:27] Error: [2] Undefined array key "Image" - C:\Users\jesma\Desktop\inventory_system\yros-main\inventory_system\views\pages\saleslist.php:149
[2024-12-07 12:46:27] Error: [2] Undefined array key "Description" - C:\Users\jesma\Desktop\inventory_system\yros-main\inventory_system\views\pages\saleslist.php:148
[2024-12-07 12:46:27] Error: [2] Undefined array key "Image" - C:\Users\jesma\Desktop\inventory_system\yros-main\inventory_system\views\pages\saleslist.php:149
[2024-12-07 12:46:27] Error: [2] Undefined array key "Description" - C:\Users\jesma\Desktop\inventory_system\yros-main\inventory_system\views\pages\saleslist.php:148
[2024-12-07 12:46:27] Error: [2] Undefined array key "Image" - C:\Users\jesma\Desktop\inventory_system\yros-main\inventory_system\views\pages\saleslist.php:149
[2024-12-07 12:46:27] Error: [2] Undefined array key "Description" - C:\Users\jesma\Desktop\inventory_system\yros-main\inventory_system\views\pages\saleslist.php:148
[2024-12-07 12:46:27] Error: [2] Undefined array key "Image" - C:\Users\jesma\Desktop\inventory_system\yros-main\inventory_system\views\pages\saleslist.php:149
[2024-12-07 12:46:27] Error: [2] Undefined array key "Description" - C:\Users\jesma\Desktop\inventory_system\yros-main\inventory_system\views\pages\saleslist.php:148
[2024-12-07 12:46:27] Error: [2] Undefined array key "Image" - C:\Users\jesma\Desktop\inventory_system\yros-main\inventory_system\views\pages\saleslist.php:149
[2024-12-07 12:46:34] Error: [2] Undefined variable $tax - C:\Users\jesma\Desktop\inventory_system\yros-main\inventory_system\views\pages\checkout.php:605
[2024-12-07 12:47:00] Error: [2] Undefined variable $tax - C:\Users\jesma\Desktop\inventory_system\yros-main\inventory_system\views\pages\checkout.php:605
[2024-12-07 12:47:10] Error: [2] Array to string conversion - C:\Users\jesma\Desktop\inventory_system\yros-main\inventory_system\views\pages\dashboard.php:39
[2024-12-07 12:47:10] Error: [2] Array to string conversion - C:\Users\jesma\Desktop\inventory_system\yros-main\inventory_system\views\pages\dashboard.php:156
[2024-12-07 12:49:34] Error: [2] Undefined array key "Description" - C:\Users\jesma\Desktop\inventory_system\yros-main\inventory_system\views\pages\saleslist.php:148
[2024-12-07 12:49:34] Error: [2] Undefined array key "Image" - C:\Users\jesma\Desktop\inventory_system\yros-main\inventory_system\views\pages\saleslist.php:149
[2024-12-07 12:49:34] Error: [2] Undefined array key "Description" - C:\Users\jesma\Desktop\inventory_system\yros-main\inventory_system\views\pages\saleslist.php:148
[2024-12-07 12:49:34] Error: [2] Undefined array key "Image" - C:\Users\jesma\Desktop\inventory_system\yros-main\inventory_system\views\pages\saleslist.php:149
[2024-12-07 12:49:34] Error: [2] Undefined array key "Description" - C:\Users\jesma\Desktop\inventory_system\yros-main\inventory_system\views\pages\saleslist.php:148
[2024-12-07 12:49:34] Error: [2] Undefined array key "Image" - C:\Users\jesma\Desktop\inventory_system\yros-main\inventory_system\views\pages\saleslist.php:149
[2024-12-07 12:49:34] Error: [2] Undefined array key "Description" - C:\Users\jesma\Desktop\inventory_system\yros-main\inventory_system\views\pages\saleslist.php:148
[2024-12-07 12:49:34] Error: [2] Undefined array key "Image" - C:\Users\jesma\Desktop\inventory_system\yros-main\inventory_system\views\pages\saleslist.php:149
[2024-12-07 12:49:34] Error: [2] Undefined array key "Description" - C:\Users\jesma\Desktop\inventory_system\yros-main\inventory_system\views\pages\saleslist.php:148
[2024-12-07 12:49:34] Error: [2] Undefined array key "Image" - C:\Users\jesma\Desktop\inventory_system\yros-main\inventory_system\views\pages\saleslist.php:149
[2024-12-07 12:49:34] Error: [2] Undefined array key "Description" - C:\Users\jesma\Desktop\inventory_system\yros-main\inventory_system\views\pages\saleslist.php:148
[2024-12-07 12:49:34] Error: [2] Undefined array key "Image" - C:\Users\jesma\Desktop\inventory_system\yros-main\inventory_system\views\pages\saleslist.php:149
[2024-12-07 12:49:34] Error: [2] Undefined array key "Description" - C:\Users\jesma\Desktop\inventory_system\yros-main\inventory_system\views\pages\saleslist.php:148
[2024-12-07 12:49:34] Error: [2] Undefined array key "Image" - C:\Users\jesma\Desktop\inventory_system\yros-main\inventory_system\views\pages\saleslist.php:149
[2024-12-07 12:49:34] Error: [2] Undefined array key "Description" - C:\Users\jesma\Desktop\inventory_system\yros-main\inventory_system\views\pages\saleslist.php:148
[2024-12-07 12:49:34] Error: [2] Undefined array key "Image" - C:\Users\jesma\Desktop\inventory_system\yros-main\inventory_system\views\pages\saleslist.php:149
[2024-12-07 12:49:34] Error: [2] Undefined array key "Description" - C:\Users\jesma\Desktop\inventory_system\yros-main\inventory_system\views\pages\saleslist.php:148
[2024-12-07 12:49:34] Error: [2] Undefined array key "Image" - C:\Users\jesma\Desktop\inventory_system\yros-main\inventory_system\views\pages\saleslist.php:149
[2024-12-07 12:49:34] Error: [2] Undefined array key "Description" - C:\Users\jesma\Desktop\inventory_system\yros-main\inventory_system\views\pages\saleslist.php:148
[2024-12-07 12:49:34] Error: [2] Undefined array key "Image" - C:\Users\jesma\Desktop\inventory_system\yros-main\inventory_system\views\pages\saleslist.php:149
[2024-12-07 12:49:34] Error: [2] Undefined array key "Description" - C:\Users\jesma\Desktop\inventory_system\yros-main\inventory_system\views\pages\saleslist.php:148
[2024-12-07 12:49:34] Error: [2] Undefined array key "Image" - C:\Users\jesma\Desktop\inventory_system\yros-main\inventory_system\views\pages\saleslist.php:149
[2024-12-07 12:49:34] Error: [2] Undefined array key "Description" - C:\Users\jesma\Desktop\inventory_system\yros-main\inventory_system\views\pages\saleslist.php:148
[2024-12-07 12:49:34] Error: [2] Undefined array key "Image" - C:\Users\jesma\Desktop\inventory_system\yros-main\inventory_system\views\pages\saleslist.php:149
[2024-12-07 12:49:34] Error: [2] Undefined array key "Description" - C:\Users\jesma\Desktop\inventory_system\yros-main\inventory_system\views\pages\saleslist.php:148
[2024-12-07 12:49:34] Error: [2] Undefined array key "Image" - C:\Users\jesma\Desktop\inventory_system\yros-main\inventory_system\views\pages\saleslist.php:149
[2024-12-07 12:49:34] Error: [2] Undefined array key "Description" - C:\Users\jesma\Desktop\inventory_system\yros-main\inventory_system\views\pages\saleslist.php:148
[2024-12-07 12:49:34] Error: [2] Undefined array key "Image" - C:\Users\jesma\Desktop\inventory_system\yros-main\inventory_system\views\pages\saleslist.php:149
[2024-12-07 12:49:34] Error: [2] Undefined array key "Description" - C:\Users\jesma\Desktop\inventory_system\yros-main\inventory_system\views\pages\saleslist.php:148
[2024-12-07 12:49:34] Error: [2] Undefined array key "Image" - C:\Users\jesma\Desktop\inventory_system\yros-main\inventory_system\views\pages\saleslist.php:149
[2024-12-07 12:49:34] Error: [2] Undefined array key "Description" - C:\Users\jesma\Desktop\inventory_system\yros-main\inventory_system\views\pages\saleslist.php:148
[2024-12-07 12:49:34] Error: [2] Undefined array key "Image" - C:\Users\jesma\Desktop\inventory_system\yros-main\inventory_system\views\pages\saleslist.php:149
[2024-12-07 12:49:34] Error: [2] Undefined array key "Description" - C:\Users\jesma\Desktop\inventory_system\yros-main\inventory_system\views\pages\saleslist.php:148
[2024-12-07 12:49:34] Error: [2] Undefined array key "Image" - C:\Users\jesma\Desktop\inventory_system\yros-main\inventory_system\views\pages\saleslist.php:149
[2024-12-07 12:49:34] Error: [2] Undefined array key "Description" - C:\Users\jesma\Desktop\inventory_system\yros-main\inventory_system\views\pages\saleslist.php:148
[2024-12-07 12:49:34] Error: [2] Undefined array key "Image" - C:\Users\jesma\Desktop\inventory_system\yros-main\inventory_system\views\pages\saleslist.php:149
[2024-12-07 12:49:34] Error: [2] Undefined array key "Description" - C:\Users\jesma\Desktop\inventory_system\yros-main\inventory_system\views\pages\saleslist.php:148
[2024-12-07 12:49:34] Error: [2] Undefined array key "Image" - C:\Users\jesma\Desktop\inventory_system\yros-main\inventory_system\views\pages\saleslist.php:149
[2024-12-07 12:49:34] Error: [2] Undefined array key "Description" - C:\Users\jesma\Desktop\inventory_system\yros-main\inventory_system\views\pages\saleslist.php:148
[2024-12-07 12:49:34] Error: [2] Undefined array key "Image" - C:\Users\jesma\Desktop\inventory_system\yros-main\inventory_system\views\pages\saleslist.php:149
[2024-12-07 12:51:40] Error: [2] Array to string conversion - C:\Users\jesma\Desktop\inventory_system\yros-main\inventory_system\views\pages\dashboard.php:39
[2024-12-07 12:51:40] Error: [2] Array to string conversion - C:\Users\jesma\Desktop\inventory_system\yros-main\inventory_system\views\pages\dashboard.php:156
