[2025-01-04 04:22:06] Error: [2] Undefined array key "login" - C:\Users\jesma\Desktop\inventory_system\yros-main\inventory_system\app\auto\autorun.php:7
[2025-01-04 04:22:15] Error: [2] Undefined array key "login" - C:\Users\jesma\Desktop\inventory_system\yros-main\inventory_system\app\auto\autorun.php:7
[2025-01-04 04:25:03] Error: [2] Array to string conversion - C:\Users\jesma\Desktop\inventory_system\yros-main\inventory_system\views\pages\dashboard.php:39
[2025-01-04 04:25:03] Error: [2] Array to string conversion - C:\Users\jesma\Desktop\inventory_system\yros-main\inventory_system\views\pages\dashboard.php:158
[2025-01-04 04:25:22] Error: [2] Array to string conversion - C:\Users\jesma\Desktop\inventory_system\yros-main\inventory_system\views\pages\dashboard.php:39
[2025-01-04 04:25:22] Error: [2] Array to string conversion - C:\Users\jesma\Desktop\inventory_system\yros-main\inventory_system\views\pages\dashboard.php:158
[2025-01-04 04:26:10] Error: [2] Array to string conversion - C:\Users\jesma\Desktop\inventory_system\yros-main\inventory_system\views\pages\dashboard.php:39
[2025-01-04 04:26:10] Error: [2] Array to string conversion - C:\Users\jesma\Desktop\inventory_system\yros-main\inventory_system\views\pages\dashboard.php:158
[2025-01-04 04:26:21] Error: [2] Array to string conversion - C:\Users\jesma\Desktop\inventory_system\yros-main\inventory_system\views\pages\dashboard.php:39
[2025-01-04 04:26:21] Error: [2] Array to string conversion - C:\Users\jesma\Desktop\inventory_system\yros-main\inventory_system\views\pages\dashboard.php:158
[2025-01-04 04:26:48] Error: [2] Array to string conversion - C:\Users\jesma\Desktop\inventory_system\yros-main\inventory_system\views\pages\dashboard.php:39
[2025-01-04 04:26:48] Error: [2] Array to string conversion - C:\Users\jesma\Desktop\inventory_system\yros-main\inventory_system\views\pages\dashboard.php:158
[2025-01-04 04:27:46] Error: [2] Array to string conversion - C:\Users\jesma\Desktop\inventory_system\yros-main\inventory_system\views\pages\dashboard.php:39
[2025-01-04 04:27:46] Error: [2] Array to string conversion - C:\Users\jesma\Desktop\inventory_system\yros-main\inventory_system\views\pages\dashboard.php:158
[2025-01-04 06:37:46] Error: [2] Array to string conversion - C:\Users\jesma\Desktop\inventory_system\yros-main\inventory_system\views\pages\dashboard.php:39
[2025-01-04 06:37:46] Error: [2] Array to string conversion - C:\Users\jesma\Desktop\inventory_system\yros-main\inventory_system\views\pages\dashboard.php:158
[2025-01-04 06:38:53] Error: [2] Array to string conversion - C:\Users\jesma\Desktop\inventory_system\yros-main\inventory_system\views\pages\dashboard.php:39
[2025-01-04 06:38:53] Error: [2] Array to string conversion - C:\Users\jesma\Desktop\inventory_system\yros-main\inventory_system\views\pages\dashboard.php:158
[2025-01-04 06:39:15] Error: [2] Array to string conversion - C:\Users\jesma\Desktop\inventory_system\yros-main\inventory_system\views\pages\dashboard.php:39
[2025-01-04 06:39:15] Error: [2] Array to string conversion - C:\Users\jesma\Desktop\inventory_system\yros-main\inventory_system\views\pages\dashboard.php:158
[2025-01-04 07:04:01] Error: [2] Undefined array key "data" - C:\Users\jesma\Desktop\inventory_system\yros-main\inventory_system\views\pages\bulliten.php:3
[2025-01-04 07:04:25] Error: [2] Undefined array key "data" - C:\Users\jesma\Desktop\inventory_system\yros-main\inventory_system\views\pages\bulliten.php:3
[2025-01-04 07:09:31] Error: [2] include(topbar.php): Failed to open stream: No such file or directory - C:\Users\jesma\Desktop\inventory_system\yros-main\inventory_system\views\pages\bulliten.php:12
[2025-01-04 07:09:31] Error: [2] include(): Failed opening 'topbar.php' for inclusion (include_path='C:\xampp\php\PEAR') - C:\Users\jesma\Desktop\inventory_system\yros-main\inventory_system\views\pages\bulliten.php:12
[2025-01-04 07:09:31] Error: [2] include(sidebar.php): Failed to open stream: No such file or directory - C:\Users\jesma\Desktop\inventory_system\yros-main\inventory_system\views\pages\bulliten.php:18
[2025-01-04 07:09:31] Error: [2] include(): Failed opening 'sidebar.php' for inclusion (include_path='C:\xampp\php\PEAR') - C:\Users\jesma\Desktop\inventory_system\yros-main\inventory_system\views\pages\bulliten.php:18
[2025-01-04 07:43:15] Error: [2] Array to string conversion - C:\Users\jesma\Desktop\inventory_system\yros-main\inventory_system\views\pages\dashboard.php:39
[2025-01-04 07:43:15] Error: [2] Array to string conversion - C:\Users\jesma\Desktop\inventory_system\yros-main\inventory_system\views\pages\dashboard.php:158
[2025-01-04 07:44:49] Error: [2] Array to string conversion - C:\Users\jesma\Desktop\inventory_system\yros-main\inventory_system\views\pages\dashboard.php:39
[2025-01-04 07:44:49] Error: [2] Array to string conversion - C:\Users\jesma\Desktop\inventory_system\yros-main\inventory_system\views\pages\dashboard.php:158
