[2025-01-07 01:38:51] Error: [2] Undefined array key "login" - C:\Users\jesma\Desktop\inventory_system\yros-main\inventory_system\app\auto\autorun.php:7
[2025-01-07 01:39:01] Error: [2] Undefined array key "login" - C:\Users\jesma\Desktop\inventory_system\yros-main\inventory_system\app\auto\autorun.php:7
[2025-01-07 01:39:09] Error: [2] Array to string conversion - C:\Users\jesma\Desktop\inventory_system\yros-main\inventory_system\views\pages\dashboard.php:39
[2025-01-07 01:39:09] Error: [2] Array to string conversion - C:\Users\jesma\Desktop\inventory_system\yros-main\inventory_system\views\pages\dashboard.php:158
[2025-01-07 01:39:38] Error: [2] Undefined array key "Description" - C:\Users\jesma\Desktop\inventory_system\yros-main\inventory_system\views\pages\saleslist.php:148
[2025-01-07 01:39:38] Error: [2] Undefined array key "Image" - C:\Users\jesma\Desktop\inventory_system\yros-main\inventory_system\views\pages\saleslist.php:149
[2025-01-07 01:39:38] Error: [2] Undefined array key "Description" - C:\Users\jesma\Desktop\inventory_system\yros-main\inventory_system\views\pages\saleslist.php:148
[2025-01-07 01:39:38] Error: [2] Undefined array key "Image" - C:\Users\jesma\Desktop\inventory_system\yros-main\inventory_system\views\pages\saleslist.php:149
[2025-01-07 01:39:38] Error: [2] Undefined array key "Description" - C:\Users\jesma\Desktop\inventory_system\yros-main\inventory_system\views\pages\saleslist.php:148
[2025-01-07 01:39:38] Error: [2] Undefined array key "Image" - C:\Users\jesma\Desktop\inventory_system\yros-main\inventory_system\views\pages\saleslist.php:149
[2025-01-07 01:39:38] Error: [2] Undefined array key "Description" - C:\Users\jesma\Desktop\inventory_system\yros-main\inventory_system\views\pages\saleslist.php:148
[2025-01-07 01:39:38] Error: [2] Undefined array key "Image" - C:\Users\jesma\Desktop\inventory_system\yros-main\inventory_system\views\pages\saleslist.php:149
[2025-01-07 01:39:38] Error: [2] Undefined array key "Description" - C:\Users\jesma\Desktop\inventory_system\yros-main\inventory_system\views\pages\saleslist.php:148
[2025-01-07 01:39:38] Error: [2] Undefined array key "Image" - C:\Users\jesma\Desktop\inventory_system\yros-main\inventory_system\views\pages\saleslist.php:149
[2025-01-07 01:39:38] Error: [2] Undefined array key "Description" - C:\Users\jesma\Desktop\inventory_system\yros-main\inventory_system\views\pages\saleslist.php:148
[2025-01-07 01:39:38] Error: [2] Undefined array key "Image" - C:\Users\jesma\Desktop\inventory_system\yros-main\inventory_system\views\pages\saleslist.php:149
[2025-01-07 01:39:38] Error: [2] Undefined array key "Description" - C:\Users\jesma\Desktop\inventory_system\yros-main\inventory_system\views\pages\saleslist.php:148
[2025-01-07 01:39:38] Error: [2] Undefined array key "Image" - C:\Users\jesma\Desktop\inventory_system\yros-main\inventory_system\views\pages\saleslist.php:149
[2025-01-07 01:39:38] Error: [2] Undefined array key "Description" - C:\Users\jesma\Desktop\inventory_system\yros-main\inventory_system\views\pages\saleslist.php:148
[2025-01-07 01:39:38] Error: [2] Undefined array key "Image" - C:\Users\jesma\Desktop\inventory_system\yros-main\inventory_system\views\pages\saleslist.php:149
[2025-01-07 01:39:38] Error: [2] Undefined array key "Description" - C:\Users\jesma\Desktop\inventory_system\yros-main\inventory_system\views\pages\saleslist.php:148
[2025-01-07 01:39:38] Error: [2] Undefined array key "Image" - C:\Users\jesma\Desktop\inventory_system\yros-main\inventory_system\views\pages\saleslist.php:149
[2025-01-07 01:39:38] Error: [2] Undefined array key "Description" - C:\Users\jesma\Desktop\inventory_system\yros-main\inventory_system\views\pages\saleslist.php:148
[2025-01-07 01:39:38] Error: [2] Undefined array key "Image" - C:\Users\jesma\Desktop\inventory_system\yros-main\inventory_system\views\pages\saleslist.php:149
[2025-01-07 01:39:38] Error: [2] Undefined array key "Description" - C:\Users\jesma\Desktop\inventory_system\yros-main\inventory_system\views\pages\saleslist.php:148
[2025-01-07 01:39:38] Error: [2] Undefined array key "Image" - C:\Users\jesma\Desktop\inventory_system\yros-main\inventory_system\views\pages\saleslist.php:149
[2025-01-07 01:39:38] Error: [2] Undefined array key "Description" - C:\Users\jesma\Desktop\inventory_system\yros-main\inventory_system\views\pages\saleslist.php:148
[2025-01-07 01:39:38] Error: [2] Undefined array key "Image" - C:\Users\jesma\Desktop\inventory_system\yros-main\inventory_system\views\pages\saleslist.php:149
[2025-01-07 01:39:38] Error: [2] Undefined array key "Description" - C:\Users\jesma\Desktop\inventory_system\yros-main\inventory_system\views\pages\saleslist.php:148
[2025-01-07 01:39:38] Error: [2] Undefined array key "Image" - C:\Users\jesma\Desktop\inventory_system\yros-main\inventory_system\views\pages\saleslist.php:149
[2025-01-07 01:39:38] Error: [2] Undefined array key "Description" - C:\Users\jesma\Desktop\inventory_system\yros-main\inventory_system\views\pages\saleslist.php:148
[2025-01-07 01:39:38] Error: [2] Undefined array key "Image" - C:\Users\jesma\Desktop\inventory_system\yros-main\inventory_system\views\pages\saleslist.php:149
[2025-01-07 01:39:38] Error: [2] Undefined array key "Description" - C:\Users\jesma\Desktop\inventory_system\yros-main\inventory_system\views\pages\saleslist.php:148
[2025-01-07 01:39:38] Error: [2] Undefined array key "Image" - C:\Users\jesma\Desktop\inventory_system\yros-main\inventory_system\views\pages\saleslist.php:149
[2025-01-07 01:39:38] Error: [2] Undefined array key "Description" - C:\Users\jesma\Desktop\inventory_system\yros-main\inventory_system\views\pages\saleslist.php:148
[2025-01-07 01:39:38] Error: [2] Undefined array key "Image" - C:\Users\jesma\Desktop\inventory_system\yros-main\inventory_system\views\pages\saleslist.php:149
[2025-01-07 01:39:38] Error: [2] Undefined array key "Description" - C:\Users\jesma\Desktop\inventory_system\yros-main\inventory_system\views\pages\saleslist.php:148
[2025-01-07 01:39:38] Error: [2] Undefined array key "Image" - C:\Users\jesma\Desktop\inventory_system\yros-main\inventory_system\views\pages\saleslist.php:149
[2025-01-07 01:39:38] Error: [2] Undefined array key "Description" - C:\Users\jesma\Desktop\inventory_system\yros-main\inventory_system\views\pages\saleslist.php:148
[2025-01-07 01:39:38] Error: [2] Undefined array key "Image" - C:\Users\jesma\Desktop\inventory_system\yros-main\inventory_system\views\pages\saleslist.php:149
[2025-01-07 01:39:38] Error: [2] Undefined array key "Description" - C:\Users\jesma\Desktop\inventory_system\yros-main\inventory_system\views\pages\saleslist.php:148
[2025-01-07 01:39:38] Error: [2] Undefined array key "Image" - C:\Users\jesma\Desktop\inventory_system\yros-main\inventory_system\views\pages\saleslist.php:149
[2025-01-07 01:39:38] Error: [2] Undefined array key "Description" - C:\Users\jesma\Desktop\inventory_system\yros-main\inventory_system\views\pages\saleslist.php:148
[2025-01-07 01:39:38] Error: [2] Undefined array key "Image" - C:\Users\jesma\Desktop\inventory_system\yros-main\inventory_system\views\pages\saleslist.php:149
[2025-01-07 01:39:38] Error: [2] Undefined array key "Description" - C:\Users\jesma\Desktop\inventory_system\yros-main\inventory_system\views\pages\saleslist.php:148
[2025-01-07 01:39:38] Error: [2] Undefined array key "Image" - C:\Users\jesma\Desktop\inventory_system\yros-main\inventory_system\views\pages\saleslist.php:149
[2025-01-07 01:39:38] Error: [2] Undefined array key "Description" - C:\Users\jesma\Desktop\inventory_system\yros-main\inventory_system\views\pages\saleslist.php:148
[2025-01-07 01:39:38] Error: [2] Undefined array key "Image" - C:\Users\jesma\Desktop\inventory_system\yros-main\inventory_system\views\pages\saleslist.php:149
[2025-01-07 01:39:38] Error: [2] Undefined array key "Description" - C:\Users\jesma\Desktop\inventory_system\yros-main\inventory_system\views\pages\saleslist.php:148
[2025-01-07 01:39:38] Error: [2] Undefined array key "Image" - C:\Users\jesma\Desktop\inventory_system\yros-main\inventory_system\views\pages\saleslist.php:149
[2025-01-07 01:39:38] Error: [2] Undefined array key "Description" - C:\Users\jesma\Desktop\inventory_system\yros-main\inventory_system\views\pages\saleslist.php:148
[2025-01-07 01:39:38] Error: [2] Undefined array key "Image" - C:\Users\jesma\Desktop\inventory_system\yros-main\inventory_system\views\pages\saleslist.php:149
[2025-01-07 01:39:38] Error: [2] Undefined array key "Description" - C:\Users\jesma\Desktop\inventory_system\yros-main\inventory_system\views\pages\saleslist.php:148
[2025-01-07 01:39:38] Error: [2] Undefined array key "Image" - C:\Users\jesma\Desktop\inventory_system\yros-main\inventory_system\views\pages\saleslist.php:149
[2025-01-07 01:39:38] Error: [2] Undefined array key "Description" - C:\Users\jesma\Desktop\inventory_system\yros-main\inventory_system\views\pages\saleslist.php:148
[2025-01-07 01:39:38] Error: [2] Undefined array key "Image" - C:\Users\jesma\Desktop\inventory_system\yros-main\inventory_system\views\pages\saleslist.php:149
[2025-01-07 01:39:59] Error: [2] Undefined array key "Description" - C:\Users\jesma\Desktop\inventory_system\yros-main\inventory_system\views\pages\saleslist.php:148
[2025-01-07 01:39:59] Error: [2] Undefined array key "Image" - C:\Users\jesma\Desktop\inventory_system\yros-main\inventory_system\views\pages\saleslist.php:149
[2025-01-07 01:39:59] Error: [2] Undefined array key "Description" - C:\Users\jesma\Desktop\inventory_system\yros-main\inventory_system\views\pages\saleslist.php:148
[2025-01-07 01:39:59] Error: [2] Undefined array key "Image" - C:\Users\jesma\Desktop\inventory_system\yros-main\inventory_system\views\pages\saleslist.php:149
[2025-01-07 01:39:59] Error: [2] Undefined array key "Description" - C:\Users\jesma\Desktop\inventory_system\yros-main\inventory_system\views\pages\saleslist.php:148
[2025-01-07 01:39:59] Error: [2] Undefined array key "Image" - C:\Users\jesma\Desktop\inventory_system\yros-main\inventory_system\views\pages\saleslist.php:149
[2025-01-07 01:39:59] Error: [2] Undefined array key "Description" - C:\Users\jesma\Desktop\inventory_system\yros-main\inventory_system\views\pages\saleslist.php:148
[2025-01-07 01:39:59] Error: [2] Undefined array key "Image" - C:\Users\jesma\Desktop\inventory_system\yros-main\inventory_system\views\pages\saleslist.php:149
[2025-01-07 01:39:59] Error: [2] Undefined array key "Description" - C:\Users\jesma\Desktop\inventory_system\yros-main\inventory_system\views\pages\saleslist.php:148
[2025-01-07 01:39:59] Error: [2] Undefined array key "Image" - C:\Users\jesma\Desktop\inventory_system\yros-main\inventory_system\views\pages\saleslist.php:149
[2025-01-07 01:39:59] Error: [2] Undefined array key "Description" - C:\Users\jesma\Desktop\inventory_system\yros-main\inventory_system\views\pages\saleslist.php:148
[2025-01-07 01:39:59] Error: [2] Undefined array key "Image" - C:\Users\jesma\Desktop\inventory_system\yros-main\inventory_system\views\pages\saleslist.php:149
[2025-01-07 01:39:59] Error: [2] Undefined array key "Description" - C:\Users\jesma\Desktop\inventory_system\yros-main\inventory_system\views\pages\saleslist.php:148
[2025-01-07 01:39:59] Error: [2] Undefined array key "Image" - C:\Users\jesma\Desktop\inventory_system\yros-main\inventory_system\views\pages\saleslist.php:149
[2025-01-07 01:39:59] Error: [2] Undefined array key "Description" - C:\Users\jesma\Desktop\inventory_system\yros-main\inventory_system\views\pages\saleslist.php:148
[2025-01-07 01:39:59] Error: [2] Undefined array key "Image" - C:\Users\jesma\Desktop\inventory_system\yros-main\inventory_system\views\pages\saleslist.php:149
[2025-01-07 01:39:59] Error: [2] Undefined array key "Description" - C:\Users\jesma\Desktop\inventory_system\yros-main\inventory_system\views\pages\saleslist.php:148
[2025-01-07 01:39:59] Error: [2] Undefined array key "Image" - C:\Users\jesma\Desktop\inventory_system\yros-main\inventory_system\views\pages\saleslist.php:149
[2025-01-07 01:39:59] Error: [2] Undefined array key "Description" - C:\Users\jesma\Desktop\inventory_system\yros-main\inventory_system\views\pages\saleslist.php:148
[2025-01-07 01:39:59] Error: [2] Undefined array key "Image" - C:\Users\jesma\Desktop\inventory_system\yros-main\inventory_system\views\pages\saleslist.php:149
[2025-01-07 01:39:59] Error: [2] Undefined array key "Description" - C:\Users\jesma\Desktop\inventory_system\yros-main\inventory_system\views\pages\saleslist.php:148
[2025-01-07 01:39:59] Error: [2] Undefined array key "Image" - C:\Users\jesma\Desktop\inventory_system\yros-main\inventory_system\views\pages\saleslist.php:149
[2025-01-07 01:39:59] Error: [2] Undefined array key "Description" - C:\Users\jesma\Desktop\inventory_system\yros-main\inventory_system\views\pages\saleslist.php:148
[2025-01-07 01:39:59] Error: [2] Undefined array key "Image" - C:\Users\jesma\Desktop\inventory_system\yros-main\inventory_system\views\pages\saleslist.php:149
[2025-01-07 01:39:59] Error: [2] Undefined array key "Description" - C:\Users\jesma\Desktop\inventory_system\yros-main\inventory_system\views\pages\saleslist.php:148
[2025-01-07 01:39:59] Error: [2] Undefined array key "Image" - C:\Users\jesma\Desktop\inventory_system\yros-main\inventory_system\views\pages\saleslist.php:149
[2025-01-07 01:39:59] Error: [2] Undefined array key "Description" - C:\Users\jesma\Desktop\inventory_system\yros-main\inventory_system\views\pages\saleslist.php:148
[2025-01-07 01:39:59] Error: [2] Undefined array key "Image" - C:\Users\jesma\Desktop\inventory_system\yros-main\inventory_system\views\pages\saleslist.php:149
[2025-01-07 01:39:59] Error: [2] Undefined array key "Description" - C:\Users\jesma\Desktop\inventory_system\yros-main\inventory_system\views\pages\saleslist.php:148
[2025-01-07 01:39:59] Error: [2] Undefined array key "Image" - C:\Users\jesma\Desktop\inventory_system\yros-main\inventory_system\views\pages\saleslist.php:149
[2025-01-07 01:39:59] Error: [2] Undefined array key "Description" - C:\Users\jesma\Desktop\inventory_system\yros-main\inventory_system\views\pages\saleslist.php:148
[2025-01-07 01:39:59] Error: [2] Undefined array key "Image" - C:\Users\jesma\Desktop\inventory_system\yros-main\inventory_system\views\pages\saleslist.php:149
[2025-01-07 01:39:59] Error: [2] Undefined array key "Description" - C:\Users\jesma\Desktop\inventory_system\yros-main\inventory_system\views\pages\saleslist.php:148
[2025-01-07 01:39:59] Error: [2] Undefined array key "Image" - C:\Users\jesma\Desktop\inventory_system\yros-main\inventory_system\views\pages\saleslist.php:149
[2025-01-07 01:39:59] Error: [2] Undefined array key "Description" - C:\Users\jesma\Desktop\inventory_system\yros-main\inventory_system\views\pages\saleslist.php:148
[2025-01-07 01:39:59] Error: [2] Undefined array key "Image" - C:\Users\jesma\Desktop\inventory_system\yros-main\inventory_system\views\pages\saleslist.php:149
[2025-01-07 01:39:59] Error: [2] Undefined array key "Description" - C:\Users\jesma\Desktop\inventory_system\yros-main\inventory_system\views\pages\saleslist.php:148
[2025-01-07 01:39:59] Error: [2] Undefined array key "Image" - C:\Users\jesma\Desktop\inventory_system\yros-main\inventory_system\views\pages\saleslist.php:149
[2025-01-07 01:39:59] Error: [2] Undefined array key "Description" - C:\Users\jesma\Desktop\inventory_system\yros-main\inventory_system\views\pages\saleslist.php:148
[2025-01-07 01:39:59] Error: [2] Undefined array key "Image" - C:\Users\jesma\Desktop\inventory_system\yros-main\inventory_system\views\pages\saleslist.php:149
[2025-01-07 01:39:59] Error: [2] Undefined array key "Description" - C:\Users\jesma\Desktop\inventory_system\yros-main\inventory_system\views\pages\saleslist.php:148
[2025-01-07 01:39:59] Error: [2] Undefined array key "Image" - C:\Users\jesma\Desktop\inventory_system\yros-main\inventory_system\views\pages\saleslist.php:149
[2025-01-07 01:39:59] Error: [2] Undefined array key "Description" - C:\Users\jesma\Desktop\inventory_system\yros-main\inventory_system\views\pages\saleslist.php:148
[2025-01-07 01:39:59] Error: [2] Undefined array key "Image" - C:\Users\jesma\Desktop\inventory_system\yros-main\inventory_system\views\pages\saleslist.php:149
[2025-01-07 01:39:59] Error: [2] Undefined array key "Description" - C:\Users\jesma\Desktop\inventory_system\yros-main\inventory_system\views\pages\saleslist.php:148
[2025-01-07 01:39:59] Error: [2] Undefined array key "Image" - C:\Users\jesma\Desktop\inventory_system\yros-main\inventory_system\views\pages\saleslist.php:149
[2025-01-07 01:39:59] Error: [2] Undefined array key "Description" - C:\Users\jesma\Desktop\inventory_system\yros-main\inventory_system\views\pages\saleslist.php:148
[2025-01-07 01:39:59] Error: [2] Undefined array key "Image" - C:\Users\jesma\Desktop\inventory_system\yros-main\inventory_system\views\pages\saleslist.php:149
[2025-01-07 01:39:59] Error: [2] Undefined array key "Description" - C:\Users\jesma\Desktop\inventory_system\yros-main\inventory_system\views\pages\saleslist.php:148
[2025-01-07 01:39:59] Error: [2] Undefined array key "Image" - C:\Users\jesma\Desktop\inventory_system\yros-main\inventory_system\views\pages\saleslist.php:149
[2025-01-07 01:39:59] Error: [2] Undefined array key "Description" - C:\Users\jesma\Desktop\inventory_system\yros-main\inventory_system\views\pages\saleslist.php:148
[2025-01-07 01:39:59] Error: [2] Undefined array key "Image" - C:\Users\jesma\Desktop\inventory_system\yros-main\inventory_system\views\pages\saleslist.php:149
[2025-01-07 01:40:44] Error: [2] Undefined array key "Description" - C:\Users\jesma\Desktop\inventory_system\yros-main\inventory_system\views\pages\saleslist.php:148
[2025-01-07 01:40:44] Error: [2] Undefined array key "Image" - C:\Users\jesma\Desktop\inventory_system\yros-main\inventory_system\views\pages\saleslist.php:149
[2025-01-07 01:40:44] Error: [2] Undefined array key "Description" - C:\Users\jesma\Desktop\inventory_system\yros-main\inventory_system\views\pages\saleslist.php:148
[2025-01-07 01:40:44] Error: [2] Undefined array key "Image" - C:\Users\jesma\Desktop\inventory_system\yros-main\inventory_system\views\pages\saleslist.php:149
[2025-01-07 01:40:44] Error: [2] Undefined array key "Description" - C:\Users\jesma\Desktop\inventory_system\yros-main\inventory_system\views\pages\saleslist.php:148
[2025-01-07 01:40:44] Error: [2] Undefined array key "Image" - C:\Users\jesma\Desktop\inventory_system\yros-main\inventory_system\views\pages\saleslist.php:149
[2025-01-07 01:40:44] Error: [2] Undefined array key "Description" - C:\Users\jesma\Desktop\inventory_system\yros-main\inventory_system\views\pages\saleslist.php:148
[2025-01-07 01:40:44] Error: [2] Undefined array key "Image" - C:\Users\jesma\Desktop\inventory_system\yros-main\inventory_system\views\pages\saleslist.php:149
[2025-01-07 01:40:44] Error: [2] Undefined array key "Description" - C:\Users\jesma\Desktop\inventory_system\yros-main\inventory_system\views\pages\saleslist.php:148
[2025-01-07 01:40:44] Error: [2] Undefined array key "Image" - C:\Users\jesma\Desktop\inventory_system\yros-main\inventory_system\views\pages\saleslist.php:149
[2025-01-07 01:40:44] Error: [2] Undefined array key "Description" - C:\Users\jesma\Desktop\inventory_system\yros-main\inventory_system\views\pages\saleslist.php:148
[2025-01-07 01:40:44] Error: [2] Undefined array key "Image" - C:\Users\jesma\Desktop\inventory_system\yros-main\inventory_system\views\pages\saleslist.php:149
[2025-01-07 01:40:44] Error: [2] Undefined array key "Description" - C:\Users\jesma\Desktop\inventory_system\yros-main\inventory_system\views\pages\saleslist.php:148
[2025-01-07 01:40:44] Error: [2] Undefined array key "Image" - C:\Users\jesma\Desktop\inventory_system\yros-main\inventory_system\views\pages\saleslist.php:149
[2025-01-07 01:40:44] Error: [2] Undefined array key "Description" - C:\Users\jesma\Desktop\inventory_system\yros-main\inventory_system\views\pages\saleslist.php:148
[2025-01-07 01:40:44] Error: [2] Undefined array key "Image" - C:\Users\jesma\Desktop\inventory_system\yros-main\inventory_system\views\pages\saleslist.php:149
[2025-01-07 01:40:44] Error: [2] Undefined array key "Description" - C:\Users\jesma\Desktop\inventory_system\yros-main\inventory_system\views\pages\saleslist.php:148
[2025-01-07 01:40:44] Error: [2] Undefined array key "Image" - C:\Users\jesma\Desktop\inventory_system\yros-main\inventory_system\views\pages\saleslist.php:149
[2025-01-07 01:40:44] Error: [2] Undefined array key "Description" - C:\Users\jesma\Desktop\inventory_system\yros-main\inventory_system\views\pages\saleslist.php:148
[2025-01-07 01:40:44] Error: [2] Undefined array key "Image" - C:\Users\jesma\Desktop\inventory_system\yros-main\inventory_system\views\pages\saleslist.php:149
[2025-01-07 01:40:44] Error: [2] Undefined array key "Description" - C:\Users\jesma\Desktop\inventory_system\yros-main\inventory_system\views\pages\saleslist.php:148
[2025-01-07 01:40:44] Error: [2] Undefined array key "Image" - C:\Users\jesma\Desktop\inventory_system\yros-main\inventory_system\views\pages\saleslist.php:149
[2025-01-07 01:40:44] Error: [2] Undefined array key "Description" - C:\Users\jesma\Desktop\inventory_system\yros-main\inventory_system\views\pages\saleslist.php:148
[2025-01-07 01:40:44] Error: [2] Undefined array key "Image" - C:\Users\jesma\Desktop\inventory_system\yros-main\inventory_system\views\pages\saleslist.php:149
[2025-01-07 01:40:44] Error: [2] Undefined array key "Description" - C:\Users\jesma\Desktop\inventory_system\yros-main\inventory_system\views\pages\saleslist.php:148
[2025-01-07 01:40:44] Error: [2] Undefined array key "Image" - C:\Users\jesma\Desktop\inventory_system\yros-main\inventory_system\views\pages\saleslist.php:149
[2025-01-07 01:40:44] Error: [2] Undefined array key "Description" - C:\Users\jesma\Desktop\inventory_system\yros-main\inventory_system\views\pages\saleslist.php:148
[2025-01-07 01:40:44] Error: [2] Undefined array key "Image" - C:\Users\jesma\Desktop\inventory_system\yros-main\inventory_system\views\pages\saleslist.php:149
[2025-01-07 01:40:44] Error: [2] Undefined array key "Description" - C:\Users\jesma\Desktop\inventory_system\yros-main\inventory_system\views\pages\saleslist.php:148
[2025-01-07 01:40:44] Error: [2] Undefined array key "Image" - C:\Users\jesma\Desktop\inventory_system\yros-main\inventory_system\views\pages\saleslist.php:149
[2025-01-07 01:40:44] Error: [2] Undefined array key "Description" - C:\Users\jesma\Desktop\inventory_system\yros-main\inventory_system\views\pages\saleslist.php:148
[2025-01-07 01:40:44] Error: [2] Undefined array key "Image" - C:\Users\jesma\Desktop\inventory_system\yros-main\inventory_system\views\pages\saleslist.php:149
[2025-01-07 01:40:44] Error: [2] Undefined array key "Description" - C:\Users\jesma\Desktop\inventory_system\yros-main\inventory_system\views\pages\saleslist.php:148
[2025-01-07 01:40:44] Error: [2] Undefined array key "Image" - C:\Users\jesma\Desktop\inventory_system\yros-main\inventory_system\views\pages\saleslist.php:149
[2025-01-07 01:40:44] Error: [2] Undefined array key "Description" - C:\Users\jesma\Desktop\inventory_system\yros-main\inventory_system\views\pages\saleslist.php:148
[2025-01-07 01:40:44] Error: [2] Undefined array key "Image" - C:\Users\jesma\Desktop\inventory_system\yros-main\inventory_system\views\pages\saleslist.php:149
[2025-01-07 01:40:44] Error: [2] Undefined array key "Description" - C:\Users\jesma\Desktop\inventory_system\yros-main\inventory_system\views\pages\saleslist.php:148
[2025-01-07 01:40:44] Error: [2] Undefined array key "Image" - C:\Users\jesma\Desktop\inventory_system\yros-main\inventory_system\views\pages\saleslist.php:149
[2025-01-07 01:40:44] Error: [2] Undefined array key "Description" - C:\Users\jesma\Desktop\inventory_system\yros-main\inventory_system\views\pages\saleslist.php:148
[2025-01-07 01:40:44] Error: [2] Undefined array key "Image" - C:\Users\jesma\Desktop\inventory_system\yros-main\inventory_system\views\pages\saleslist.php:149
[2025-01-07 01:40:44] Error: [2] Undefined array key "Description" - C:\Users\jesma\Desktop\inventory_system\yros-main\inventory_system\views\pages\saleslist.php:148
[2025-01-07 01:40:44] Error: [2] Undefined array key "Image" - C:\Users\jesma\Desktop\inventory_system\yros-main\inventory_system\views\pages\saleslist.php:149
[2025-01-07 01:40:44] Error: [2] Undefined array key "Description" - C:\Users\jesma\Desktop\inventory_system\yros-main\inventory_system\views\pages\saleslist.php:148
[2025-01-07 01:40:44] Error: [2] Undefined array key "Image" - C:\Users\jesma\Desktop\inventory_system\yros-main\inventory_system\views\pages\saleslist.php:149
[2025-01-07 01:40:44] Error: [2] Undefined array key "Description" - C:\Users\jesma\Desktop\inventory_system\yros-main\inventory_system\views\pages\saleslist.php:148
[2025-01-07 01:40:44] Error: [2] Undefined array key "Image" - C:\Users\jesma\Desktop\inventory_system\yros-main\inventory_system\views\pages\saleslist.php:149
[2025-01-07 01:40:44] Error: [2] Undefined array key "Description" - C:\Users\jesma\Desktop\inventory_system\yros-main\inventory_system\views\pages\saleslist.php:148
[2025-01-07 01:40:44] Error: [2] Undefined array key "Image" - C:\Users\jesma\Desktop\inventory_system\yros-main\inventory_system\views\pages\saleslist.php:149
[2025-01-07 01:40:44] Error: [2] Undefined array key "Description" - C:\Users\jesma\Desktop\inventory_system\yros-main\inventory_system\views\pages\saleslist.php:148
[2025-01-07 01:40:44] Error: [2] Undefined array key "Image" - C:\Users\jesma\Desktop\inventory_system\yros-main\inventory_system\views\pages\saleslist.php:149
[2025-01-07 01:40:44] Error: [2] Undefined array key "Description" - C:\Users\jesma\Desktop\inventory_system\yros-main\inventory_system\views\pages\saleslist.php:148
[2025-01-07 01:40:44] Error: [2] Undefined array key "Image" - C:\Users\jesma\Desktop\inventory_system\yros-main\inventory_system\views\pages\saleslist.php:149
[2025-01-07 01:43:40] Error: [2] Undefined array key "Description" - C:\Users\jesma\Desktop\inventory_system\yros-main\inventory_system\views\pages\saleslist.php:148
[2025-01-07 01:43:40] Error: [2] Undefined array key "Image" - C:\Users\jesma\Desktop\inventory_system\yros-main\inventory_system\views\pages\saleslist.php:149
[2025-01-07 01:43:40] Error: [2] Undefined array key "Description" - C:\Users\jesma\Desktop\inventory_system\yros-main\inventory_system\views\pages\saleslist.php:148
[2025-01-07 01:43:40] Error: [2] Undefined array key "Image" - C:\Users\jesma\Desktop\inventory_system\yros-main\inventory_system\views\pages\saleslist.php:149
[2025-01-07 01:43:40] Error: [2] Undefined array key "Description" - C:\Users\jesma\Desktop\inventory_system\yros-main\inventory_system\views\pages\saleslist.php:148
[2025-01-07 01:43:40] Error: [2] Undefined array key "Image" - C:\Users\jesma\Desktop\inventory_system\yros-main\inventory_system\views\pages\saleslist.php:149
[2025-01-07 01:43:40] Error: [2] Undefined array key "Description" - C:\Users\jesma\Desktop\inventory_system\yros-main\inventory_system\views\pages\saleslist.php:148
[2025-01-07 01:43:40] Error: [2] Undefined array key "Image" - C:\Users\jesma\Desktop\inventory_system\yros-main\inventory_system\views\pages\saleslist.php:149
[2025-01-07 01:43:40] Error: [2] Undefined array key "Description" - C:\Users\jesma\Desktop\inventory_system\yros-main\inventory_system\views\pages\saleslist.php:148
[2025-01-07 01:43:40] Error: [2] Undefined array key "Image" - C:\Users\jesma\Desktop\inventory_system\yros-main\inventory_system\views\pages\saleslist.php:149
[2025-01-07 01:43:40] Error: [2] Undefined array key "Description" - C:\Users\jesma\Desktop\inventory_system\yros-main\inventory_system\views\pages\saleslist.php:148
[2025-01-07 01:43:40] Error: [2] Undefined array key "Image" - C:\Users\jesma\Desktop\inventory_system\yros-main\inventory_system\views\pages\saleslist.php:149
[2025-01-07 01:43:40] Error: [2] Undefined array key "Description" - C:\Users\jesma\Desktop\inventory_system\yros-main\inventory_system\views\pages\saleslist.php:148
[2025-01-07 01:43:40] Error: [2] Undefined array key "Image" - C:\Users\jesma\Desktop\inventory_system\yros-main\inventory_system\views\pages\saleslist.php:149
[2025-01-07 01:43:40] Error: [2] Undefined array key "Description" - C:\Users\jesma\Desktop\inventory_system\yros-main\inventory_system\views\pages\saleslist.php:148
[2025-01-07 01:43:40] Error: [2] Undefined array key "Image" - C:\Users\jesma\Desktop\inventory_system\yros-main\inventory_system\views\pages\saleslist.php:149
[2025-01-07 01:43:40] Error: [2] Undefined array key "Description" - C:\Users\jesma\Desktop\inventory_system\yros-main\inventory_system\views\pages\saleslist.php:148
[2025-01-07 01:43:40] Error: [2] Undefined array key "Image" - C:\Users\jesma\Desktop\inventory_system\yros-main\inventory_system\views\pages\saleslist.php:149
[2025-01-07 01:43:40] Error: [2] Undefined array key "Description" - C:\Users\jesma\Desktop\inventory_system\yros-main\inventory_system\views\pages\saleslist.php:148
[2025-01-07 01:43:40] Error: [2] Undefined array key "Image" - C:\Users\jesma\Desktop\inventory_system\yros-main\inventory_system\views\pages\saleslist.php:149
[2025-01-07 01:43:40] Error: [2] Undefined array key "Description" - C:\Users\jesma\Desktop\inventory_system\yros-main\inventory_system\views\pages\saleslist.php:148
[2025-01-07 01:43:40] Error: [2] Undefined array key "Image" - C:\Users\jesma\Desktop\inventory_system\yros-main\inventory_system\views\pages\saleslist.php:149
[2025-01-07 01:43:40] Error: [2] Undefined array key "Description" - C:\Users\jesma\Desktop\inventory_system\yros-main\inventory_system\views\pages\saleslist.php:148
[2025-01-07 01:43:40] Error: [2] Undefined array key "Image" - C:\Users\jesma\Desktop\inventory_system\yros-main\inventory_system\views\pages\saleslist.php:149
[2025-01-07 01:43:40] Error: [2] Undefined array key "Description" - C:\Users\jesma\Desktop\inventory_system\yros-main\inventory_system\views\pages\saleslist.php:148
[2025-01-07 01:43:40] Error: [2] Undefined array key "Image" - C:\Users\jesma\Desktop\inventory_system\yros-main\inventory_system\views\pages\saleslist.php:149
[2025-01-07 01:43:40] Error: [2] Undefined array key "Description" - C:\Users\jesma\Desktop\inventory_system\yros-main\inventory_system\views\pages\saleslist.php:148
[2025-01-07 01:43:40] Error: [2] Undefined array key "Image" - C:\Users\jesma\Desktop\inventory_system\yros-main\inventory_system\views\pages\saleslist.php:149
[2025-01-07 01:43:40] Error: [2] Undefined array key "Description" - C:\Users\jesma\Desktop\inventory_system\yros-main\inventory_system\views\pages\saleslist.php:148
[2025-01-07 01:43:40] Error: [2] Undefined array key "Image" - C:\Users\jesma\Desktop\inventory_system\yros-main\inventory_system\views\pages\saleslist.php:149
[2025-01-07 01:43:40] Error: [2] Undefined array key "Description" - C:\Users\jesma\Desktop\inventory_system\yros-main\inventory_system\views\pages\saleslist.php:148
[2025-01-07 01:43:40] Error: [2] Undefined array key "Image" - C:\Users\jesma\Desktop\inventory_system\yros-main\inventory_system\views\pages\saleslist.php:149
[2025-01-07 01:43:40] Error: [2] Undefined array key "Description" - C:\Users\jesma\Desktop\inventory_system\yros-main\inventory_system\views\pages\saleslist.php:148
[2025-01-07 01:43:40] Error: [2] Undefined array key "Image" - C:\Users\jesma\Desktop\inventory_system\yros-main\inventory_system\views\pages\saleslist.php:149
[2025-01-07 01:43:40] Error: [2] Undefined array key "Description" - C:\Users\jesma\Desktop\inventory_system\yros-main\inventory_system\views\pages\saleslist.php:148
[2025-01-07 01:43:40] Error: [2] Undefined array key "Image" - C:\Users\jesma\Desktop\inventory_system\yros-main\inventory_system\views\pages\saleslist.php:149
[2025-01-07 01:43:40] Error: [2] Undefined array key "Description" - C:\Users\jesma\Desktop\inventory_system\yros-main\inventory_system\views\pages\saleslist.php:148
[2025-01-07 01:43:40] Error: [2] Undefined array key "Image" - C:\Users\jesma\Desktop\inventory_system\yros-main\inventory_system\views\pages\saleslist.php:149
[2025-01-07 01:43:40] Error: [2] Undefined array key "Description" - C:\Users\jesma\Desktop\inventory_system\yros-main\inventory_system\views\pages\saleslist.php:148
[2025-01-07 01:43:40] Error: [2] Undefined array key "Image" - C:\Users\jesma\Desktop\inventory_system\yros-main\inventory_system\views\pages\saleslist.php:149
[2025-01-07 01:43:40] Error: [2] Undefined array key "Description" - C:\Users\jesma\Desktop\inventory_system\yros-main\inventory_system\views\pages\saleslist.php:148
[2025-01-07 01:43:40] Error: [2] Undefined array key "Image" - C:\Users\jesma\Desktop\inventory_system\yros-main\inventory_system\views\pages\saleslist.php:149
[2025-01-07 01:43:40] Error: [2] Undefined array key "Description" - C:\Users\jesma\Desktop\inventory_system\yros-main\inventory_system\views\pages\saleslist.php:148
[2025-01-07 01:43:40] Error: [2] Undefined array key "Image" - C:\Users\jesma\Desktop\inventory_system\yros-main\inventory_system\views\pages\saleslist.php:149
[2025-01-07 01:43:40] Error: [2] Undefined array key "Description" - C:\Users\jesma\Desktop\inventory_system\yros-main\inventory_system\views\pages\saleslist.php:148
[2025-01-07 01:43:40] Error: [2] Undefined array key "Image" - C:\Users\jesma\Desktop\inventory_system\yros-main\inventory_system\views\pages\saleslist.php:149
[2025-01-07 01:43:40] Error: [2] Undefined array key "Description" - C:\Users\jesma\Desktop\inventory_system\yros-main\inventory_system\views\pages\saleslist.php:148
[2025-01-07 01:43:40] Error: [2] Undefined array key "Image" - C:\Users\jesma\Desktop\inventory_system\yros-main\inventory_system\views\pages\saleslist.php:149
[2025-01-07 01:43:40] Error: [2] Undefined array key "Description" - C:\Users\jesma\Desktop\inventory_system\yros-main\inventory_system\views\pages\saleslist.php:148
[2025-01-07 01:43:40] Error: [2] Undefined array key "Image" - C:\Users\jesma\Desktop\inventory_system\yros-main\inventory_system\views\pages\saleslist.php:149
[2025-01-07 01:43:40] Error: [2] Undefined array key "Description" - C:\Users\jesma\Desktop\inventory_system\yros-main\inventory_system\views\pages\saleslist.php:148
[2025-01-07 01:43:40] Error: [2] Undefined array key "Image" - C:\Users\jesma\Desktop\inventory_system\yros-main\inventory_system\views\pages\saleslist.php:149
[2025-01-07 01:47:25] Error: [2] Undefined array key "first_row" - C:\Users\jesma\Desktop\inventory_system\yros-main\inventory_system\views\pages\update_inventory.php:49
[2025-01-07 01:47:25] Error: [2] Trying to access array offset on value of type null - C:\Users\jesma\Desktop\inventory_system\yros-main\inventory_system\views\pages\update_inventory.php:52
[2025-01-07 01:47:25] Error: [2] Trying to access array offset on value of type null - C:\Users\jesma\Desktop\inventory_system\yros-main\inventory_system\views\pages\update_inventory.php:53
[2025-01-07 01:47:25] Error: [2] Trying to access array offset on value of type null - C:\Users\jesma\Desktop\inventory_system\yros-main\inventory_system\views\pages\update_inventory.php:54
[2025-01-07 01:47:25] Error: [2] Trying to access array offset on value of type null - C:\Users\jesma\Desktop\inventory_system\yros-main\inventory_system\views\pages\update_inventory.php:55
[2025-01-07 01:50:47] Error: [2] Array to string conversion - C:\Users\jesma\Desktop\inventory_system\yros-main\inventory_system\views\pages\dashboard.php:39
[2025-01-07 01:50:47] Error: [2] Array to string conversion - C:\Users\jesma\Desktop\inventory_system\yros-main\inventory_system\views\pages\dashboard.php:158
[2025-01-07 01:51:03] Error: [2] include(topbar.php): Failed to open stream: No such file or directory - C:\Users\jesma\Desktop\inventory_system\yros-main\inventory_system\views\pages\bulliten.php:12
[2025-01-07 01:51:03] Error: [2] include(): Failed opening 'topbar.php' for inclusion (include_path='C:\xampp\php\PEAR') - C:\Users\jesma\Desktop\inventory_system\yros-main\inventory_system\views\pages\bulliten.php:12
[2025-01-07 01:51:03] Error: [2] include(sidebar.php): Failed to open stream: No such file or directory - C:\Users\jesma\Desktop\inventory_system\yros-main\inventory_system\views\pages\bulliten.php:18
[2025-01-07 01:51:03] Error: [2] include(): Failed opening 'sidebar.php' for inclusion (include_path='C:\xampp\php\PEAR') - C:\Users\jesma\Desktop\inventory_system\yros-main\inventory_system\views\pages\bulliten.php:18
[2025-01-07 01:51:31] Error: [2] include(topbar.php): Failed to open stream: No such file or directory - C:\Users\jesma\Desktop\inventory_system\yros-main\inventory_system\views\pages\bulliten.php:12
[2025-01-07 01:51:31] Error: [2] include(): Failed opening 'topbar.php' for inclusion (include_path='C:\xampp\php\PEAR') - C:\Users\jesma\Desktop\inventory_system\yros-main\inventory_system\views\pages\bulliten.php:12
[2025-01-07 01:51:31] Error: [2] include(sidebar.php): Failed to open stream: No such file or directory - C:\Users\jesma\Desktop\inventory_system\yros-main\inventory_system\views\pages\bulliten.php:18
[2025-01-07 01:51:31] Error: [2] include(): Failed opening 'sidebar.php' for inclusion (include_path='C:\xampp\php\PEAR') - C:\Users\jesma\Desktop\inventory_system\yros-main\inventory_system\views\pages\bulliten.php:18
[2025-01-07 01:51:41] Error: [2] Undefined array key "image" - C:\Users\jesma\Desktop\inventory_system\yros-main\inventory_system\app\system\libraries\file_lib.php:41
[2025-01-07 01:51:41] Error: [2] Trying to access array offset on value of type null - C:\Users\jesma\Desktop\inventory_system\yros-main\inventory_system\app\system\libraries\file_lib.php:41
[2025-01-07 01:51:41] Error: [8192] pathinfo(): Passing null to parameter #1 ($path) of type string is deprecated - C:\Users\jesma\Desktop\inventory_system\yros-main\inventory_system\app\system\libraries\file_lib.php:42
[2025-01-07 01:51:41] Error: [2] Undefined array key "image" - C:\Users\jesma\Desktop\inventory_system\yros-main\inventory_system\app\system\libraries\file_lib.php:31
[2025-01-07 01:51:41] Error: [2] Trying to access array offset on value of type null - C:\Users\jesma\Desktop\inventory_system\yros-main\inventory_system\app\system\libraries\file_lib.php:31
[2025-01-07 01:51:41] Error: [8192] move_uploaded_file(): Passing null to parameter #1 ($from) of type string is deprecated - C:\Users\jesma\Desktop\inventory_system\yros-main\inventory_system\app\system\libraries\file_lib.php:31
[2025-01-07 01:51:41] Error: [2] Undefined array key "image" - C:\Users\jesma\Desktop\inventory_system\yros-main\inventory_system\app\system\libraries\file_lib.php:34
[2025-01-07 01:51:41] Error: [2] Trying to access array offset on value of type null - C:\Users\jesma\Desktop\inventory_system\yros-main\inventory_system\app\system\libraries\file_lib.php:34
[2025-01-07 01:51:41] Error: [2] Undefined array key "image" - C:\Users\jesma\Desktop\inventory_system\yros-main\inventory_system\app\system\libraries\file_lib.php:34
[2025-01-07 01:51:41] Error: [2] Trying to access array offset on value of type null - C:\Users\jesma\Desktop\inventory_system\yros-main\inventory_system\app\system\libraries\file_lib.php:34
[2025-01-07 01:51:41] Error: [2] Array to string conversion - C:\Users\jesma\Desktop\inventory_system\yros-main\inventory_system\views\pages\dashboard.php:39
[2025-01-07 01:51:41] Error: [2] Array to string conversion - C:\Users\jesma\Desktop\inventory_system\yros-main\inventory_system\views\pages\dashboard.php:158
[2025-01-07 01:55:02] Error: [2] Array to string conversion - C:\Users\jesma\Desktop\inventory_system\yros-main\inventory_system\views\pages\dashboard.php:39
[2025-01-07 01:55:02] Error: [2] Array to string conversion - C:\Users\jesma\Desktop\inventory_system\yros-main\inventory_system\views\pages\dashboard.php:158
[2025-01-07 01:55:26] Error: [2] include(topbar.php): Failed to open stream: No such file or directory - C:\Users\jesma\Desktop\inventory_system\yros-main\inventory_system\views\pages\bulliten.php:12
[2025-01-07 01:55:26] Error: [2] include(): Failed opening 'topbar.php' for inclusion (include_path='C:\xampp\php\PEAR') - C:\Users\jesma\Desktop\inventory_system\yros-main\inventory_system\views\pages\bulliten.php:12
[2025-01-07 01:55:26] Error: [2] include(sidebar.php): Failed to open stream: No such file or directory - C:\Users\jesma\Desktop\inventory_system\yros-main\inventory_system\views\pages\bulliten.php:18
[2025-01-07 01:55:26] Error: [2] include(): Failed opening 'sidebar.php' for inclusion (include_path='C:\xampp\php\PEAR') - C:\Users\jesma\Desktop\inventory_system\yros-main\inventory_system\views\pages\bulliten.php:18
[2025-01-07 01:56:23] Error: [2] include(topbar.php): Failed to open stream: No such file or directory - C:\Users\jesma\Desktop\inventory_system\yros-main\inventory_system\views\pages\bulliten.php:12
[2025-01-07 01:56:23] Error: [2] include(): Failed opening 'topbar.php' for inclusion (include_path='C:\xampp\php\PEAR') - C:\Users\jesma\Desktop\inventory_system\yros-main\inventory_system\views\pages\bulliten.php:12
[2025-01-07 01:56:23] Error: [2] include(sidebar.php): Failed to open stream: No such file or directory - C:\Users\jesma\Desktop\inventory_system\yros-main\inventory_system\views\pages\bulliten.php:18
[2025-01-07 01:56:23] Error: [2] include(): Failed opening 'sidebar.php' for inclusion (include_path='C:\xampp\php\PEAR') - C:\Users\jesma\Desktop\inventory_system\yros-main\inventory_system\views\pages\bulliten.php:18
[2025-01-07 01:56:43] Error: [2] include(topbar.php): Failed to open stream: No such file or directory - C:\Users\jesma\Desktop\inventory_system\yros-main\inventory_system\views\pages\bulliten.php:12
[2025-01-07 01:56:43] Error: [2] include(): Failed opening 'topbar.php' for inclusion (include_path='C:\xampp\php\PEAR') - C:\Users\jesma\Desktop\inventory_system\yros-main\inventory_system\views\pages\bulliten.php:12
[2025-01-07 01:56:43] Error: [2] include(sidebar.php): Failed to open stream: No such file or directory - C:\Users\jesma\Desktop\inventory_system\yros-main\inventory_system\views\pages\bulliten.php:18
[2025-01-07 01:56:43] Error: [2] include(): Failed opening 'sidebar.php' for inclusion (include_path='C:\xampp\php\PEAR') - C:\Users\jesma\Desktop\inventory_system\yros-main\inventory_system\views\pages\bulliten.php:18
[2025-01-07 01:57:08] Error: [2] include(topbar.php): Failed to open stream: No such file or directory - C:\Users\jesma\Desktop\inventory_system\yros-main\inventory_system\views\pages\bulliten.php:12
[2025-01-07 01:57:08] Error: [2] include(): Failed opening 'topbar.php' for inclusion (include_path='C:\xampp\php\PEAR') - C:\Users\jesma\Desktop\inventory_system\yros-main\inventory_system\views\pages\bulliten.php:12
[2025-01-07 01:57:08] Error: [2] include(sidebar.php): Failed to open stream: No such file or directory - C:\Users\jesma\Desktop\inventory_system\yros-main\inventory_system\views\pages\bulliten.php:18
[2025-01-07 01:57:08] Error: [2] include(): Failed opening 'sidebar.php' for inclusion (include_path='C:\xampp\php\PEAR') - C:\Users\jesma\Desktop\inventory_system\yros-main\inventory_system\views\pages\bulliten.php:18
[2025-01-07 13:11:58] Error: [2] Array to string conversion - C:\Users\jesma\Desktop\inventory_system\yros-main\inventory_system\views\pages\dashboard.php:39
[2025-01-07 13:11:58] Error: [2] Array to string conversion - C:\Users\jesma\Desktop\inventory_system\yros-main\inventory_system\views\pages\dashboard.php:158
[2025-01-07 13:12:32] Error: [2] Undefined variable $id - C:\Users\jesma\Desktop\inventory_system\yros-main\inventory_system\views\pages\categorylist.php:161
[2025-01-07 13:12:32] Error: [2] Undefined variable $id - C:\Users\jesma\Desktop\inventory_system\yros-main\inventory_system\views\pages\categorylist.php:161
[2025-01-07 13:23:15] Error: [2] include(topbar.php): Failed to open stream: No such file or directory - C:\Users\jesma\Desktop\inventory_system\yros-main\inventory_system\views\pages\bulliten.php:12
[2025-01-07 13:23:15] Error: [2] include(): Failed opening 'topbar.php' for inclusion (include_path='C:\xampp\php\PEAR') - C:\Users\jesma\Desktop\inventory_system\yros-main\inventory_system\views\pages\bulliten.php:12
[2025-01-07 13:23:15] Error: [2] include(sidebar.php): Failed to open stream: No such file or directory - C:\Users\jesma\Desktop\inventory_system\yros-main\inventory_system\views\pages\bulliten.php:18
[2025-01-07 13:23:15] Error: [2] include(): Failed opening 'sidebar.php' for inclusion (include_path='C:\xampp\php\PEAR') - C:\Users\jesma\Desktop\inventory_system\yros-main\inventory_system\views\pages\bulliten.php:18
[2025-01-07 13:23:46] Error: [2] include(topbar.php): Failed to open stream: No such file or directory - C:\Users\jesma\Desktop\inventory_system\yros-main\inventory_system\views\pages\bulliten.php:12
[2025-01-07 13:23:46] Error: [2] include(): Failed opening 'topbar.php' for inclusion (include_path='C:\xampp\php\PEAR') - C:\Users\jesma\Desktop\inventory_system\yros-main\inventory_system\views\pages\bulliten.php:12
[2025-01-07 13:23:46] Error: [2] include(sidebar.php): Failed to open stream: No such file or directory - C:\Users\jesma\Desktop\inventory_system\yros-main\inventory_system\views\pages\bulliten.php:18
[2025-01-07 13:23:46] Error: [2] include(): Failed opening 'sidebar.php' for inclusion (include_path='C:\xampp\php\PEAR') - C:\Users\jesma\Desktop\inventory_system\yros-main\inventory_system\views\pages\bulliten.php:18
[2025-01-07 16:40:53] Error: [2] Array to string conversion - C:\Users\jesma\Desktop\inventory_system\yros-main\inventory_system\views\pages\dashboard.php:39
[2025-01-07 16:40:53] Error: [2] Array to string conversion - C:\Users\jesma\Desktop\inventory_system\yros-main\inventory_system\views\pages\dashboard.php:158
[2025-01-07 17:02:14] Error: [2] Undefined array key "category" - C:\Users\jesma\Desktop\inventory_system\yros-main\inventory_system\views\pages\bulletinlist.php:107
[2025-01-07 17:02:14] Error: [8192] strtolower(): Passing null to parameter #1 ($string) of type string is deprecated - C:\Users\jesma\Desktop\inventory_system\yros-main\inventory_system\views\pages\bulletinlist.php:115
[2025-01-07 17:02:14] Error: [8192] ucfirst(): Passing null to parameter #1 ($string) of type string is deprecated - C:\Users\jesma\Desktop\inventory_system\yros-main\inventory_system\views\pages\bulletinlist.php:116
[2025-01-07 17:02:14] Error: [2] Undefined array key "category" - C:\Users\jesma\Desktop\inventory_system\yros-main\inventory_system\views\pages\bulletinlist.php:107
[2025-01-07 17:02:14] Error: [8192] strtolower(): Passing null to parameter #1 ($string) of type string is deprecated - C:\Users\jesma\Desktop\inventory_system\yros-main\inventory_system\views\pages\bulletinlist.php:115
[2025-01-07 17:02:14] Error: [8192] ucfirst(): Passing null to parameter #1 ($string) of type string is deprecated - C:\Users\jesma\Desktop\inventory_system\yros-main\inventory_system\views\pages\bulletinlist.php:116
[2025-01-07 17:02:14] Error: [2] Undefined array key "category" - C:\Users\jesma\Desktop\inventory_system\yros-main\inventory_system\views\pages\bulletinlist.php:107
[2025-01-07 17:02:14] Error: [8192] strtolower(): Passing null to parameter #1 ($string) of type string is deprecated - C:\Users\jesma\Desktop\inventory_system\yros-main\inventory_system\views\pages\bulletinlist.php:115
[2025-01-07 17:02:14] Error: [8192] ucfirst(): Passing null to parameter #1 ($string) of type string is deprecated - C:\Users\jesma\Desktop\inventory_system\yros-main\inventory_system\views\pages\bulletinlist.php:116
[2025-01-07 17:02:14] Error: [2] Undefined array key "category" - C:\Users\jesma\Desktop\inventory_system\yros-main\inventory_system\views\pages\bulletinlist.php:107
[2025-01-07 17:02:14] Error: [8192] strtolower(): Passing null to parameter #1 ($string) of type string is deprecated - C:\Users\jesma\Desktop\inventory_system\yros-main\inventory_system\views\pages\bulletinlist.php:115
[2025-01-07 17:02:14] Error: [8192] ucfirst(): Passing null to parameter #1 ($string) of type string is deprecated - C:\Users\jesma\Desktop\inventory_system\yros-main\inventory_system\views\pages\bulletinlist.php:116
[2025-01-07 17:02:14] Error: [2] Undefined array key "category" - C:\Users\jesma\Desktop\inventory_system\yros-main\inventory_system\views\pages\bulletinlist.php:107
[2025-01-07 17:02:14] Error: [8192] strtolower(): Passing null to parameter #1 ($string) of type string is deprecated - C:\Users\jesma\Desktop\inventory_system\yros-main\inventory_system\views\pages\bulletinlist.php:115
[2025-01-07 17:02:14] Error: [8192] ucfirst(): Passing null to parameter #1 ($string) of type string is deprecated - C:\Users\jesma\Desktop\inventory_system\yros-main\inventory_system\views\pages\bulletinlist.php:116
[2025-01-07 17:02:14] Error: [2] Undefined array key "category" - C:\Users\jesma\Desktop\inventory_system\yros-main\inventory_system\views\pages\bulletinlist.php:107
[2025-01-07 17:02:14] Error: [8192] strtolower(): Passing null to parameter #1 ($string) of type string is deprecated - C:\Users\jesma\Desktop\inventory_system\yros-main\inventory_system\views\pages\bulletinlist.php:115
[2025-01-07 17:02:14] Error: [8192] ucfirst(): Passing null to parameter #1 ($string) of type string is deprecated - C:\Users\jesma\Desktop\inventory_system\yros-main\inventory_system\views\pages\bulletinlist.php:116
[2025-01-07 17:02:14] Error: [2] Undefined array key "category" - C:\Users\jesma\Desktop\inventory_system\yros-main\inventory_system\views\pages\bulletinlist.php:107
[2025-01-07 17:02:14] Error: [8192] strtolower(): Passing null to parameter #1 ($string) of type string is deprecated - C:\Users\jesma\Desktop\inventory_system\yros-main\inventory_system\views\pages\bulletinlist.php:115
[2025-01-07 17:02:14] Error: [8192] ucfirst(): Passing null to parameter #1 ($string) of type string is deprecated - C:\Users\jesma\Desktop\inventory_system\yros-main\inventory_system\views\pages\bulletinlist.php:116
[2025-01-07 17:02:14] Error: [2] Undefined array key "category" - C:\Users\jesma\Desktop\inventory_system\yros-main\inventory_system\views\pages\bulletinlist.php:107
[2025-01-07 17:02:14] Error: [8192] strtolower(): Passing null to parameter #1 ($string) of type string is deprecated - C:\Users\jesma\Desktop\inventory_system\yros-main\inventory_system\views\pages\bulletinlist.php:115
[2025-01-07 17:02:14] Error: [8192] ucfirst(): Passing null to parameter #1 ($string) of type string is deprecated - C:\Users\jesma\Desktop\inventory_system\yros-main\inventory_system\views\pages\bulletinlist.php:116
[2025-01-07 17:02:14] Error: [2] Undefined array key "category" - C:\Users\jesma\Desktop\inventory_system\yros-main\inventory_system\views\pages\bulletinlist.php:107
[2025-01-07 17:02:14] Error: [8192] strtolower(): Passing null to parameter #1 ($string) of type string is deprecated - C:\Users\jesma\Desktop\inventory_system\yros-main\inventory_system\views\pages\bulletinlist.php:115
[2025-01-07 17:02:14] Error: [8192] ucfirst(): Passing null to parameter #1 ($string) of type string is deprecated - C:\Users\jesma\Desktop\inventory_system\yros-main\inventory_system\views\pages\bulletinlist.php:116
[2025-01-07 17:02:17] Error: [2] Undefined array key "category" - C:\Users\jesma\Desktop\inventory_system\yros-main\inventory_system\views\pages\bulletinlist.php:107
[2025-01-07 17:02:17] Error: [8192] strtolower(): Passing null to parameter #1 ($string) of type string is deprecated - C:\Users\jesma\Desktop\inventory_system\yros-main\inventory_system\views\pages\bulletinlist.php:115
[2025-01-07 17:02:17] Error: [8192] ucfirst(): Passing null to parameter #1 ($string) of type string is deprecated - C:\Users\jesma\Desktop\inventory_system\yros-main\inventory_system\views\pages\bulletinlist.php:116
[2025-01-07 17:02:17] Error: [2] Undefined array key "category" - C:\Users\jesma\Desktop\inventory_system\yros-main\inventory_system\views\pages\bulletinlist.php:107
[2025-01-07 17:02:17] Error: [8192] strtolower(): Passing null to parameter #1 ($string) of type string is deprecated - C:\Users\jesma\Desktop\inventory_system\yros-main\inventory_system\views\pages\bulletinlist.php:115
[2025-01-07 17:02:17] Error: [8192] ucfirst(): Passing null to parameter #1 ($string) of type string is deprecated - C:\Users\jesma\Desktop\inventory_system\yros-main\inventory_system\views\pages\bulletinlist.php:116
[2025-01-07 17:02:17] Error: [2] Undefined array key "category" - C:\Users\jesma\Desktop\inventory_system\yros-main\inventory_system\views\pages\bulletinlist.php:107
[2025-01-07 17:02:17] Error: [8192] strtolower(): Passing null to parameter #1 ($string) of type string is deprecated - C:\Users\jesma\Desktop\inventory_system\yros-main\inventory_system\views\pages\bulletinlist.php:115
[2025-01-07 17:02:17] Error: [8192] ucfirst(): Passing null to parameter #1 ($string) of type string is deprecated - C:\Users\jesma\Desktop\inventory_system\yros-main\inventory_system\views\pages\bulletinlist.php:116
[2025-01-07 17:02:17] Error: [2] Undefined array key "category" - C:\Users\jesma\Desktop\inventory_system\yros-main\inventory_system\views\pages\bulletinlist.php:107
[2025-01-07 17:02:17] Error: [8192] strtolower(): Passing null to parameter #1 ($string) of type string is deprecated - C:\Users\jesma\Desktop\inventory_system\yros-main\inventory_system\views\pages\bulletinlist.php:115
[2025-01-07 17:02:17] Error: [8192] ucfirst(): Passing null to parameter #1 ($string) of type string is deprecated - C:\Users\jesma\Desktop\inventory_system\yros-main\inventory_system\views\pages\bulletinlist.php:116
[2025-01-07 17:02:17] Error: [2] Undefined array key "category" - C:\Users\jesma\Desktop\inventory_system\yros-main\inventory_system\views\pages\bulletinlist.php:107
[2025-01-07 17:02:17] Error: [8192] strtolower(): Passing null to parameter #1 ($string) of type string is deprecated - C:\Users\jesma\Desktop\inventory_system\yros-main\inventory_system\views\pages\bulletinlist.php:115
[2025-01-07 17:02:17] Error: [8192] ucfirst(): Passing null to parameter #1 ($string) of type string is deprecated - C:\Users\jesma\Desktop\inventory_system\yros-main\inventory_system\views\pages\bulletinlist.php:116
[2025-01-07 17:02:17] Error: [2] Undefined array key "category" - C:\Users\jesma\Desktop\inventory_system\yros-main\inventory_system\views\pages\bulletinlist.php:107
[2025-01-07 17:02:17] Error: [8192] strtolower(): Passing null to parameter #1 ($string) of type string is deprecated - C:\Users\jesma\Desktop\inventory_system\yros-main\inventory_system\views\pages\bulletinlist.php:115
[2025-01-07 17:02:17] Error: [8192] ucfirst(): Passing null to parameter #1 ($string) of type string is deprecated - C:\Users\jesma\Desktop\inventory_system\yros-main\inventory_system\views\pages\bulletinlist.php:116
[2025-01-07 17:02:17] Error: [2] Undefined array key "category" - C:\Users\jesma\Desktop\inventory_system\yros-main\inventory_system\views\pages\bulletinlist.php:107
[2025-01-07 17:02:17] Error: [8192] strtolower(): Passing null to parameter #1 ($string) of type string is deprecated - C:\Users\jesma\Desktop\inventory_system\yros-main\inventory_system\views\pages\bulletinlist.php:115
[2025-01-07 17:02:17] Error: [8192] ucfirst(): Passing null to parameter #1 ($string) of type string is deprecated - C:\Users\jesma\Desktop\inventory_system\yros-main\inventory_system\views\pages\bulletinlist.php:116
[2025-01-07 17:02:17] Error: [2] Undefined array key "category" - C:\Users\jesma\Desktop\inventory_system\yros-main\inventory_system\views\pages\bulletinlist.php:107
[2025-01-07 17:02:17] Error: [8192] strtolower(): Passing null to parameter #1 ($string) of type string is deprecated - C:\Users\jesma\Desktop\inventory_system\yros-main\inventory_system\views\pages\bulletinlist.php:115
[2025-01-07 17:02:17] Error: [8192] ucfirst(): Passing null to parameter #1 ($string) of type string is deprecated - C:\Users\jesma\Desktop\inventory_system\yros-main\inventory_system\views\pages\bulletinlist.php:116
[2025-01-07 17:02:17] Error: [2] Undefined array key "category" - C:\Users\jesma\Desktop\inventory_system\yros-main\inventory_system\views\pages\bulletinlist.php:107
[2025-01-07 17:02:18] Error: [8192] strtolower(): Passing null to parameter #1 ($string) of type string is deprecated - C:\Users\jesma\Desktop\inventory_system\yros-main\inventory_system\views\pages\bulletinlist.php:115
[2025-01-07 17:02:18] Error: [8192] ucfirst(): Passing null to parameter #1 ($string) of type string is deprecated - C:\Users\jesma\Desktop\inventory_system\yros-main\inventory_system\views\pages\bulletinlist.php:116
