[2025-01-06 01:46:03] Error: [2] Array to string conversion - C:\Users\jesma\Desktop\inventory_system\yros-main\inventory_system\views\pages\dashboard.php:39
[2025-01-06 01:46:03] Error: [2] Array to string conversion - C:\Users\jesma\Desktop\inventory_system\yros-main\inventory_system\views\pages\dashboard.php:158
[2025-01-06 02:02:57] Error: [2] Undefined variable $id - C:\Users\jesma\Desktop\inventory_system\yros-main\inventory_system\views\pages\categorylist.php:161
[2025-01-06 02:02:57] Error: [2] Undefined variable $id - C:\Users\jesma\Desktop\inventory_system\yros-main\inventory_system\views\pages\categorylist.php:161
[2025-01-06 02:05:48] Error: [2] Array to string conversion - C:\Users\jesma\Desktop\inventory_system\yros-main\inventory_system\views\pages\dashboard.php:39
[2025-01-06 02:05:48] Error: [2] Array to string conversion - C:\Users\jesma\Desktop\inventory_system\yros-main\inventory_system\views\pages\dashboard.php:158
[2025-01-06 02:08:20] Error: [2] Undefined variable $tax - C:\Users\jesma\Desktop\inventory_system\yros-main\inventory_system\views\pages\checkout.php:605
[2025-01-06 02:08:33] Error: [2] Undefined array key "Product_id" - C:\Users\jesma\Desktop\inventory_system\yros-main\inventory_system\views\pages\checkout.php:537
[2025-01-06 02:08:33] Error: [2] Undefined array key "satatus" - C:\Users\jesma\Desktop\inventory_system\yros-main\inventory_system\views\pages\checkout.php:539
[2025-01-06 02:08:33] Error: [2] Undefined variable $tax - C:\Users\jesma\Desktop\inventory_system\yros-main\inventory_system\views\pages\checkout.php:605
[2025-01-06 02:08:59] Error: [2] Undefined array key "Product_id" - C:\Users\jesma\Desktop\inventory_system\yros-main\inventory_system\views\pages\checkout.php:537
[2025-01-06 02:08:59] Error: [2] Undefined array key "satatus" - C:\Users\jesma\Desktop\inventory_system\yros-main\inventory_system\views\pages\checkout.php:539
[2025-01-06 02:08:59] Error: [2] Undefined variable $tax - C:\Users\jesma\Desktop\inventory_system\yros-main\inventory_system\views\pages\checkout.php:605
[2025-01-06 02:09:10] Error: [2] Array to string conversion - C:\Users\jesma\Desktop\inventory_system\yros-main\inventory_system\views\pages\dashboard.php:39
[2025-01-06 02:09:10] Error: [2] Array to string conversion - C:\Users\jesma\Desktop\inventory_system\yros-main\inventory_system\views\pages\dashboard.php:158
[2025-01-06 02:10:20] Error: [2] Undefined variable $id - C:\Users\jesma\Desktop\inventory_system\yros-main\inventory_system\views\pages\categorylist.php:161
[2025-01-06 02:10:20] Error: [2] Undefined variable $id - C:\Users\jesma\Desktop\inventory_system\yros-main\inventory_system\views\pages\categorylist.php:161
[2025-01-06 02:10:29] Error: [2] Undefined array key "Description" - C:\Users\jesma\Desktop\inventory_system\yros-main\inventory_system\views\pages\saleslist.php:148
[2025-01-06 02:10:29] Error: [2] Undefined array key "Image" - C:\Users\jesma\Desktop\inventory_system\yros-main\inventory_system\views\pages\saleslist.php:149
[2025-01-06 02:10:29] Error: [2] Undefined array key "Description" - C:\Users\jesma\Desktop\inventory_system\yros-main\inventory_system\views\pages\saleslist.php:148
[2025-01-06 02:10:29] Error: [2] Undefined array key "Image" - C:\Users\jesma\Desktop\inventory_system\yros-main\inventory_system\views\pages\saleslist.php:149
[2025-01-06 02:10:29] Error: [2] Undefined array key "Description" - C:\Users\jesma\Desktop\inventory_system\yros-main\inventory_system\views\pages\saleslist.php:148
[2025-01-06 02:10:29] Error: [2] Undefined array key "Image" - C:\Users\jesma\Desktop\inventory_system\yros-main\inventory_system\views\pages\saleslist.php:149
[2025-01-06 02:10:29] Error: [2] Undefined array key "Description" - C:\Users\jesma\Desktop\inventory_system\yros-main\inventory_system\views\pages\saleslist.php:148
[2025-01-06 02:10:29] Error: [2] Undefined array key "Image" - C:\Users\jesma\Desktop\inventory_system\yros-main\inventory_system\views\pages\saleslist.php:149
[2025-01-06 02:10:29] Error: [2] Undefined array key "Description" - C:\Users\jesma\Desktop\inventory_system\yros-main\inventory_system\views\pages\saleslist.php:148
[2025-01-06 02:10:29] Error: [2] Undefined array key "Image" - C:\Users\jesma\Desktop\inventory_system\yros-main\inventory_system\views\pages\saleslist.php:149
[2025-01-06 02:10:29] Error: [2] Undefined array key "Description" - C:\Users\jesma\Desktop\inventory_system\yros-main\inventory_system\views\pages\saleslist.php:148
[2025-01-06 02:10:29] Error: [2] Undefined array key "Image" - C:\Users\jesma\Desktop\inventory_system\yros-main\inventory_system\views\pages\saleslist.php:149
[2025-01-06 02:10:29] Error: [2] Undefined array key "Description" - C:\Users\jesma\Desktop\inventory_system\yros-main\inventory_system\views\pages\saleslist.php:148
[2025-01-06 02:10:29] Error: [2] Undefined array key "Image" - C:\Users\jesma\Desktop\inventory_system\yros-main\inventory_system\views\pages\saleslist.php:149
[2025-01-06 02:10:29] Error: [2] Undefined array key "Description" - C:\Users\jesma\Desktop\inventory_system\yros-main\inventory_system\views\pages\saleslist.php:148
[2025-01-06 02:10:29] Error: [2] Undefined array key "Image" - C:\Users\jesma\Desktop\inventory_system\yros-main\inventory_system\views\pages\saleslist.php:149
[2025-01-06 02:10:29] Error: [2] Undefined array key "Description" - C:\Users\jesma\Desktop\inventory_system\yros-main\inventory_system\views\pages\saleslist.php:148
[2025-01-06 02:10:29] Error: [2] Undefined array key "Image" - C:\Users\jesma\Desktop\inventory_system\yros-main\inventory_system\views\pages\saleslist.php:149
[2025-01-06 02:10:29] Error: [2] Undefined array key "Description" - C:\Users\jesma\Desktop\inventory_system\yros-main\inventory_system\views\pages\saleslist.php:148
[2025-01-06 02:10:29] Error: [2] Undefined array key "Image" - C:\Users\jesma\Desktop\inventory_system\yros-main\inventory_system\views\pages\saleslist.php:149
[2025-01-06 02:10:29] Error: [2] Undefined array key "Description" - C:\Users\jesma\Desktop\inventory_system\yros-main\inventory_system\views\pages\saleslist.php:148
[2025-01-06 02:10:29] Error: [2] Undefined array key "Image" - C:\Users\jesma\Desktop\inventory_system\yros-main\inventory_system\views\pages\saleslist.php:149
[2025-01-06 02:10:29] Error: [2] Undefined array key "Description" - C:\Users\jesma\Desktop\inventory_system\yros-main\inventory_system\views\pages\saleslist.php:148
[2025-01-06 02:10:29] Error: [2] Undefined array key "Image" - C:\Users\jesma\Desktop\inventory_system\yros-main\inventory_system\views\pages\saleslist.php:149
[2025-01-06 02:10:29] Error: [2] Undefined array key "Description" - C:\Users\jesma\Desktop\inventory_system\yros-main\inventory_system\views\pages\saleslist.php:148
[2025-01-06 02:10:29] Error: [2] Undefined array key "Image" - C:\Users\jesma\Desktop\inventory_system\yros-main\inventory_system\views\pages\saleslist.php:149
[2025-01-06 02:10:29] Error: [2] Undefined array key "Description" - C:\Users\jesma\Desktop\inventory_system\yros-main\inventory_system\views\pages\saleslist.php:148
[2025-01-06 02:10:29] Error: [2] Undefined array key "Image" - C:\Users\jesma\Desktop\inventory_system\yros-main\inventory_system\views\pages\saleslist.php:149
[2025-01-06 02:10:29] Error: [2] Undefined array key "Description" - C:\Users\jesma\Desktop\inventory_system\yros-main\inventory_system\views\pages\saleslist.php:148
[2025-01-06 02:10:29] Error: [2] Undefined array key "Image" - C:\Users\jesma\Desktop\inventory_system\yros-main\inventory_system\views\pages\saleslist.php:149
[2025-01-06 02:10:29] Error: [2] Undefined array key "Description" - C:\Users\jesma\Desktop\inventory_system\yros-main\inventory_system\views\pages\saleslist.php:148
[2025-01-06 02:10:29] Error: [2] Undefined array key "Image" - C:\Users\jesma\Desktop\inventory_system\yros-main\inventory_system\views\pages\saleslist.php:149
[2025-01-06 02:10:29] Error: [2] Undefined array key "Description" - C:\Users\jesma\Desktop\inventory_system\yros-main\inventory_system\views\pages\saleslist.php:148
[2025-01-06 02:10:29] Error: [2] Undefined array key "Image" - C:\Users\jesma\Desktop\inventory_system\yros-main\inventory_system\views\pages\saleslist.php:149
[2025-01-06 02:10:29] Error: [2] Undefined array key "Description" - C:\Users\jesma\Desktop\inventory_system\yros-main\inventory_system\views\pages\saleslist.php:148
[2025-01-06 02:10:29] Error: [2] Undefined array key "Image" - C:\Users\jesma\Desktop\inventory_system\yros-main\inventory_system\views\pages\saleslist.php:149
[2025-01-06 02:10:29] Error: [2] Undefined array key "Description" - C:\Users\jesma\Desktop\inventory_system\yros-main\inventory_system\views\pages\saleslist.php:148
[2025-01-06 02:10:29] Error: [2] Undefined array key "Image" - C:\Users\jesma\Desktop\inventory_system\yros-main\inventory_system\views\pages\saleslist.php:149
[2025-01-06 02:10:29] Error: [2] Undefined array key "Description" - C:\Users\jesma\Desktop\inventory_system\yros-main\inventory_system\views\pages\saleslist.php:148
[2025-01-06 02:10:29] Error: [2] Undefined array key "Image" - C:\Users\jesma\Desktop\inventory_system\yros-main\inventory_system\views\pages\saleslist.php:149
[2025-01-06 02:10:29] Error: [2] Undefined array key "Description" - C:\Users\jesma\Desktop\inventory_system\yros-main\inventory_system\views\pages\saleslist.php:148
[2025-01-06 02:10:29] Error: [2] Undefined array key "Image" - C:\Users\jesma\Desktop\inventory_system\yros-main\inventory_system\views\pages\saleslist.php:149
[2025-01-06 02:10:29] Error: [2] Undefined array key "Description" - C:\Users\jesma\Desktop\inventory_system\yros-main\inventory_system\views\pages\saleslist.php:148
[2025-01-06 02:10:29] Error: [2] Undefined array key "Image" - C:\Users\jesma\Desktop\inventory_system\yros-main\inventory_system\views\pages\saleslist.php:149
[2025-01-06 02:10:29] Error: [2] Undefined array key "Description" - C:\Users\jesma\Desktop\inventory_system\yros-main\inventory_system\views\pages\saleslist.php:148
[2025-01-06 02:10:29] Error: [2] Undefined array key "Image" - C:\Users\jesma\Desktop\inventory_system\yros-main\inventory_system\views\pages\saleslist.php:149
[2025-01-06 02:10:33] Error: [2] Undefined array key "Product_id" - C:\Users\jesma\Desktop\inventory_system\yros-main\inventory_system\views\pages\checkout.php:537
[2025-01-06 02:10:33] Error: [2] Undefined array key "satatus" - C:\Users\jesma\Desktop\inventory_system\yros-main\inventory_system\views\pages\checkout.php:539
[2025-01-06 02:10:33] Error: [2] Undefined variable $tax - C:\Users\jesma\Desktop\inventory_system\yros-main\inventory_system\views\pages\checkout.php:605
[2025-01-06 02:11:06] Error: [2] Undefined variable $tax - C:\Users\jesma\Desktop\inventory_system\yros-main\inventory_system\views\pages\checkout.php:605
[2025-01-06 02:11:39] Error: [2] Undefined array key "Description" - C:\Users\jesma\Desktop\inventory_system\yros-main\inventory_system\views\pages\saleslist.php:148
[2025-01-06 02:11:39] Error: [2] Undefined array key "Image" - C:\Users\jesma\Desktop\inventory_system\yros-main\inventory_system\views\pages\saleslist.php:149
[2025-01-06 02:11:39] Error: [2] Undefined array key "Description" - C:\Users\jesma\Desktop\inventory_system\yros-main\inventory_system\views\pages\saleslist.php:148
[2025-01-06 02:11:39] Error: [2] Undefined array key "Image" - C:\Users\jesma\Desktop\inventory_system\yros-main\inventory_system\views\pages\saleslist.php:149
[2025-01-06 02:11:39] Error: [2] Undefined array key "Description" - C:\Users\jesma\Desktop\inventory_system\yros-main\inventory_system\views\pages\saleslist.php:148
[2025-01-06 02:11:39] Error: [2] Undefined array key "Image" - C:\Users\jesma\Desktop\inventory_system\yros-main\inventory_system\views\pages\saleslist.php:149
[2025-01-06 02:11:39] Error: [2] Undefined array key "Description" - C:\Users\jesma\Desktop\inventory_system\yros-main\inventory_system\views\pages\saleslist.php:148
[2025-01-06 02:11:39] Error: [2] Undefined array key "Image" - C:\Users\jesma\Desktop\inventory_system\yros-main\inventory_system\views\pages\saleslist.php:149
[2025-01-06 02:11:39] Error: [2] Undefined array key "Description" - C:\Users\jesma\Desktop\inventory_system\yros-main\inventory_system\views\pages\saleslist.php:148
[2025-01-06 02:11:39] Error: [2] Undefined array key "Image" - C:\Users\jesma\Desktop\inventory_system\yros-main\inventory_system\views\pages\saleslist.php:149
[2025-01-06 02:11:39] Error: [2] Undefined array key "Description" - C:\Users\jesma\Desktop\inventory_system\yros-main\inventory_system\views\pages\saleslist.php:148
[2025-01-06 02:11:39] Error: [2] Undefined array key "Image" - C:\Users\jesma\Desktop\inventory_system\yros-main\inventory_system\views\pages\saleslist.php:149
[2025-01-06 02:11:39] Error: [2] Undefined array key "Description" - C:\Users\jesma\Desktop\inventory_system\yros-main\inventory_system\views\pages\saleslist.php:148
[2025-01-06 02:11:39] Error: [2] Undefined array key "Image" - C:\Users\jesma\Desktop\inventory_system\yros-main\inventory_system\views\pages\saleslist.php:149
[2025-01-06 02:11:39] Error: [2] Undefined array key "Description" - C:\Users\jesma\Desktop\inventory_system\yros-main\inventory_system\views\pages\saleslist.php:148
[2025-01-06 02:11:39] Error: [2] Undefined array key "Image" - C:\Users\jesma\Desktop\inventory_system\yros-main\inventory_system\views\pages\saleslist.php:149
[2025-01-06 02:11:39] Error: [2] Undefined array key "Description" - C:\Users\jesma\Desktop\inventory_system\yros-main\inventory_system\views\pages\saleslist.php:148
[2025-01-06 02:11:39] Error: [2] Undefined array key "Image" - C:\Users\jesma\Desktop\inventory_system\yros-main\inventory_system\views\pages\saleslist.php:149
[2025-01-06 02:11:39] Error: [2] Undefined array key "Description" - C:\Users\jesma\Desktop\inventory_system\yros-main\inventory_system\views\pages\saleslist.php:148
[2025-01-06 02:11:39] Error: [2] Undefined array key "Image" - C:\Users\jesma\Desktop\inventory_system\yros-main\inventory_system\views\pages\saleslist.php:149
[2025-01-06 02:11:39] Error: [2] Undefined array key "Description" - C:\Users\jesma\Desktop\inventory_system\yros-main\inventory_system\views\pages\saleslist.php:148
[2025-01-06 02:11:39] Error: [2] Undefined array key "Image" - C:\Users\jesma\Desktop\inventory_system\yros-main\inventory_system\views\pages\saleslist.php:149
[2025-01-06 02:11:39] Error: [2] Undefined array key "Description" - C:\Users\jesma\Desktop\inventory_system\yros-main\inventory_system\views\pages\saleslist.php:148
[2025-01-06 02:11:39] Error: [2] Undefined array key "Image" - C:\Users\jesma\Desktop\inventory_system\yros-main\inventory_system\views\pages\saleslist.php:149
[2025-01-06 02:11:39] Error: [2] Undefined array key "Description" - C:\Users\jesma\Desktop\inventory_system\yros-main\inventory_system\views\pages\saleslist.php:148
[2025-01-06 02:11:39] Error: [2] Undefined array key "Image" - C:\Users\jesma\Desktop\inventory_system\yros-main\inventory_system\views\pages\saleslist.php:149
[2025-01-06 02:11:39] Error: [2] Undefined array key "Description" - C:\Users\jesma\Desktop\inventory_system\yros-main\inventory_system\views\pages\saleslist.php:148
[2025-01-06 02:11:39] Error: [2] Undefined array key "Image" - C:\Users\jesma\Desktop\inventory_system\yros-main\inventory_system\views\pages\saleslist.php:149
[2025-01-06 02:11:39] Error: [2] Undefined array key "Description" - C:\Users\jesma\Desktop\inventory_system\yros-main\inventory_system\views\pages\saleslist.php:148
[2025-01-06 02:11:39] Error: [2] Undefined array key "Image" - C:\Users\jesma\Desktop\inventory_system\yros-main\inventory_system\views\pages\saleslist.php:149
[2025-01-06 02:11:39] Error: [2] Undefined array key "Description" - C:\Users\jesma\Desktop\inventory_system\yros-main\inventory_system\views\pages\saleslist.php:148
[2025-01-06 02:11:39] Error: [2] Undefined array key "Image" - C:\Users\jesma\Desktop\inventory_system\yros-main\inventory_system\views\pages\saleslist.php:149
[2025-01-06 02:11:39] Error: [2] Undefined array key "Description" - C:\Users\jesma\Desktop\inventory_system\yros-main\inventory_system\views\pages\saleslist.php:148
[2025-01-06 02:11:39] Error: [2] Undefined array key "Image" - C:\Users\jesma\Desktop\inventory_system\yros-main\inventory_system\views\pages\saleslist.php:149
[2025-01-06 02:11:39] Error: [2] Undefined array key "Description" - C:\Users\jesma\Desktop\inventory_system\yros-main\inventory_system\views\pages\saleslist.php:148
[2025-01-06 02:11:39] Error: [2] Undefined array key "Image" - C:\Users\jesma\Desktop\inventory_system\yros-main\inventory_system\views\pages\saleslist.php:149
[2025-01-06 02:11:39] Error: [2] Undefined array key "Description" - C:\Users\jesma\Desktop\inventory_system\yros-main\inventory_system\views\pages\saleslist.php:148
[2025-01-06 02:11:39] Error: [2] Undefined array key "Image" - C:\Users\jesma\Desktop\inventory_system\yros-main\inventory_system\views\pages\saleslist.php:149
[2025-01-06 02:11:39] Error: [2] Undefined array key "Description" - C:\Users\jesma\Desktop\inventory_system\yros-main\inventory_system\views\pages\saleslist.php:148
[2025-01-06 02:11:39] Error: [2] Undefined array key "Image" - C:\Users\jesma\Desktop\inventory_system\yros-main\inventory_system\views\pages\saleslist.php:149
[2025-01-06 02:11:39] Error: [2] Undefined array key "Description" - C:\Users\jesma\Desktop\inventory_system\yros-main\inventory_system\views\pages\saleslist.php:148
[2025-01-06 02:11:39] Error: [2] Undefined array key "Image" - C:\Users\jesma\Desktop\inventory_system\yros-main\inventory_system\views\pages\saleslist.php:149
[2025-01-06 02:11:39] Error: [2] Undefined array key "Description" - C:\Users\jesma\Desktop\inventory_system\yros-main\inventory_system\views\pages\saleslist.php:148
[2025-01-06 02:11:39] Error: [2] Undefined array key "Image" - C:\Users\jesma\Desktop\inventory_system\yros-main\inventory_system\views\pages\saleslist.php:149
[2025-01-06 02:11:39] Error: [2] Undefined array key "Description" - C:\Users\jesma\Desktop\inventory_system\yros-main\inventory_system\views\pages\saleslist.php:148
[2025-01-06 02:11:39] Error: [2] Undefined array key "Image" - C:\Users\jesma\Desktop\inventory_system\yros-main\inventory_system\views\pages\saleslist.php:149
[2025-01-06 02:11:39] Error: [2] Undefined array key "Description" - C:\Users\jesma\Desktop\inventory_system\yros-main\inventory_system\views\pages\saleslist.php:148
[2025-01-06 02:11:39] Error: [2] Undefined array key "Image" - C:\Users\jesma\Desktop\inventory_system\yros-main\inventory_system\views\pages\saleslist.php:149
[2025-01-06 02:12:09] Error: [2] Undefined array key "Description" - C:\Users\jesma\Desktop\inventory_system\yros-main\inventory_system\views\pages\saleslist.php:148
[2025-01-06 02:12:09] Error: [2] Undefined array key "Image" - C:\Users\jesma\Desktop\inventory_system\yros-main\inventory_system\views\pages\saleslist.php:149
[2025-01-06 02:12:09] Error: [2] Undefined array key "Description" - C:\Users\jesma\Desktop\inventory_system\yros-main\inventory_system\views\pages\saleslist.php:148
[2025-01-06 02:12:09] Error: [2] Undefined array key "Image" - C:\Users\jesma\Desktop\inventory_system\yros-main\inventory_system\views\pages\saleslist.php:149
[2025-01-06 02:12:09] Error: [2] Undefined array key "Description" - C:\Users\jesma\Desktop\inventory_system\yros-main\inventory_system\views\pages\saleslist.php:148
[2025-01-06 02:12:09] Error: [2] Undefined array key "Image" - C:\Users\jesma\Desktop\inventory_system\yros-main\inventory_system\views\pages\saleslist.php:149
[2025-01-06 02:12:09] Error: [2] Undefined array key "Description" - C:\Users\jesma\Desktop\inventory_system\yros-main\inventory_system\views\pages\saleslist.php:148
[2025-01-06 02:12:09] Error: [2] Undefined array key "Image" - C:\Users\jesma\Desktop\inventory_system\yros-main\inventory_system\views\pages\saleslist.php:149
[2025-01-06 02:12:09] Error: [2] Undefined array key "Description" - C:\Users\jesma\Desktop\inventory_system\yros-main\inventory_system\views\pages\saleslist.php:148
[2025-01-06 02:12:09] Error: [2] Undefined array key "Image" - C:\Users\jesma\Desktop\inventory_system\yros-main\inventory_system\views\pages\saleslist.php:149
[2025-01-06 02:12:09] Error: [2] Undefined array key "Description" - C:\Users\jesma\Desktop\inventory_system\yros-main\inventory_system\views\pages\saleslist.php:148
[2025-01-06 02:12:09] Error: [2] Undefined array key "Image" - C:\Users\jesma\Desktop\inventory_system\yros-main\inventory_system\views\pages\saleslist.php:149
[2025-01-06 02:12:09] Error: [2] Undefined array key "Description" - C:\Users\jesma\Desktop\inventory_system\yros-main\inventory_system\views\pages\saleslist.php:148
[2025-01-06 02:12:09] Error: [2] Undefined array key "Image" - C:\Users\jesma\Desktop\inventory_system\yros-main\inventory_system\views\pages\saleslist.php:149
[2025-01-06 02:12:09] Error: [2] Undefined array key "Description" - C:\Users\jesma\Desktop\inventory_system\yros-main\inventory_system\views\pages\saleslist.php:148
[2025-01-06 02:12:09] Error: [2] Undefined array key "Image" - C:\Users\jesma\Desktop\inventory_system\yros-main\inventory_system\views\pages\saleslist.php:149
[2025-01-06 02:12:09] Error: [2] Undefined array key "Description" - C:\Users\jesma\Desktop\inventory_system\yros-main\inventory_system\views\pages\saleslist.php:148
[2025-01-06 02:12:09] Error: [2] Undefined array key "Image" - C:\Users\jesma\Desktop\inventory_system\yros-main\inventory_system\views\pages\saleslist.php:149
[2025-01-06 02:12:09] Error: [2] Undefined array key "Description" - C:\Users\jesma\Desktop\inventory_system\yros-main\inventory_system\views\pages\saleslist.php:148
[2025-01-06 02:12:09] Error: [2] Undefined array key "Image" - C:\Users\jesma\Desktop\inventory_system\yros-main\inventory_system\views\pages\saleslist.php:149
[2025-01-06 02:12:09] Error: [2] Undefined array key "Description" - C:\Users\jesma\Desktop\inventory_system\yros-main\inventory_system\views\pages\saleslist.php:148
[2025-01-06 02:12:09] Error: [2] Undefined array key "Image" - C:\Users\jesma\Desktop\inventory_system\yros-main\inventory_system\views\pages\saleslist.php:149
[2025-01-06 02:12:09] Error: [2] Undefined array key "Description" - C:\Users\jesma\Desktop\inventory_system\yros-main\inventory_system\views\pages\saleslist.php:148
[2025-01-06 02:12:09] Error: [2] Undefined array key "Image" - C:\Users\jesma\Desktop\inventory_system\yros-main\inventory_system\views\pages\saleslist.php:149
[2025-01-06 02:12:09] Error: [2] Undefined array key "Description" - C:\Users\jesma\Desktop\inventory_system\yros-main\inventory_system\views\pages\saleslist.php:148
[2025-01-06 02:12:09] Error: [2] Undefined array key "Image" - C:\Users\jesma\Desktop\inventory_system\yros-main\inventory_system\views\pages\saleslist.php:149
[2025-01-06 02:12:09] Error: [2] Undefined array key "Description" - C:\Users\jesma\Desktop\inventory_system\yros-main\inventory_system\views\pages\saleslist.php:148
[2025-01-06 02:12:09] Error: [2] Undefined array key "Image" - C:\Users\jesma\Desktop\inventory_system\yros-main\inventory_system\views\pages\saleslist.php:149
[2025-01-06 02:12:09] Error: [2] Undefined array key "Description" - C:\Users\jesma\Desktop\inventory_system\yros-main\inventory_system\views\pages\saleslist.php:148
[2025-01-06 02:12:09] Error: [2] Undefined array key "Image" - C:\Users\jesma\Desktop\inventory_system\yros-main\inventory_system\views\pages\saleslist.php:149
[2025-01-06 02:12:09] Error: [2] Undefined array key "Description" - C:\Users\jesma\Desktop\inventory_system\yros-main\inventory_system\views\pages\saleslist.php:148
[2025-01-06 02:12:09] Error: [2] Undefined array key "Image" - C:\Users\jesma\Desktop\inventory_system\yros-main\inventory_system\views\pages\saleslist.php:149
[2025-01-06 02:12:09] Error: [2] Undefined array key "Description" - C:\Users\jesma\Desktop\inventory_system\yros-main\inventory_system\views\pages\saleslist.php:148
[2025-01-06 02:12:09] Error: [2] Undefined array key "Image" - C:\Users\jesma\Desktop\inventory_system\yros-main\inventory_system\views\pages\saleslist.php:149
[2025-01-06 02:12:09] Error: [2] Undefined array key "Description" - C:\Users\jesma\Desktop\inventory_system\yros-main\inventory_system\views\pages\saleslist.php:148
[2025-01-06 02:12:09] Error: [2] Undefined array key "Image" - C:\Users\jesma\Desktop\inventory_system\yros-main\inventory_system\views\pages\saleslist.php:149
[2025-01-06 02:12:09] Error: [2] Undefined array key "Description" - C:\Users\jesma\Desktop\inventory_system\yros-main\inventory_system\views\pages\saleslist.php:148
[2025-01-06 02:12:09] Error: [2] Undefined array key "Image" - C:\Users\jesma\Desktop\inventory_system\yros-main\inventory_system\views\pages\saleslist.php:149
[2025-01-06 02:12:09] Error: [2] Undefined array key "Description" - C:\Users\jesma\Desktop\inventory_system\yros-main\inventory_system\views\pages\saleslist.php:148
[2025-01-06 02:12:09] Error: [2] Undefined array key "Image" - C:\Users\jesma\Desktop\inventory_system\yros-main\inventory_system\views\pages\saleslist.php:149
[2025-01-06 02:12:09] Error: [2] Undefined array key "Description" - C:\Users\jesma\Desktop\inventory_system\yros-main\inventory_system\views\pages\saleslist.php:148
[2025-01-06 02:12:09] Error: [2] Undefined array key "Image" - C:\Users\jesma\Desktop\inventory_system\yros-main\inventory_system\views\pages\saleslist.php:149
[2025-01-06 02:12:09] Error: [2] Undefined array key "Description" - C:\Users\jesma\Desktop\inventory_system\yros-main\inventory_system\views\pages\saleslist.php:148
[2025-01-06 02:12:09] Error: [2] Undefined array key "Image" - C:\Users\jesma\Desktop\inventory_system\yros-main\inventory_system\views\pages\saleslist.php:149
[2025-01-06 02:12:09] Error: [2] Undefined array key "Description" - C:\Users\jesma\Desktop\inventory_system\yros-main\inventory_system\views\pages\saleslist.php:148
[2025-01-06 02:12:09] Error: [2] Undefined array key "Image" - C:\Users\jesma\Desktop\inventory_system\yros-main\inventory_system\views\pages\saleslist.php:149
[2025-01-06 02:12:09] Error: [2] Undefined array key "Description" - C:\Users\jesma\Desktop\inventory_system\yros-main\inventory_system\views\pages\saleslist.php:148
[2025-01-06 02:12:09] Error: [2] Undefined array key "Image" - C:\Users\jesma\Desktop\inventory_system\yros-main\inventory_system\views\pages\saleslist.php:149
[2025-01-06 02:12:11] Error: [2] Array to string conversion - C:\Users\jesma\Desktop\inventory_system\yros-main\inventory_system\views\pages\dashboard.php:39
[2025-01-06 02:12:11] Error: [2] Array to string conversion - C:\Users\jesma\Desktop\inventory_system\yros-main\inventory_system\views\pages\dashboard.php:158
[2025-01-06 02:12:43] Error: [2] Undefined variable $tax - C:\Users\jesma\Desktop\inventory_system\yros-main\inventory_system\views\pages\checkout.php:605
[2025-01-06 02:12:49] Error: [2] Undefined array key "Product_id" - C:\Users\jesma\Desktop\inventory_system\yros-main\inventory_system\views\pages\checkout.php:537
[2025-01-06 02:12:49] Error: [2] Undefined array key "satatus" - C:\Users\jesma\Desktop\inventory_system\yros-main\inventory_system\views\pages\checkout.php:539
[2025-01-06 02:12:49] Error: [2] Undefined variable $tax - C:\Users\jesma\Desktop\inventory_system\yros-main\inventory_system\views\pages\checkout.php:605
[2025-01-06 02:12:55] Error: [2] Undefined array key "Product_id" - C:\Users\jesma\Desktop\inventory_system\yros-main\inventory_system\views\pages\checkout.php:537
[2025-01-06 02:12:55] Error: [2] Undefined array key "satatus" - C:\Users\jesma\Desktop\inventory_system\yros-main\inventory_system\views\pages\checkout.php:539
[2025-01-06 02:12:55] Error: [2] Undefined array key "Product_id" - C:\Users\jesma\Desktop\inventory_system\yros-main\inventory_system\views\pages\checkout.php:537
[2025-01-06 02:12:55] Error: [2] Undefined array key "satatus" - C:\Users\jesma\Desktop\inventory_system\yros-main\inventory_system\views\pages\checkout.php:539
[2025-01-06 02:12:55] Error: [2] Undefined variable $tax - C:\Users\jesma\Desktop\inventory_system\yros-main\inventory_system\views\pages\checkout.php:605
[2025-01-06 02:13:40] Error: [2] Undefined variable $tax - C:\Users\jesma\Desktop\inventory_system\yros-main\inventory_system\views\pages\checkout.php:605
[2025-01-06 02:13:49] Error: [2] Array to string conversion - C:\Users\jesma\Desktop\inventory_system\yros-main\inventory_system\views\pages\dashboard.php:39
[2025-01-06 02:13:49] Error: [2] Array to string conversion - C:\Users\jesma\Desktop\inventory_system\yros-main\inventory_system\views\pages\dashboard.php:158
[2025-01-06 02:15:22] Error: [2] include(topbar.php): Failed to open stream: No such file or directory - C:\Users\jesma\Desktop\inventory_system\yros-main\inventory_system\views\pages\bulliten.php:12
[2025-01-06 02:15:22] Error: [2] include(): Failed opening 'topbar.php' for inclusion (include_path='C:\xampp\php\PEAR') - C:\Users\jesma\Desktop\inventory_system\yros-main\inventory_system\views\pages\bulliten.php:12
[2025-01-06 02:15:22] Error: [2] include(sidebar.php): Failed to open stream: No such file or directory - C:\Users\jesma\Desktop\inventory_system\yros-main\inventory_system\views\pages\bulliten.php:18
[2025-01-06 02:15:22] Error: [2] include(): Failed opening 'sidebar.php' for inclusion (include_path='C:\xampp\php\PEAR') - C:\Users\jesma\Desktop\inventory_system\yros-main\inventory_system\views\pages\bulliten.php:18
[2025-01-06 02:17:32] Error: [2] Array to string conversion - C:\Users\jesma\Desktop\inventory_system\yros-main\inventory_system\views\pages\dashboard.php:39
[2025-01-06 02:17:32] Error: [2] Array to string conversion - C:\Users\jesma\Desktop\inventory_system\yros-main\inventory_system\views\pages\dashboard.php:158
[2025-01-06 07:50:06] Error: [2] include(topbar.php): Failed to open stream: No such file or directory - C:\Users\jesma\Desktop\inventory_system\yros-main\inventory_system\views\pages\bulliten.php:12
[2025-01-06 07:50:06] Error: [2] include(): Failed opening 'topbar.php' for inclusion (include_path='C:\xampp\php\PEAR') - C:\Users\jesma\Desktop\inventory_system\yros-main\inventory_system\views\pages\bulliten.php:12
[2025-01-06 07:50:06] Error: [2] include(sidebar.php): Failed to open stream: No such file or directory - C:\Users\jesma\Desktop\inventory_system\yros-main\inventory_system\views\pages\bulliten.php:18
[2025-01-06 07:50:06] Error: [2] include(): Failed opening 'sidebar.php' for inclusion (include_path='C:\xampp\php\PEAR') - C:\Users\jesma\Desktop\inventory_system\yros-main\inventory_system\views\pages\bulliten.php:18
[2025-01-06 08:13:12] Error: [2] Undefined array key "login" - C:\Users\jesma\Desktop\inventory_system\yros-main\inventory_system\app\auto\autorun.php:7
